{"numTotalTestSuites":182,"numPassedTestSuites":157,"numFailedTestSuites":25,"numPendingTestSuites":0,"numTotalTests":370,"numPassedTests":352,"numFailedTests":18,"numPendingTests":0,"numTodoTests":0,"snapshot":{"added":0,"failure":false,"filesAdded":0,"filesRemoved":0,"filesRemovedList":[],"filesUnmatched":1,"filesUpdated":0,"matched":0,"total":1,"unchecked":0,"uncheckedKeysByFile":[],"unmatched":1,"updated":0,"didUpdate":false},"startTime":1776473900831,"success":false,"testResults":[{"assertionResults":[{"ancestorTitles":["TokenCompiler","Token Reference Resolution"],"fullName":"TokenCompiler Token Reference Resolution should resolve simple primitive color references","status":"passed","title":"should resolve simple primitive color references","duration":4.123199999998178,"failureMessages":[],"meta":{}},{"ancestorTitles":["TokenCompiler","Token Reference Resolution"],"fullName":"TokenCompiler Token Reference Resolution should resolve nested token references","status":"passed","title":"should resolve nested token references","duration":1.1415999999990163,"failureMessages":[],"meta":{}},{"ancestorTitles":["TokenCompiler","Token Reference Resolution"],"fullName":"TokenCompiler Token Reference Resolution should resolve spacing scale references","status":"passed","title":"should resolve spacing scale references","duration":1.5889999999999418,"failureMessages":[],"meta":{}},{"ancestorTitles":["TokenCompiler","Token Reference Resolution"],"fullName":"TokenCompiler Token Reference Resolution should resolve animation duration references","status":"passed","title":"should resolve animation duration references","duration":0.8008000000008906,"failureMessages":[],"meta":{}},{"ancestorTitles":["TokenCompiler","Token Reference Resolution"],"fullName":"TokenCompiler Token Reference Resolution should resolve animation easing references","status":"passed","title":"should resolve animation easing references","duration":0.8637999999991735,"failureMessages":[],"meta":{}},{"ancestorTitles":["TokenCompiler","Token Reference Resolution"],"fullName":"TokenCompiler Token Reference Resolution should handle multiple references in a single value","status":"passed","title":"should handle multiple references in a single value","duration":0.9743999999991502,"failureMessages":[],"meta":{}},{"ancestorTitles":["TokenCompiler","Token Reference Resolution"],"fullName":"TokenCompiler Token Reference Resolution should return original value if reference cannot be resolved","status":"passed","title":"should return original value if reference cannot be resolved","duration":7.340800000001764,"failureMessages":[],"meta":{}},{"ancestorTitles":["TokenCompiler","Token Reference Resolution"],"fullName":"TokenCompiler Token Reference Resolution should handle non-string values","status":"passed","title":"should handle non-string values","duration":0.4602999999988242,"failureMessages":[],"meta":{}},{"ancestorTitles":["TokenCompiler","Token Reference Resolution"],"fullName":"TokenCompiler Token Reference Resolution should handle values without references","status":"passed","title":"should handle values without references","duration":0.7373999999981606,"failureMessages":[],"meta":{}},{"ancestorTitles":["TokenCompiler","CSS Variable Generation"],"fullName":"TokenCompiler CSS Variable Generation should generate CSS variables for primitive colors","status":"passed","title":"should generate CSS variables for primitive colors","duration":1.8230000000003201,"failureMessages":[],"meta":{}},{"ancestorTitles":["TokenCompiler","CSS Variable Generation"],"fullName":"TokenCompiler CSS Variable Generation should generate CSS variables for semantic colors in light mode","status":"passed","title":"should generate CSS variables for semantic colors in light mode","duration":0.8118999999969674,"failureMessages":[],"meta":{}},{"ancestorTitles":["TokenCompiler","CSS Variable Generation"],"fullName":"TokenCompiler CSS Variable Generation should generate CSS variables for typography tokens","status":"passed","title":"should generate CSS variables for typography tokens","duration":0.7069999999985157,"failureMessages":[],"meta":{}},{"ancestorTitles":["TokenCompiler","CSS Variable Generation"],"fullName":"TokenCompiler CSS Variable Generation should generate CSS variables for spacing scale","status":"passed","title":"should generate CSS variables for spacing scale","duration":0.5854999999974098,"failureMessages":[],"meta":{}},{"ancestorTitles":["TokenCompiler","CSS Variable Generation"],"fullName":"TokenCompiler CSS Variable Generation should generate CSS variables for semantic spacing with nested values","status":"passed","title":"should generate CSS variables for semantic spacing with nested values","duration":1.387800000000425,"failureMessages":[],"meta":{}},{"ancestorTitles":["TokenCompiler","CSS Variable Generation"],"fullName":"TokenCompiler CSS Variable Generation should generate CSS variables for shadows with light mode","status":"passed","title":"should generate CSS variables for shadows with light mode","duration":0.8254000000015367,"failureMessages":[],"meta":{}},{"ancestorTitles":["TokenCompiler","CSS Variable Generation"],"fullName":"TokenCompiler CSS Variable Generation should generate CSS variables for border radii","status":"passed","title":"should generate CSS variables for border radii","duration":0.6838999999999942,"failureMessages":[],"meta":{}},{"ancestorTitles":["TokenCompiler","CSS Variable Generation"],"fullName":"TokenCompiler CSS Variable Generation should generate CSS variables for animations","status":"passed","title":"should generate CSS variables for animations","duration":1.3130999999993946,"failureMessages":[],"meta":{}},{"ancestorTitles":["TokenCompiler","CSS Variable Generation"],"fullName":"TokenCompiler CSS Variable Generation should wrap output in :root selector","status":"passed","title":"should wrap output in :root selector","duration":0.49169999999867287,"failureMessages":[],"meta":{}},{"ancestorTitles":["TokenCompiler","CSS Variable Generation"],"fullName":"TokenCompiler CSS Variable Generation should include header comments","status":"passed","title":"should include header comments","duration":0.394799999998213,"failureMessages":[],"meta":{}},{"ancestorTitles":["TokenCompiler","Light/Dark Mode Output"],"fullName":"TokenCompiler Light/Dark Mode Output should generate dark mode overrides for semantic colors","status":"passed","title":"should generate dark mode overrides for semantic colors","duration":0.7525000000023283,"failureMessages":[],"meta":{}},{"ancestorTitles":["TokenCompiler","Light/Dark Mode Output"],"fullName":"TokenCompiler Light/Dark Mode Output should generate dark mode overrides for backgrounds","status":"passed","title":"should generate dark mode overrides for backgrounds","duration":1.174699999999575,"failureMessages":[],"meta":{}},{"ancestorTitles":["TokenCompiler","Light/Dark Mode Output"],"fullName":"TokenCompiler Light/Dark Mode Output should generate dark mode overrides for shadows","status":"passed","title":"should generate dark mode overrides for shadows","duration":10.516999999999825,"failureMessages":[],"meta":{}},{"ancestorTitles":["TokenCompiler","Light/Dark Mode Output"],"fullName":"TokenCompiler Light/Dark Mode Output should handle tokens with only light mode values","status":"passed","title":"should handle tokens with only light mode values","duration":0.6463000000003376,"failureMessages":[],"meta":{}},{"ancestorTitles":["TokenCompiler","Light/Dark Mode Output"],"fullName":"TokenCompiler Light/Dark Mode Output should resolve references in both light and dark mode","status":"passed","title":"should resolve references in both light and dark mode","duration":2.3959999999970023,"failureMessages":[],"meta":{}},{"ancestorTitles":["TokenCompiler","Light/Dark Mode Output"],"fullName":"TokenCompiler Light/Dark Mode Output should handle status colors with value, light, and dark properties","status":"passed","title":"should handle status colors with value, light, and dark properties","duration":0.9196000000010827,"failureMessages":[],"meta":{}},{"ancestorTitles":["TokenCompiler","Integration Tests"],"fullName":"TokenCompiler Integration Tests should handle complete color token structure","status":"passed","title":"should handle complete color token structure","duration":0.8722000000016124,"failureMessages":[],"meta":{}},{"ancestorTitles":["TokenCompiler","Integration Tests"],"fullName":"TokenCompiler Integration Tests should handle complete spacing token structure","status":"passed","title":"should handle complete spacing token structure","duration":0.6640999999981432,"failureMessages":[],"meta":{}},{"ancestorTitles":["TokenCompiler","Integration Tests"],"fullName":"TokenCompiler Integration Tests should handle animation tokens with nested semantic values","status":"passed","title":"should handle animation tokens with nested semantic values","duration":0.36349999999947613,"failureMessages":[],"meta":{}}],"startTime":1776473927382,"endTime":1776473927430.3635,"status":"passed","message":"","name":"C:/Users/pc/Desktop/khedma-tn/design-system/build/token-compiler.test.js"},{"assertionResults":[{"ancestorTitles":["TokenAuditor - Pattern Matching","Inconsistent Naming Detection"],"fullName":"TokenAuditor - Pattern Matching Inconsistent Naming Detection should detect --workspace-primary pattern","status":"passed","title":"should detect --workspace-primary pattern","duration":5.692399999999907,"failureMessages":[],"meta":{}},{"ancestorTitles":["TokenAuditor - Pattern Matching","Inconsistent Naming Detection"],"fullName":"TokenAuditor - Pattern Matching Inconsistent Naming Detection should detect --text-primary pattern","status":"passed","title":"should detect --text-primary pattern","duration":0.9354999999995925,"failureMessages":[],"meta":{}},{"ancestorTitles":["TokenAuditor - Pattern Matching","Inconsistent Naming Detection"],"fullName":"TokenAuditor - Pattern Matching Inconsistent Naming Detection should detect --page-bg pattern","status":"passed","title":"should detect --page-bg pattern","duration":1.0293999999994412,"failureMessages":[],"meta":{}},{"ancestorTitles":["TokenAuditor - Pattern Matching","Inconsistent Naming Detection"],"fullName":"TokenAuditor - Pattern Matching Inconsistent Naming Detection should detect multiple inconsistent tokens on same line","status":"passed","title":"should detect multiple inconsistent tokens on same line","duration":1.1489000000001397,"failureMessages":[],"meta":{}},{"ancestorTitles":["TokenAuditor - Pattern Matching","Inconsistent Naming Detection"],"fullName":"TokenAuditor - Pattern Matching Inconsistent Naming Detection should have correct suggestions for inconsistent tokens","status":"passed","title":"should have correct suggestions for inconsistent tokens","duration":0.8689999999987776,"failureMessages":[],"meta":{}},{"ancestorTitles":["TokenAuditor - Pattern Matching","Deprecated Token Detection"],"fullName":"TokenAuditor - Pattern Matching Deprecated Token Detection should detect --dark-950 deprecated token","status":"passed","title":"should detect --dark-950 deprecated token","duration":0.5300999999999476,"failureMessages":[],"meta":{}},{"ancestorTitles":["TokenAuditor - Pattern Matching","Deprecated Token Detection"],"fullName":"TokenAuditor - Pattern Matching Deprecated Token Detection should detect --dark-800 deprecated token","status":"passed","title":"should detect --dark-800 deprecated token","duration":0.6270000000004075,"failureMessages":[],"meta":{}},{"ancestorTitles":["TokenAuditor - Pattern Matching","Deprecated Token Detection"],"fullName":"TokenAuditor - Pattern Matching Deprecated Token Detection should have correct replacements for deprecated tokens","status":"passed","title":"should have correct replacements for deprecated tokens","duration":0.688399999999092,"failureMessages":[],"meta":{}},{"ancestorTitles":["TokenAuditor - Pattern Matching","Undefined Token Detection"],"fullName":"TokenAuditor - Pattern Matching Undefined Token Detection should detect custom undefined tokens","status":"passed","title":"should detect custom undefined tokens","duration":1.0403999999980442,"failureMessages":[],"meta":{}},{"ancestorTitles":["TokenAuditor - Pattern Matching","Undefined Token Detection"],"fullName":"TokenAuditor - Pattern Matching Undefined Token Detection should extract token name from var() usage","status":"passed","title":"should extract token name from var() usage","duration":0.43210000000181026,"failureMessages":[],"meta":{}},{"ancestorTitles":["TokenAuditor - Pattern Matching","Undefined Token Detection"],"fullName":"TokenAuditor - Pattern Matching Undefined Token Detection should skip Tailwind internal tokens","status":"passed","title":"should skip Tailwind internal tokens","duration":0.25729999999748543,"failureMessages":[],"meta":{}},{"ancestorTitles":["TokenAuditor - Pattern Matching","Report Generation Logic"],"fullName":"TokenAuditor - Pattern Matching Report Generation Logic should group issues by token name","status":"passed","title":"should group issues by token name","duration":1.2106000000021595,"failureMessages":[],"meta":{}},{"ancestorTitles":["TokenAuditor - Pattern Matching","Report Generation Logic"],"fullName":"TokenAuditor - Pattern Matching Report Generation Logic should track token usage statistics","status":"passed","title":"should track token usage statistics","duration":0.6194999999970605,"failureMessages":[],"meta":{}},{"ancestorTitles":["TokenAuditor - Pattern Matching","Report Generation Logic"],"fullName":"TokenAuditor - Pattern Matching Report Generation Logic should sort token usage by frequency","status":"passed","title":"should sort token usage by frequency","duration":0.7108000000007451,"failureMessages":[],"meta":{}},{"ancestorTitles":["TokenAuditor - Pattern Matching","Report Generation Logic"],"fullName":"TokenAuditor - Pattern Matching Report Generation Logic should calculate statistics correctly","status":"passed","title":"should calculate statistics correctly","duration":0.6608000000014727,"failureMessages":[],"meta":{}},{"ancestorTitles":["TokenAuditor - Pattern Matching","Report Generation Logic"],"fullName":"TokenAuditor - Pattern Matching Report Generation Logic should format issue sections correctly","status":"passed","title":"should format issue sections correctly","duration":0.5178999999989173,"failureMessages":[],"meta":{}},{"ancestorTitles":["TokenAuditor - Pattern Matching","Token Loading Logic"],"fullName":"TokenAuditor - Pattern Matching Token Loading Logic should extract token names from nested structure","status":"passed","title":"should extract token names from nested structure","duration":0.7283999999999651,"failureMessages":[],"meta":{}},{"ancestorTitles":["TokenAuditor - Pattern Matching","Token Loading Logic"],"fullName":"TokenAuditor - Pattern Matching Token Loading Logic should handle nested token structure with light/dark modes","status":"passed","title":"should handle nested token structure with light/dark modes","duration":0.9261000000005879,"failureMessages":[],"meta":{}}],"startTime":1776473929488,"endTime":1776473929508.926,"status":"passed","message":"","name":"C:/Users/pc/Desktop/khedma-tn/design-system/scripts/audit-tokens.test.js"},{"assertionResults":[{"ancestorTitles":["design token compliance gate"],"fullName":"design token compliance gate detects legacy CSS variable usage on added lines","status":"passed","title":"detects legacy CSS variable usage on added lines","duration":7.3576000000030035,"failureMessages":[],"meta":{}},{"ancestorTitles":["design token compliance gate"],"fullName":"design token compliance gate detects hardcoded Tailwind color utilities on added lines","status":"passed","title":"detects hardcoded Tailwind color utilities on added lines","duration":1.758399999998801,"failureMessages":[],"meta":{}},{"ancestorTitles":["design token compliance gate"],"fullName":"design token compliance gate parses git diffs and ignores removed lines and test files","status":"passed","title":"parses git diffs and ignores removed lines and test files","duration":5.66280000000188,"failureMessages":[],"meta":{}},{"ancestorTitles":["design token compliance gate"],"fullName":"design token compliance gate scans only production style-bearing source files","status":"passed","title":"scans only production style-bearing source files","duration":22.496399999999994,"failureMessages":[],"meta":{}}],"startTime":1776473930439,"endTime":1776473930476.4963,"status":"passed","message":"","name":"C:/Users/pc/Desktop/khedma-tn/design-system/scripts/check-token-compliance.test.js"},{"assertionResults":[{"ancestorTitles":["ColorMigrator - Pattern Matching","Hardcoded Color Detection"],"fullName":"ColorMigrator - Pattern Matching Hardcoded Color Detection should detect text-gray-900 color class","status":"passed","title":"should detect text-gray-900 color class","duration":6.199000000000524,"failureMessages":[],"meta":{}},{"ancestorTitles":["ColorMigrator - Pattern Matching","Hardcoded Color Detection"],"fullName":"ColorMigrator - Pattern Matching Hardcoded Color Detection should detect bg-primary-600 color class","status":"passed","title":"should detect bg-primary-600 color class","duration":0.7526999999972759,"failureMessages":[],"meta":{}},{"ancestorTitles":["ColorMigrator - Pattern Matching","Hardcoded Color Detection"],"fullName":"ColorMigrator - Pattern Matching Hardcoded Color Detection should detect border-gray-300 color class","status":"passed","title":"should detect border-gray-300 color class","duration":1.1725999999980559,"failureMessages":[],"meta":{}},{"ancestorTitles":["ColorMigrator - Pattern Matching","Hardcoded Color Detection"],"fullName":"ColorMigrator - Pattern Matching Hardcoded Color Detection should detect multiple color classes on same line","status":"passed","title":"should detect multiple color classes on same line","duration":0.6941999999980908,"failureMessages":[],"meta":{}},{"ancestorTitles":["ColorMigrator - Pattern Matching","Hardcoded Color Detection"],"fullName":"ColorMigrator - Pattern Matching Hardcoded Color Detection should detect status colors (red, green, amber)","status":"passed","title":"should detect status colors (red, green, amber)","duration":1.8289000000004307,"failureMessages":[],"meta":{}},{"ancestorTitles":["ColorMigrator - Pattern Matching","Hardcoded Color Detection"],"fullName":"ColorMigrator - Pattern Matching Hardcoded Color Detection should detect slate color classes","status":"passed","title":"should detect slate color classes","duration":2.1049999999995634,"failureMessages":[],"meta":{}},{"ancestorTitles":["ColorMigrator - Pattern Matching","Hardcoded Color Detection"],"fullName":"ColorMigrator - Pattern Matching Hardcoded Color Detection should detect zinc color classes","status":"passed","title":"should detect zinc color classes","duration":1.2936999999983527,"failureMessages":[],"meta":{}},{"ancestorTitles":["ColorMigrator - Pattern Matching","Hardcoded Color Detection"],"fullName":"ColorMigrator - Pattern Matching Hardcoded Color Detection should not detect non-color classes","status":"passed","title":"should not detect non-color classes","duration":0.6132999999972526,"failureMessages":[],"meta":{}},{"ancestorTitles":["ColorMigrator - Pattern Matching","Replacement Logic"],"fullName":"ColorMigrator - Pattern Matching Replacement Logic should have correct replacement for text-gray-900","status":"passed","title":"should have correct replacement for text-gray-900","duration":0.50879999999961,"failureMessages":[],"meta":{}},{"ancestorTitles":["ColorMigrator - Pattern Matching","Replacement Logic"],"fullName":"ColorMigrator - Pattern Matching Replacement Logic should have correct replacement for bg-primary-600","status":"passed","title":"should have correct replacement for bg-primary-600","duration":0.3778999999994994,"failureMessages":[],"meta":{}},{"ancestorTitles":["ColorMigrator - Pattern Matching","Replacement Logic"],"fullName":"ColorMigrator - Pattern Matching Replacement Logic should have correct replacement for status colors","status":"passed","title":"should have correct replacement for status colors","duration":0.41499999999723514,"failureMessages":[],"meta":{}},{"ancestorTitles":["ColorMigrator - Pattern Matching","Replacement Logic"],"fullName":"ColorMigrator - Pattern Matching Replacement Logic should apply replacement to line content","status":"passed","title":"should apply replacement to line content","duration":0.7733000000007451,"failureMessages":[],"meta":{}},{"ancestorTitles":["ColorMigrator - Pattern Matching","Replacement Logic"],"fullName":"ColorMigrator - Pattern Matching Replacement Logic should handle multiple replacements on same line","status":"passed","title":"should handle multiple replacements on same line","duration":0.48949999999967986,"failureMessages":[],"meta":{}},{"ancestorTitles":["ColorMigrator - Pattern Matching","Report Generation Logic"],"fullName":"ColorMigrator - Pattern Matching Report Generation Logic should format issue with line and column","status":"passed","title":"should format issue with line and column","duration":0.5451999999968393,"failureMessages":[],"meta":{}},{"ancestorTitles":["ColorMigrator - Pattern Matching","Report Generation Logic"],"fullName":"ColorMigrator - Pattern Matching Report Generation Logic should group issues by file","status":"passed","title":"should group issues by file","duration":1.0586000000002969,"failureMessages":[],"meta":{}},{"ancestorTitles":["ColorMigrator - Pattern Matching","Report Generation Logic"],"fullName":"ColorMigrator - Pattern Matching Report Generation Logic should calculate statistics correctly","status":"passed","title":"should calculate statistics correctly","duration":0.9290000000000873,"failureMessages":[],"meta":{}}],"startTime":1776473930145,"endTime":1776473930166.929,"status":"passed","message":"","name":"C:/Users/pc/Desktop/khedma-tn/design-system/scripts/migrate-colors.test.js"},{"assertionResults":[{"ancestorTitles":["Test Infrastructure"],"fullName":"Test Infrastructure should run tests successfully","status":"passed","title":"should run tests successfully","duration":2.6284000000014203,"failureMessages":[],"meta":{}},{"ancestorTitles":["Test Infrastructure"],"fullName":"Test Infrastructure should perform basic arithmetic","status":"passed","title":"should perform basic arithmetic","duration":0.4808999999986554,"failureMessages":[],"meta":{}},{"ancestorTitles":["Test Infrastructure"],"fullName":"Test Infrastructure should handle arrays","status":"passed","title":"should handle arrays","duration":4.749400000000605,"failureMessages":[],"meta":{}},{"ancestorTitles":["Test Infrastructure"],"fullName":"Test Infrastructure should handle objects","status":"passed","title":"should handle objects","duration":1.1474999999991269,"failureMessages":[],"meta":{}},{"ancestorTitles":["Test Infrastructure"],"fullName":"Test Infrastructure should have jest-dom matchers available","status":"passed","title":"should have jest-dom matchers available","duration":1.0822000000007392,"failureMessages":[],"meta":{}}],"startTime":1776473932628,"endTime":1776473932638.0823,"status":"passed","message":"","name":"C:/Users/pc/Desktop/khedma-tn/src/test/infrastructure.test.ts"},{"assertionResults":[{"ancestorTitles":["Jobs Service"],"fullName":"Jobs Service getJobs calls supabase with default filters","status":"passed","title":"getJobs calls supabase with default filters","duration":7.306599999999889,"failureMessages":[],"meta":{}},{"ancestorTitles":["Jobs Service"],"fullName":"Jobs Service getJobs applies category filter","status":"passed","title":"getJobs applies category filter","duration":1.7479999999995925,"failureMessages":[],"meta":{}},{"ancestorTitles":["Jobs Service"],"fullName":"Jobs Service getJobById fetches single job with client join","status":"passed","title":"getJobById fetches single job with client join","duration":8.355100000000675,"failureMessages":[],"meta":{}},{"ancestorTitles":["Jobs Service"],"fullName":"Jobs Service incrementJobViews uses the atomic rpc instead of client-side updates","status":"passed","title":"incrementJobViews uses the atomic rpc instead of client-side updates","duration":6.961699999999837,"failureMessages":[],"meta":{}},{"ancestorTitles":["Jobs Service"],"fullName":"Jobs Service createJob inserts with open status","status":"passed","title":"createJob inserts with open status","duration":1.2027999999991152,"failureMessages":[],"meta":{}},{"ancestorTitles":["Proposals Service"],"fullName":"Proposals Service getMyProposal queries by job and freelancer","status":"passed","title":"getMyProposal queries by job and freelancer","duration":0.6504000000022643,"failureMessages":[],"meta":{}},{"ancestorTitles":["Proposals Service"],"fullName":"Proposals Service withdrawProposal deletes pending proposal","status":"passed","title":"withdrawProposal deletes pending proposal","duration":0.5115000000005239,"failureMessages":[],"meta":{}},{"ancestorTitles":["Profiles Service"],"fullName":"Profiles Service getProfileById fetches single profile","status":"passed","title":"getProfileById fetches single profile","duration":0.5718000000015309,"failureMessages":[],"meta":{}},{"ancestorTitles":["Profiles Service"],"fullName":"Profiles Service updateProfile includes updated_at","status":"passed","title":"updateProfile includes updated_at","duration":0.9320000000006985,"failureMessages":[],"meta":{}},{"ancestorTitles":["Profiles Service"],"fullName":"Profiles Service toggleFavorite inserts when not saved","status":"passed","title":"toggleFavorite inserts when not saved","duration":1.0320000000028813,"failureMessages":[],"meta":{}},{"ancestorTitles":["Profiles Service"],"fullName":"Profiles Service toggleFavorite deletes when saved","status":"passed","title":"toggleFavorite deletes when saved","duration":0.6667000000015832,"failureMessages":[],"meta":{}},{"ancestorTitles":["Notifications Service"],"fullName":"Notifications Service getNotifications fetches with limit","status":"passed","title":"getNotifications fetches with limit","duration":0.5524000000004889,"failureMessages":[],"meta":{}},{"ancestorTitles":["Notifications Service"],"fullName":"Notifications Service markAllRead updates unread notifications","status":"passed","title":"markAllRead updates unread notifications","duration":0.41159999999945285,"failureMessages":[],"meta":{}},{"ancestorTitles":["Reviews Service"],"fullName":"Reviews Service submitReview uses the atomic review RPC","status":"passed","title":"submitReview uses the atomic review RPC","duration":0.820400000000518,"failureMessages":[],"meta":{}}],"startTime":1776473930801,"endTime":1776473930833.8203,"status":"passed","message":"","name":"C:/Users/pc/Desktop/khedma-tn/src/test/services.test.ts"},{"assertionResults":[{"ancestorTitles":["AuthContext","Initial State"],"fullName":"AuthContext Initial State should start with loading state","status":"passed","title":"should start with loading state","duration":102.16539999999804,"failureMessages":[],"meta":{}},{"ancestorTitles":["AuthContext","Initial State"],"fullName":"AuthContext Initial State should have no user when not authenticated","status":"passed","title":"should have no user when not authenticated","duration":24.76039999999921,"failureMessages":[],"meta":{}},{"ancestorTitles":["AuthContext","Initial State"],"fullName":"AuthContext Initial State should provide all auth methods","status":"passed","title":"should provide all auth methods","duration":31.613499999999476,"failureMessages":[],"meta":{}},{"ancestorTitles":["AuthContext","useAuth Hook"],"fullName":"AuthContext useAuth Hook should throw error when used outside AuthProvider","status":"passed","title":"should throw error when used outside AuthProvider","duration":17.74619999999777,"failureMessages":[],"meta":{}},{"ancestorTitles":["AuthContext","Authentication Flow"],"fullName":"AuthContext Authentication Flow should call signInWithPassword on signInWithEmail","status":"passed","title":"should call signInWithPassword on signInWithEmail","duration":55.175999999999476,"failureMessages":[],"meta":{}},{"ancestorTitles":["AuthContext","Authentication Flow"],"fullName":"AuthContext Authentication Flow should call signUp on signUpWithEmail","status":"passed","title":"should call signUp on signUpWithEmail","duration":11.224999999998545,"failureMessages":[],"meta":{}},{"ancestorTitles":["AuthContext","Authentication Flow"],"fullName":"AuthContext Authentication Flow should prepend +216 to phone if not present","status":"passed","title":"should prepend +216 to phone if not present","duration":15.86409999999887,"failureMessages":[],"meta":{}},{"ancestorTitles":["AuthContext","Authentication Flow"],"fullName":"AuthContext Authentication Flow should not add +216 if already present","status":"passed","title":"should not add +216 if already present","duration":15.247800000001007,"failureMessages":[],"meta":{}},{"ancestorTitles":["AuthContext","Sign Out"],"fullName":"AuthContext Sign Out should clear user state on sign out","status":"passed","title":"should clear user state on sign out","duration":43.119699999999284,"failureMessages":[],"meta":{}},{"ancestorTitles":["AuthContext","Profile Operations"],"fullName":"AuthContext Profile Operations should throw error when updating profile without user","status":"passed","title":"should throw error when updating profile without user","duration":21.717599999999948,"failureMessages":[],"meta":{}},{"ancestorTitles":["AuthContext","OTP Verification"],"fullName":"AuthContext OTP Verification should call verifyOtp with correct parameters","status":"passed","title":"should call verifyOtp with correct parameters","duration":22.027899999997317,"failureMessages":[],"meta":{}},{"ancestorTitles":["AuthContext","OTP Verification"],"fullName":"AuthContext OTP Verification should handle full phone number in verifyOtp","status":"passed","title":"should handle full phone number in verifyOtp","duration":30.556799999998475,"failureMessages":[],"meta":{}}],"startTime":1776473920512,"endTime":1776473920905.557,"status":"passed","message":"","name":"C:/Users/pc/Desktop/khedma-tn/src/contexts/__tests__/AuthContext.test.tsx"},{"assertionResults":[{"ancestorTitles":["ThemeContext","localStorage persistence"],"fullName":"ThemeContext localStorage persistence should save theme to localStorage when theme changes","status":"passed","title":"should save theme to localStorage when theme changes","duration":104.91389999999956,"failureMessages":[],"meta":{}},{"ancestorTitles":["ThemeContext","localStorage persistence"],"fullName":"ThemeContext localStorage persistence should load theme from localStorage on initialization","status":"passed","title":"should load theme from localStorage on initialization","duration":11.206200000000536,"failureMessages":[],"meta":{}},{"ancestorTitles":["ThemeContext","localStorage persistence"],"fullName":"ThemeContext localStorage persistence should persist light theme to localStorage","status":"passed","title":"should persist light theme to localStorage","duration":32.94300000000294,"failureMessages":[],"meta":{}},{"ancestorTitles":["ThemeContext","localStorage persistence"],"fullName":"ThemeContext localStorage persistence should update localStorage when toggling between themes","status":"passed","title":"should update localStorage when toggling between themes","duration":16.000299999999697,"failureMessages":[],"meta":{}},{"ancestorTitles":["ThemeContext","system preference detection"],"fullName":"ThemeContext system preference detection should default to light theme when no localStorage and no system preference","status":"passed","title":"should default to light theme when no localStorage and no system preference","duration":8.664899999999761,"failureMessages":[],"meta":{}},{"ancestorTitles":["ThemeContext","system preference detection"],"fullName":"ThemeContext system preference detection should default to dark theme when system prefers dark mode","status":"passed","title":"should default to dark theme when system prefers dark mode","duration":10.764999999999418,"failureMessages":[],"meta":{}},{"ancestorTitles":["ThemeContext","system preference detection"],"fullName":"ThemeContext system preference detection should prioritize localStorage over system preference","status":"passed","title":"should prioritize localStorage over system preference","duration":5.93579999999929,"failureMessages":[],"meta":{}},{"ancestorTitles":["ThemeContext","system preference detection"],"fullName":"ThemeContext system preference detection should listen for system theme changes when no explicit preference","status":"passed","title":"should listen for system theme changes when no explicit preference","duration":15.355899999998655,"failureMessages":[],"meta":{}},{"ancestorTitles":["ThemeContext","system preference detection"],"fullName":"ThemeContext system preference detection should not follow system theme changes when user has explicit preference","status":"passed","title":"should not follow system theme changes when user has explicit preference","duration":9.809799999999086,"failureMessages":[],"meta":{}},{"ancestorTitles":["ThemeContext","system preference detection"],"fullName":"ThemeContext system preference detection should register and cleanup system theme change listener","status":"passed","title":"should register and cleanup system theme change listener","duration":6.059000000001106,"failureMessages":[],"meta":{}},{"ancestorTitles":["ThemeContext","class toggle functionality"],"fullName":"ThemeContext class toggle functionality should add dark class to document element when theme is dark","status":"passed","title":"should add dark class to document element when theme is dark","duration":11.162199999998847,"failureMessages":[],"meta":{}},{"ancestorTitles":["ThemeContext","class toggle functionality"],"fullName":"ThemeContext class toggle functionality should remove dark class from document element when theme is light","status":"passed","title":"should remove dark class from document element when theme is light","duration":5.56880000000092,"failureMessages":[],"meta":{}},{"ancestorTitles":["ThemeContext","class toggle functionality"],"fullName":"ThemeContext class toggle functionality should apply dark class on initial load when localStorage has dark theme","status":"passed","title":"should apply dark class on initial load when localStorage has dark theme","duration":13.854699999999866,"failureMessages":[],"meta":{}},{"ancestorTitles":["ThemeContext","class toggle functionality"],"fullName":"ThemeContext class toggle functionality should not have dark class on initial load when localStorage has light theme","status":"passed","title":"should not have dark class on initial load when localStorage has light theme","duration":7.940200000000914,"failureMessages":[],"meta":{}},{"ancestorTitles":["ThemeContext","class toggle functionality"],"fullName":"ThemeContext class toggle functionality should toggle dark class correctly when toggling theme multiple times","status":"passed","title":"should toggle dark class correctly when toggling theme multiple times","duration":9.634099999999307,"failureMessages":[],"meta":{}},{"ancestorTitles":["ThemeContext","toggleTheme function"],"fullName":"ThemeContext toggleTheme function should toggle from light to dark","status":"passed","title":"should toggle from light to dark","duration":14.483399999997346,"failureMessages":[],"meta":{}},{"ancestorTitles":["ThemeContext","toggleTheme function"],"fullName":"ThemeContext toggleTheme function should toggle from dark to light","status":"passed","title":"should toggle from dark to light","duration":5.221899999996822,"failureMessages":[],"meta":{}},{"ancestorTitles":["ThemeContext","useTheme hook"],"fullName":"ThemeContext useTheme hook should throw error when used outside ThemeProvider","status":"passed","title":"should throw error when used outside ThemeProvider","duration":25.25669999999809,"failureMessages":[],"meta":{}},{"ancestorTitles":["ThemeContext","useTheme hook"],"fullName":"ThemeContext useTheme hook should return theme and toggleTheme when used within ThemeProvider","status":"passed","title":"should return theme and toggleTheme when used within ThemeProvider","duration":4.886999999998807,"failureMessages":[],"meta":{}}],"startTime":1776473920591,"endTime":1776473920911.887,"status":"passed","message":"","name":"C:/Users/pc/Desktop/khedma-tn/src/contexts/__tests__/ThemeContext.test.tsx"},{"assertionResults":[{"ancestorTitles":["adminAccess"],"fullName":"adminAccess allows admin access from the server-controlled profile flag","status":"passed","title":"allows admin access from the server-controlled profile flag","duration":3.9179000000003725,"failureMessages":[],"meta":{}},{"ancestorTitles":["adminAccess"],"fullName":"adminAccess allows admin access from server-controlled app_metadata","status":"passed","title":"allows admin access from server-controlled app_metadata","duration":0.7479999999995925,"failureMessages":[],"meta":{}},{"ancestorTitles":["adminAccess"],"fullName":"adminAccess does not grant admin access from email alone","status":"passed","title":"does not grant admin access from email alone","duration":4.5625,"failureMessages":[],"meta":{}}],"startTime":1776473933748,"endTime":1776473933757.5625,"status":"passed","message":"","name":"C:/Users/pc/Desktop/khedma-tn/src/lib/__tests__/adminAccess.test.ts"},{"assertionResults":[{"ancestorTitles":["avatar source of truth"],"fullName":"avatar source of truth uses only profile avatar url when available","status":"passed","title":"uses only profile avatar url when available","duration":1.8853000000017346,"failureMessages":[],"meta":{}},{"ancestorTitles":["avatar source of truth"],"fullName":"avatar source of truth returns null when profile avatar is missing","status":"passed","title":"returns null when profile avatar is missing","duration":0.38200000000506407,"failureMessages":[],"meta":{}},{"ancestorTitles":["avatar source of truth"],"fullName":"avatar source of truth returns null when avatar load already failed","status":"passed","title":"returns null when avatar load already failed","duration":0.39059999999881256,"failureMessages":[],"meta":{}}],"startTime":1776473934762,"endTime":1776473934764.3906,"status":"passed","message":"","name":"C:/Users/pc/Desktop/khedma-tn/src/lib/__tests__/avatar.test.ts"},{"assertionResults":[{"ancestorTitles":["currencyUtils"],"fullName":"currencyUtils formats Tunisian dinar values and converts millimes","status":"passed","title":"formats Tunisian dinar values and converts millimes","duration":5.684399999998277,"failureMessages":[],"meta":{}},{"ancestorTitles":["currencyUtils"],"fullName":"currencyUtils calculates fees and totals","status":"passed","title":"calculates fees and totals","duration":5.856100000000879,"failureMessages":[],"meta":{}},{"ancestorTitles":["currencyUtils"],"fullName":"currencyUtils validates withdrawal rules across failure and success paths","status":"passed","title":"validates withdrawal rules across failure and success paths","duration":2.794399999998859,"failureMessages":[],"meta":{}},{"ancestorTitles":["currencyUtils"],"fullName":"currencyUtils formats transaction labels, withdrawal labels, and colors with fallbacks","status":"passed","title":"formats transaction labels, withdrawal labels, and colors with fallbacks","duration":3.7946999999985565,"failureMessages":[],"meta":{}},{"ancestorTitles":["authUtils"],"fullName":"authUtils clears auth-related browser storage and auth cookies","status":"passed","title":"clears auth-related browser storage and auth cookies","duration":26.95010000000184,"failureMessages":[],"meta":{}},{"ancestorTitles":["authUtils"],"fullName":"authUtils performs a hard logout and redirects to the requested path","status":"passed","title":"performs a hard logout and redirects to the requested path","duration":5.903699999998935,"failureMessages":[],"meta":{}}],"startTime":1776473927865,"endTime":1776473927917.9038,"status":"passed","message":"","name":"C:/Users/pc/Desktop/khedma-tn/src/lib/__tests__/currency.authUtils.test.ts"},{"assertionResults":[{"ancestorTitles":["dashboard query keys"],"fullName":"dashboard query keys builds stable dashboard query keys","status":"passed","title":"builds stable dashboard query keys","duration":7.054000000000087,"failureMessages":[],"meta":{}},{"ancestorTitles":["dashboard query keys"],"fullName":"dashboard query keys invalidates only freelancer dashboard queries when requested","status":"passed","title":"invalidates only freelancer dashboard queries when requested","duration":8.299300000002404,"failureMessages":[],"meta":{}},{"ancestorTitles":["dashboard query keys"],"fullName":"dashboard query keys invalidates only client dashboard queries when requested","status":"passed","title":"invalidates only client dashboard queries when requested","duration":1.6608999999989464,"failureMessages":[],"meta":{}},{"ancestorTitles":["dashboard query keys"],"fullName":"dashboard query keys skips invalidation when no user id exists","status":"passed","title":"skips invalidation when no user id exists","duration":0.9532999999973981,"failureMessages":[],"meta":{}}],"startTime":1776473931977,"endTime":1776473931994.9534,"status":"passed","message":"","name":"C:/Users/pc/Desktop/khedma-tn/src/lib/__tests__/dashboardQueries.test.ts"},{"assertionResults":[{"ancestorTitles":["env and integrations"],"fullName":"env and integrations handles Flouci payments in dev mode and prod mode","status":"passed","title":"handles Flouci payments in dev mode and prod mode","duration":45.86830000000191,"failureMessages":[],"meta":{}},{"ancestorTitles":["env and integrations"],"fullName":"env and integrations surfaces Flouci edge-function failures","status":"passed","title":"surfaces Flouci edge-function failures","duration":10.290399999998044,"failureMessages":[],"meta":{}},{"ancestorTitles":["env and integrations"],"fullName":"env and integrations validates env vars and exposes optional env safely","status":"passed","title":"validates env vars and exposes optional env safely","duration":17.66359999999986,"failureMessages":[],"meta":{}},{"ancestorTitles":["env and integrations"],"fullName":"env and integrations initializes and tracks analytics events","status":"passed","title":"initializes and tracks analytics events","duration":52.570299999999406,"failureMessages":[],"meta":{}}],"startTime":1776473921556,"endTime":1776473921683.5703,"status":"passed","message":"","name":"C:/Users/pc/Desktop/khedma-tn/src/lib/__tests__/env.integrations.test.ts"},{"assertionResults":[{"ancestorTitles":["marketplaceAccess strict workspace separation"],"fullName":"marketplaceAccess strict workspace separation does not treat legacy global onboarding flag as workspace-ready state","status":"passed","title":"does not treat legacy global onboarding flag as workspace-ready state","duration":4.799200000001292,"failureMessages":[],"meta":{}},{"ancestorTitles":["marketplaceAccess strict workspace separation"],"fullName":"marketplaceAccess strict workspace separation requires client onboarding even when freelancer onboarding is complete","status":"passed","title":"requires client onboarding even when freelancer onboarding is complete","duration":3.0601000000024214,"failureMessages":[],"meta":{}},{"ancestorTitles":["marketplaceAccess strict workspace separation"],"fullName":"marketplaceAccess strict workspace separation requires freelancer onboarding even when client onboarding is complete","status":"passed","title":"requires freelancer onboarding even when client onboarding is complete","duration":1.2397000000019034,"failureMessages":[],"meta":{}},{"ancestorTitles":["marketplaceAccess strict workspace separation"],"fullName":"marketplaceAccess strict workspace separation blocks apply while dual-role account is in client workspace mode","status":"passed","title":"blocks apply while dual-role account is in client workspace mode","duration":1.0578999999997905,"failureMessages":[],"meta":{}}],"startTime":1776473928196,"endTime":1776473928207.0579,"status":"passed","message":"","name":"C:/Users/pc/Desktop/khedma-tn/src/lib/__tests__/marketplaceAccess.test.ts"},{"assertionResults":[{"ancestorTitles":["messagingLifecycle policy"],"fullName":"messagingLifecycle policy normalizes canceled alias to cancelled","status":"passed","title":"normalizes canceled alias to cancelled","duration":3.2920000000012806,"failureMessages":[],"meta":{}},{"ancestorTitles":["messagingLifecycle policy"],"fullName":"messagingLifecycle policy keeps direct conversations fully enabled","status":"passed","title":"keeps direct conversations fully enabled","duration":1.7987999999968451,"failureMessages":[],"meta":{}},{"ancestorTitles":["messagingLifecycle policy"],"fullName":"messagingLifecycle policy locks completed contract conversations to read-only","status":"passed","title":"locks completed contract conversations to read-only","duration":1.8202999999994063,"failureMessages":[],"meta":{}},{"ancestorTitles":["messagingLifecycle policy"],"fullName":"messagingLifecycle policy locks cancelled contract conversations to read-only","status":"passed","title":"locks cancelled contract conversations to read-only","duration":0.6875999999974738,"failureMessages":[],"meta":{}},{"ancestorTitles":["messagingLifecycle policy"],"fullName":"messagingLifecycle policy keeps disputed contracts writable with warning banner","status":"passed","title":"keeps disputed contracts writable with warning banner","duration":0.7114999999976135,"failureMessages":[],"meta":{}},{"ancestorTitles":["messagingLifecycle policy"],"fullName":"messagingLifecycle policy keeps pending payment contracts writable with info banner","status":"passed","title":"keeps pending payment contracts writable with info banner","duration":0.4599000000016531,"failureMessages":[],"meta":{}}],"startTime":1776473933206,"endTime":1776473933215.46,"status":"passed","message":"","name":"C:/Users/pc/Desktop/khedma-tn/src/lib/__tests__/messagingLifecycle.test.ts"},{"assertionResults":[{"ancestorTitles":["phone helpers"],"fullName":"phone helpers normalizes common separators and keeps leading +","status":"passed","title":"normalizes common separators and keeps leading +","duration":3.9023999999990338,"failureMessages":[],"meta":{}},{"ancestorTitles":["phone helpers"],"fullName":"phone helpers sanitizes live input by removing symbols and preserving leading +","status":"passed","title":"sanitizes live input by removing symbols and preserving leading +","duration":0.7151000000012573,"failureMessages":[],"meta":{}},{"ancestorTitles":["phone helpers"],"fullName":"phone helpers converts leading 00 prefix while typing","status":"passed","title":"converts leading 00 prefix while typing","duration":1.173399999999674,"failureMessages":[],"meta":{}},{"ancestorTitles":["phone helpers"],"fullName":"phone helpers normalizes 00 prefix to +","status":"passed","title":"normalizes 00 prefix to +","duration":1.2677000000039698,"failureMessages":[],"meta":{}},{"ancestorTitles":["phone helpers"],"fullName":"phone helpers returns undefined for empty optional phone","status":"passed","title":"returns undefined for empty optional phone","duration":0.8211000000010245,"failureMessages":[],"meta":{}},{"ancestorTitles":["phone helpers"],"fullName":"phone helpers accepts local and international valid numbers","status":"passed","title":"accepts local and international valid numbers","duration":0.8070999999981723,"failureMessages":[],"meta":{}},{"ancestorTitles":["phone helpers"],"fullName":"phone helpers rejects invalid characters and invalid lengths","status":"passed","title":"rejects invalid characters and invalid lengths","duration":0.4943000000057509,"failureMessages":[],"meta":{}}],"startTime":1776473933758,"endTime":1776473933767.4944,"status":"passed","message":"","name":"C:/Users/pc/Desktop/khedma-tn/src/lib/__tests__/phone.test.ts"},{"assertionResults":[{"ancestorTitles":["profileCompletion"],"fullName":"profileCompletion calculates weak freelancer completion with missing steps","status":"passed","title":"calculates weak freelancer completion with missing steps","duration":5.821700000000419,"failureMessages":[],"meta":{}},{"ancestorTitles":["profileCompletion"],"fullName":"profileCompletion calculates excellent freelancer completion when all major steps are filled","status":"failed","title":"calculates excellent freelancer completion when all major steps are filled","duration":29.923499999999876,"failureMessages":["AssertionError: expected 72 to be 100 // Object.is equality\n    at C:/Users/pc/Desktop/khedma-tn/src/lib/__tests__/profile.schema.utils.test.ts:65:35\n    at file:///C:/Users/pc/Desktop/khedma-tn/node_modules/@vitest/runner/dist/index.js:145:11\n    at file:///C:/Users/pc/Desktop/khedma-tn/node_modules/@vitest/runner/dist/index.js:915:26\n    at file:///C:/Users/pc/Desktop/khedma-tn/node_modules/@vitest/runner/dist/index.js:1243:20\n    at new Promise (<anonymous>)\n    at runWithTimeout (file:///C:/Users/pc/Desktop/khedma-tn/node_modules/@vitest/runner/dist/index.js:1209:10)\n    at file:///C:/Users/pc/Desktop/khedma-tn/node_modules/@vitest/runner/dist/index.js:1653:37\n    at Traces.$ (file:///C:/Users/pc/Desktop/khedma-tn/node_modules/vitest/dist/chunks/traces.CCmnQaNT.js:142:27)\n    at trace (file:///C:/Users/pc/Desktop/khedma-tn/node_modules/vitest/dist/chunks/test.B8ej_ZHS.js:239:21)\n    at runTest (file:///C:/Users/pc/Desktop/khedma-tn/node_modules/@vitest/runner/dist/index.js:1653:12)"],"meta":{}},{"ancestorTitles":["profileCompletion"],"fullName":"profileCompletion calculates client completion strength tiers","status":"failed","title":"calculates client completion strength tiers","duration":5.159299999999348,"failureMessages":["AssertionError: expected 22 to be 45 // Object.is equality\n    at C:/Users/pc/Desktop/khedma-tn/src/lib/__tests__/profile.schema.utils.test.ts:90:35\n    at file:///C:/Users/pc/Desktop/khedma-tn/node_modules/@vitest/runner/dist/index.js:145:11\n    at file:///C:/Users/pc/Desktop/khedma-tn/node_modules/@vitest/runner/dist/index.js:915:26\n    at file:///C:/Users/pc/Desktop/khedma-tn/node_modules/@vitest/runner/dist/index.js:1243:20\n    at new Promise (<anonymous>)\n    at runWithTimeout (file:///C:/Users/pc/Desktop/khedma-tn/node_modules/@vitest/runner/dist/index.js:1209:10)\n    at file:///C:/Users/pc/Desktop/khedma-tn/node_modules/@vitest/runner/dist/index.js:1653:37\n    at Traces.$ (file:///C:/Users/pc/Desktop/khedma-tn/node_modules/vitest/dist/chunks/traces.CCmnQaNT.js:142:27)\n    at trace (file:///C:/Users/pc/Desktop/khedma-tn/node_modules/vitest/dist/chunks/test.B8ej_ZHS.js:239:21)\n    at runTest (file:///C:/Users/pc/Desktop/khedma-tn/node_modules/@vitest/runner/dist/index.js:1653:12)"],"meta":{}},{"ancestorTitles":["schemaValidation"],"fullName":"schemaValidation sanitizes profile data and warns on blocked or unknown fields","status":"passed","title":"sanitizes profile data and warns on blocked or unknown fields","duration":7.558600000000297,"failureMessages":[],"meta":{}},{"ancestorTitles":["schemaValidation"],"fullName":"schemaValidation sanitizes freelancer profile data and validates field helpers","status":"passed","title":"sanitizes freelancer profile data and validates field helpers","duration":4.409900000000562,"failureMessages":[],"meta":{}},{"ancestorTitles":["utils"],"fullName":"utils merges class names predictably","status":"passed","title":"merges class names predictably","duration":26.931800000000294,"failureMessages":[],"meta":{}}],"startTime":1776473906168,"endTime":1776473906248.932,"status":"failed","message":"","name":"C:/Users/pc/Desktop/khedma-tn/src/lib/__tests__/profile.schema.utils.test.ts"},{"assertionResults":[{"ancestorTitles":["query client defaults"],"fullName":"query client defaults disables global focus refetch churn while keeping caches warm","status":"failed","title":"disables global focus refetch churn while keeping caches warm","duration":23.46649999999954,"failureMessages":["AssertionError: expected 120000 to be 30000 // Object.is equality\n    at C:/Users/pc/Desktop/khedma-tn/src/lib/__tests__/queryClient.test.ts:10:41\n    at file:///C:/Users/pc/Desktop/khedma-tn/node_modules/@vitest/runner/dist/index.js:145:11\n    at file:///C:/Users/pc/Desktop/khedma-tn/node_modules/@vitest/runner/dist/index.js:915:26\n    at file:///C:/Users/pc/Desktop/khedma-tn/node_modules/@vitest/runner/dist/index.js:1243:20\n    at new Promise (<anonymous>)\n    at runWithTimeout (file:///C:/Users/pc/Desktop/khedma-tn/node_modules/@vitest/runner/dist/index.js:1209:10)\n    at file:///C:/Users/pc/Desktop/khedma-tn/node_modules/@vitest/runner/dist/index.js:1653:37\n    at Traces.$ (file:///C:/Users/pc/Desktop/khedma-tn/node_modules/vitest/dist/chunks/traces.CCmnQaNT.js:142:27)\n    at trace (file:///C:/Users/pc/Desktop/khedma-tn/node_modules/vitest/dist/chunks/test.B8ej_ZHS.js:239:21)\n    at runTest (file:///C:/Users/pc/Desktop/khedma-tn/node_modules/@vitest/runner/dist/index.js:1653:12)"],"meta":{}}],"startTime":1776473907334,"endTime":1776473907357.4666,"status":"failed","message":"","name":"C:/Users/pc/Desktop/khedma-tn/src/lib/__tests__/queryClient.test.ts"},{"assertionResults":[{"ancestorTitles":["sanitization policy"],"fullName":"sanitization policy strips tags and scripts from plain text sanitization","status":"passed","title":"strips tags and scripts from plain text sanitization","duration":43.001000000000204,"failureMessages":[],"meta":{}},{"ancestorTitles":["sanitization policy"],"fullName":"sanitization policy removes dangerous protocols from limited html sanitization","status":"passed","title":"removes dangerous protocols from limited html sanitization","duration":13.327799999999115,"failureMessages":[],"meta":{}},{"ancestorTitles":["sanitization policy"],"fullName":"sanitization policy renders dangerous html only through the approved sanitized wrapper","status":"passed","title":"renders dangerous html only through the approved sanitized wrapper","duration":70.23020000000179,"failureMessages":[],"meta":{}}],"startTime":1776473925200,"endTime":1776473925326.2302,"status":"passed","message":"","name":"C:/Users/pc/Desktop/khedma-tn/src/lib/__tests__/sanitization.test.tsx"},{"assertionResults":[{"ancestorTitles":["Supabase Client","Query Builder"],"fullName":"Supabase Client Query Builder should create query builder with from()","status":"passed","title":"should create query builder with from()","duration":16.950300000000425,"failureMessages":[],"meta":{}},{"ancestorTitles":["Supabase Client","Query Builder"],"fullName":"Supabase Client Query Builder should chain query methods","status":"passed","title":"should chain query methods","duration":1.9844000000011874,"failureMessages":[],"meta":{}},{"ancestorTitles":["Supabase Client","Query Builder"],"fullName":"Supabase Client Query Builder should return mock data with select","status":"passed","title":"should return mock data with select","duration":5.368100000003324,"failureMessages":[],"meta":{}},{"ancestorTitles":["Supabase Client","Query Builder"],"fullName":"Supabase Client Query Builder should filter data with eq()","status":"passed","title":"should filter data with eq()","duration":1.4812999999994645,"failureMessages":[],"meta":{}},{"ancestorTitles":["Supabase Client","Query Builder"],"fullName":"Supabase Client Query Builder should return single record","status":"passed","title":"should return single record","duration":3.1661000000021886,"failureMessages":[],"meta":{}},{"ancestorTitles":["Supabase Client","Query Builder"],"fullName":"Supabase Client Query Builder should return error for single when no match","status":"passed","title":"should return error for single when no match","duration":0.7129000000022643,"failureMessages":[],"meta":{}},{"ancestorTitles":["Supabase Client","Query Builder"],"fullName":"Supabase Client Query Builder should handle mock errors","status":"passed","title":"should handle mock errors","duration":0.6242000000020198,"failureMessages":[],"meta":{}},{"ancestorTitles":["Supabase Client","Insert Operations"],"fullName":"Supabase Client Insert Operations should insert new records","status":"passed","title":"should insert new records","duration":1.5138999999981024,"failureMessages":[],"meta":{}},{"ancestorTitles":["Supabase Client","Insert Operations"],"fullName":"Supabase Client Insert Operations should insert multiple records","status":"passed","title":"should insert multiple records","duration":1.6159000000006927,"failureMessages":[],"meta":{}},{"ancestorTitles":["Supabase Client","Update Operations"],"fullName":"Supabase Client Update Operations should update existing records","status":"passed","title":"should update existing records","duration":1.2577999999994063,"failureMessages":[],"meta":{}},{"ancestorTitles":["Supabase Client","Delete Operations"],"fullName":"Supabase Client Delete Operations should delete records","status":"passed","title":"should delete records","duration":2.07300000000032,"failureMessages":[],"meta":{}},{"ancestorTitles":["Supabase Client","Auth Methods"],"fullName":"Supabase Client Auth Methods should mock getSession","status":"passed","title":"should mock getSession","duration":0.8396000000029744,"failureMessages":[],"meta":{}},{"ancestorTitles":["Supabase Client","Auth Methods"],"fullName":"Supabase Client Auth Methods should mock signInWithPassword","status":"passed","title":"should mock signInWithPassword","duration":0.5459000000009837,"failureMessages":[],"meta":{}},{"ancestorTitles":["Supabase Client","Auth Methods"],"fullName":"Supabase Client Auth Methods should mock signUp","status":"passed","title":"should mock signUp","duration":0.8677999999999884,"failureMessages":[],"meta":{}},{"ancestorTitles":["Supabase Client","Auth Methods"],"fullName":"Supabase Client Auth Methods should mock signOut","status":"passed","title":"should mock signOut","duration":0.4995999999991909,"failureMessages":[],"meta":{}},{"ancestorTitles":["Supabase Client","Auth Methods"],"fullName":"Supabase Client Auth Methods should mock onAuthStateChange","status":"passed","title":"should mock onAuthStateChange","duration":0.7317000000002736,"failureMessages":[],"meta":{}},{"ancestorTitles":["Supabase Client","Storage Methods"],"fullName":"Supabase Client Storage Methods should mock storage upload","status":"passed","title":"should mock storage upload","duration":1.178299999999581,"failureMessages":[],"meta":{}},{"ancestorTitles":["Supabase Client","Storage Methods"],"fullName":"Supabase Client Storage Methods should mock getPublicUrl","status":"passed","title":"should mock getPublicUrl","duration":0.7448000000003958,"failureMessages":[],"meta":{}},{"ancestorTitles":["Supabase Client","Realtime"],"fullName":"Supabase Client Realtime should mock channel subscription","status":"passed","title":"should mock channel subscription","duration":3.8690999999998894,"failureMessages":[],"meta":{}}],"startTime":1776473930422,"endTime":1776473930470.8691,"status":"passed","message":"","name":"C:/Users/pc/Desktop/khedma-tn/src/lib/__tests__/supabase.test.ts"},{"assertionResults":[{"ancestorTitles":["upload policy"],"fullName":"upload policy rejects suspicious archive and executable extensions","status":"passed","title":"rejects suspicious archive and executable extensions","duration":5.001299999996263,"failureMessages":[],"meta":{}},{"ancestorTitles":["upload policy"],"fullName":"upload policy rejects files whose bytes do not match the declared type","status":"passed","title":"rejects files whose bytes do not match the declared type","duration":1.174299999998766,"failureMessages":[],"meta":{}},{"ancestorTitles":["upload policy"],"fullName":"upload policy accepts mp4-family and mp3 voice memo payloads for message attachments","status":"passed","title":"accepts mp4-family and mp3 voice memo payloads for message attachments","duration":3.5935000000026776,"failureMessages":[],"meta":{}},{"ancestorTitles":["upload policy"],"fullName":"upload policy accepts aliased and codec-suffixed MIME values for message attachments","status":"passed","title":"accepts aliased and codec-suffixed MIME values for message attachments","duration":1.2974000000031083,"failureMessages":[],"meta":{}},{"ancestorTitles":["upload policy"],"fullName":"upload policy limits uploads that exceed the bucket rate policy","status":"passed","title":"limits uploads that exceed the bucket rate policy","duration":1.3512999999948079,"failureMessages":[],"meta":{}},{"ancestorTitles":["upload policy"],"fullName":"upload policy sanitizes paths and enforces user prefixes where required","status":"passed","title":"sanitizes paths and enforces user prefixes where required","duration":1.948499999998603,"failureMessages":[],"meta":{}},{"ancestorTitles":["upload policy"],"fullName":"upload policy keeps conversation-scoped message attachment prefixes intact","status":"passed","title":"keeps conversation-scoped message attachment prefixes intact","duration":3.542699999998149,"failureMessages":[],"meta":{}}],"startTime":1776473933597,"endTime":1776473933615.5427,"status":"passed","message":"","name":"C:/Users/pc/Desktop/khedma-tn/src/lib/__tests__/uploadPolicy.test.ts"},{"assertionResults":[{"ancestorTitles":["route graph"],"fullName":"route graph keeps the corrected workspace guard metadata on restricted routes","status":"passed","title":"keeps the corrected workspace guard metadata on restricted routes","duration":6.141300000001138,"failureMessages":[],"meta":{}},{"ancestorTitles":["route graph"],"fullName":"route graph matches the approved route snapshot","status":"failed","title":"matches the approved route snapshot","duration":30.042199999999866,"failureMessages":["Error: Snapshot `route graph > matches the approved route snapshot 1` mismatched\n    at createMismatchError (file:///C:/Users/pc/Desktop/khedma-tn/node_modules/@vitest/snapshot/dist/index.js:1327:16)\n    at SnapshotClient.assert (file:///C:/Users/pc/Desktop/khedma-tn/node_modules/@vitest/snapshot/dist/index.js:1411:10)\n    at Proxy.<anonymous> (file:///C:/Users/pc/Desktop/khedma-tn/node_modules/vitest/dist/chunks/vi.2VT5v0um.js:210:23)\n    at Proxy.methodWrapper (file:///C:/Users/pc/Desktop/khedma-tn/node_modules/chai/index.js:1700:25)\n    at C:/Users/pc/Desktop/khedma-tn/src/routes/__tests__/routeGraph.test.ts:36:27\n    at file:///C:/Users/pc/Desktop/khedma-tn/node_modules/@vitest/runner/dist/index.js:145:11\n    at file:///C:/Users/pc/Desktop/khedma-tn/node_modules/@vitest/runner/dist/index.js:915:26\n    at file:///C:/Users/pc/Desktop/khedma-tn/node_modules/@vitest/runner/dist/index.js:1243:20\n    at new Promise (<anonymous>)\n    at runWithTimeout (file:///C:/Users/pc/Desktop/khedma-tn/node_modules/@vitest/runner/dist/index.js:1209:10)"],"meta":{}}],"startTime":1776473910531,"endTime":1776473910568.0422,"status":"failed","message":"","name":"C:/Users/pc/Desktop/khedma-tn/src/routes/__tests__/routeGraph.test.ts"},{"assertionResults":[{"ancestorTitles":["misc hooks coverage"],"fullName":"misc hooks coverage animates counters toward the target number","status":"passed","title":"animates counters toward the target number","duration":51.87800000000061,"failureMessages":[],"meta":{}},{"ancestorTitles":["misc hooks coverage"],"fullName":"misc hooks coverage autosaves, loads, and clears persisted data","status":"passed","title":"autosaves, loads, and clears persisted data","duration":38.49470000000292,"failureMessages":[],"meta":{}},{"ancestorTitles":["misc hooks coverage"],"fullName":"misc hooks coverage handles autosave storage failures","status":"passed","title":"handles autosave storage failures","duration":8.345499999999447,"failureMessages":[],"meta":{}},{"ancestorTitles":["misc hooks coverage"],"fullName":"misc hooks coverage moves focus to main content and then h1 on route changes","status":"passed","title":"moves focus to main content and then h1 on route changes","duration":70.49110000000292,"failureMessages":[],"meta":{}}],"startTime":1776473921893,"endTime":1776473922062.4912,"status":"passed","message":"","name":"C:/Users/pc/Desktop/khedma-tn/src/hooks/__tests__/miscHooks.test.tsx"},{"assertionResults":[{"ancestorTitles":["useAdminStats"],"fullName":"useAdminStats fetches admin stats correctly","status":"passed","title":"fetches admin stats correctly","duration":67.79939999999988,"failureMessages":[],"meta":{}}],"startTime":1776473929005,"endTime":1776473929072.7993,"status":"passed","message":"","name":"C:/Users/pc/Desktop/khedma-tn/src/hooks/__tests__/useAdminData.test.tsx"},{"assertionResults":[{"ancestorTitles":["useAuth Hook","Authentication State"],"fullName":"useAuth Hook Authentication State should return isAuthenticated as false when no user","status":"passed","title":"should return isAuthenticated as false when no user","duration":74.27560000000085,"failureMessages":[],"meta":{}},{"ancestorTitles":["useAuth Hook","Login Functions"],"fullName":"useAuth Hook Login Functions should provide signInWithEmail function","status":"passed","title":"should provide signInWithEmail function","duration":16.640799999999217,"failureMessages":[],"meta":{}},{"ancestorTitles":["useAuth Hook","Login Functions"],"fullName":"useAuth Hook Login Functions should call supabase signInWithPassword when signInWithEmail is called","status":"passed","title":"should call supabase signInWithPassword when signInWithEmail is called","duration":28.225400000001173,"failureMessages":[],"meta":{}},{"ancestorTitles":["useAuth Hook","Login Functions"],"fullName":"useAuth Hook Login Functions should provide signInWithPhone function","status":"passed","title":"should provide signInWithPhone function","duration":65.48899999999958,"failureMessages":[],"meta":{}},{"ancestorTitles":["useAuth Hook","Login Functions"],"fullName":"useAuth Hook Login Functions should format phone number with +216 prefix","status":"passed","title":"should format phone number with +216 prefix","duration":63.37699999999859,"failureMessages":[],"meta":{}},{"ancestorTitles":["useAuth Hook","Signup Functions"],"fullName":"useAuth Hook Signup Functions should provide signUpWithEmail function","status":"passed","title":"should provide signUpWithEmail function","duration":56.80119999999988,"failureMessages":[],"meta":{}},{"ancestorTitles":["useAuth Hook","Signup Functions"],"fullName":"useAuth Hook Signup Functions should call supabase signUp when signUpWithEmail is called","status":"passed","title":"should call supabase signUp when signUpWithEmail is called","duration":94.3096999999998,"failureMessages":[],"meta":{}},{"ancestorTitles":["useAuth Hook","Logout Function"],"fullName":"useAuth Hook Logout Function should provide signOut function","status":"passed","title":"should provide signOut function","duration":8.484699999999066,"failureMessages":[],"meta":{}},{"ancestorTitles":["useAuth Hook","Logout Function"],"fullName":"useAuth Hook Logout Function should call supabase signOut and clear state","status":"passed","title":"should call supabase signOut and clear state","duration":169.41560000000027,"failureMessages":[],"meta":{}},{"ancestorTitles":["useAuth Hook","OTP Verification"],"fullName":"useAuth Hook OTP Verification should provide verifyOtp function","status":"passed","title":"should provide verifyOtp function","duration":40.474200000000565,"failureMessages":[],"meta":{}},{"ancestorTitles":["useAuth Hook","OTP Verification"],"fullName":"useAuth Hook OTP Verification should call supabase verifyOtp with correct params","status":"passed","title":"should call supabase verifyOtp with correct params","duration":44.90090000000055,"failureMessages":[],"meta":{}},{"ancestorTitles":["useAuth Hook","Profile Functions"],"fullName":"useAuth Hook Profile Functions should provide updateProfile function","status":"passed","title":"should provide updateProfile function","duration":47.46939999999995,"failureMessages":[],"meta":{}},{"ancestorTitles":["useAuth Hook","Profile Functions"],"fullName":"useAuth Hook Profile Functions should provide refreshProfile function","status":"passed","title":"should provide refreshProfile function","duration":10.84900000000016,"failureMessages":[],"meta":{}},{"ancestorTitles":["useAuth Hook","Profile Functions"],"fullName":"useAuth Hook Profile Functions should throw error when updating profile without user","status":"passed","title":"should throw error when updating profile without user","duration":26.657999999999447,"failureMessages":[],"meta":{}},{"ancestorTitles":["useAuth Hook","Profile Functions"],"fullName":"useAuth Hook Profile Functions should provide setUserType function","status":"passed","title":"should provide setUserType function","duration":18.53650000000016,"failureMessages":[],"meta":{}},{"ancestorTitles":["useAuth Hook","Freelancer Profile Functions"],"fullName":"useAuth Hook Freelancer Profile Functions should provide updateFreelancerProfile function","status":"passed","title":"should provide updateFreelancerProfile function","duration":11.576600000000326,"failureMessages":[],"meta":{}},{"ancestorTitles":["useAuth Hook","Freelancer Profile Functions"],"fullName":"useAuth Hook Freelancer Profile Functions should return freelancerProfile as null initially","status":"passed","title":"should return freelancerProfile as null initially","duration":27.420099999999366,"failureMessages":[],"meta":{}}],"startTime":1776473915867,"endTime":1776473916677.4202,"status":"passed","message":"","name":"C:/Users/pc/Desktop/khedma-tn/src/hooks/__tests__/useAuth.test.tsx"},{"assertionResults":[{"ancestorTitles":["useAuthRateLimit"],"fullName":"useAuthRateLimit should initialize with no lockout","status":"passed","title":"should initialize with no lockout","duration":49.71990000000005,"failureMessages":[],"meta":{}},{"ancestorTitles":["useAuthRateLimit"],"fullName":"useAuthRateLimit should handle failed attempts and trigger lockout","status":"passed","title":"should handle failed attempts and trigger lockout","duration":25.592899999999645,"failureMessages":[],"meta":{}},{"ancestorTitles":["useAuthRateLimit"],"fullName":"useAuthRateLimit should clear limits on success","status":"failed","title":"should clear limits on success","duration":29.975600000000668,"failureMessages":["AssertionError: expected null to be '1' // Object.is equality\n    at C:/Users/pc/Desktop/khedma-tn/src/hooks/__tests__/useAuthRateLimit.test.tsx:65:68\n    at file:///C:/Users/pc/Desktop/khedma-tn/node_modules/@vitest/runner/dist/index.js:915:20"],"meta":{}}],"startTime":1776473906000,"endTime":1776473906105.9756,"status":"failed","message":"","name":"C:/Users/pc/Desktop/khedma-tn/src/hooks/__tests__/useAuthRateLimit.test.tsx"},{"assertionResults":[{"ancestorTitles":["useContractState"],"fullName":"useContractState refreshes contract state and allows freelancer delivery actions","status":"failed","title":"refreshes contract state and allows freelancer delivery actions","duration":96.30339999999978,"failureMessages":["AssertionError: expected [] to deep equally contain { table: 'contracts', …(1) }\n    at C:/Users/pc/Desktop/khedma-tn/src/hooks/__tests__/useContractState.test.tsx:106:39\n    at file:///C:/Users/pc/Desktop/khedma-tn/node_modules/@vitest/runner/dist/index.js:915:20"],"meta":{}},{"ancestorTitles":["useContractState"],"fullName":"useContractState supports client acceptance, feedback, and disputes","status":"passed","title":"supports client acceptance, feedback, and disputes","duration":37.128999999999905,"failureMessages":[],"meta":{}},{"ancestorTitles":["useContractState"],"fullName":"useContractState surfaces refresh errors and blocks invalid role transitions","status":"passed","title":"surfaces refresh errors and blocks invalid role transitions","duration":10.494200000000092,"failureMessages":[],"meta":{}},{"ancestorTitles":["useContractState"],"fullName":"useContractState surfaces release RPC failures during client acceptance","status":"passed","title":"surfaces release RPC failures during client acceptance","duration":8.683800000000247,"failureMessages":[],"meta":{}}],"startTime":1776473903818,"endTime":1776473903970.6838,"status":"failed","message":"","name":"C:/Users/pc/Desktop/khedma-tn/src/hooks/__tests__/useContractState.test.tsx"},{"assertionResults":[{"ancestorTitles":["useDebounce"],"fullName":"useDebounce should return initial value immediately","status":"passed","title":"should return initial value immediately","duration":46.00789999999688,"failureMessages":[],"meta":{}},{"ancestorTitles":["useDebounce"],"fullName":"useDebounce should debounce value updates","status":"passed","title":"should debounce value updates","duration":17.83009999999922,"failureMessages":[],"meta":{}},{"ancestorTitles":["useDebounce"],"fullName":"useDebounce should reset timer on rapid changes","status":"passed","title":"should reset timer on rapid changes","duration":11.176100000000588,"failureMessages":[],"meta":{}},{"ancestorTitles":["useDebounce"],"fullName":"useDebounce should work with different types","status":"passed","title":"should work with different types","duration":22.99279999999999,"failureMessages":[],"meta":{}},{"ancestorTitles":["useDebounce"],"fullName":"useDebounce should cleanup timeout on unmount","status":"passed","title":"should cleanup timeout on unmount","duration":8.399599999997008,"failureMessages":[],"meta":{}},{"ancestorTitles":["useDebounce"],"fullName":"useDebounce should handle delay changes","status":"passed","title":"should handle delay changes","duration":7.014100000000326,"failureMessages":[],"meta":{}}],"startTime":1776473924092,"endTime":1776473924206.0142,"status":"passed","message":"","name":"C:/Users/pc/Desktop/khedma-tn/src/hooks/__tests__/useDebounce.test.ts"},{"assertionResults":[{"ancestorTitles":["useFileUpload"],"fullName":"useFileUpload uploads a valid file via secure-upload and returns compatible metadata","status":"passed","title":"uploads a valid file via secure-upload and returns compatible metadata","duration":62.52639999999883,"failureMessages":[],"meta":{}},{"ancestorTitles":["useFileUpload"],"fullName":"useFileUpload falls back to storage path when publicUrl is null (private bucket)","status":"passed","title":"falls back to storage path when publicUrl is null (private bucket)","duration":7.9834999999984575,"failureMessages":[],"meta":{}},{"ancestorTitles":["useFileUpload"],"fullName":"useFileUpload rejects oversized or unsupported files and exposes reset helpers","status":"passed","title":"rejects oversized or unsupported files and exposes reset helpers","duration":24.67239999999947,"failureMessages":[],"meta":{}},{"ancestorTitles":["useFileUpload"],"fullName":"useFileUpload uploads multiple files and updates progress","status":"passed","title":"uploads multiple files and updates progress","duration":17.2999000000018,"failureMessages":[],"meta":{}},{"ancestorTitles":["useFileUpload helpers"],"fullName":"useFileUpload helpers maps file types to icons","status":"passed","title":"maps file types to icons","duration":1.0623999999988882,"failureMessages":[],"meta":{}},{"ancestorTitles":["useFileUpload helpers"],"fullName":"useFileUpload helpers formats file sizes","status":"passed","title":"formats file sizes","duration":0.5722999999998137,"failureMessages":[],"meta":{}}],"startTime":1776473926852,"endTime":1776473926967.5723,"status":"passed","message":"","name":"C:/Users/pc/Desktop/khedma-tn/src/hooks/__tests__/useFileUpload.test.tsx"},{"assertionResults":[{"ancestorTitles":["useInfiniteScroll"],"fullName":"useInfiniteScroll should return a ref function","status":"passed","title":"should return a ref function","duration":58.94470000000001,"failureMessages":[],"meta":{}},{"ancestorTitles":["useInfiniteScroll"],"fullName":"useInfiniteScroll should not call callback when not in view","status":"passed","title":"should not call callback when not in view","duration":7.338599999999133,"failureMessages":[],"meta":{}},{"ancestorTitles":["useInfiniteScroll"],"fullName":"useInfiniteScroll should call callback when in view and hasMore is true","status":"passed","title":"should call callback when in view and hasMore is true","duration":5.473200000000361,"failureMessages":[],"meta":{}},{"ancestorTitles":["useInfiniteScroll"],"fullName":"useInfiniteScroll should not call callback when in view but hasMore is false","status":"passed","title":"should not call callback when in view but hasMore is false","duration":4.391099999997095,"failureMessages":[],"meta":{}},{"ancestorTitles":["useInfiniteScroll"],"fullName":"useInfiniteScroll should use correct threshold and rootMargin","status":"passed","title":"should use correct threshold and rootMargin","duration":8.963499999998021,"failureMessages":[],"meta":{}},{"ancestorTitles":["useInfiniteScroll"],"fullName":"useInfiniteScroll should call callback again when inView changes","status":"passed","title":"should call callback again when inView changes","duration":7.038300000000163,"failureMessages":[],"meta":{}},{"ancestorTitles":["useInfiniteScroll"],"fullName":"useInfiniteScroll should not call callback when hasMore changes to false","status":"passed","title":"should not call callback when hasMore changes to false","duration":9.858099999997648,"failureMessages":[],"meta":{}}],"startTime":1776473924951,"endTime":1776473925052.8582,"status":"passed","message":"","name":"C:/Users/pc/Desktop/khedma-tn/src/hooks/__tests__/useInfiniteScroll.test.ts"},{"assertionResults":[{"ancestorTitles":["useMediaQuery"],"fullName":"useMediaQuery should return false initially when media query does not match","status":"passed","title":"should return false initially when media query does not match","duration":41.68540000000212,"failureMessages":[],"meta":{}},{"ancestorTitles":["useMediaQuery"],"fullName":"useMediaQuery should return true when media query matches","status":"passed","title":"should return true when media query matches","duration":14.692999999999302,"failureMessages":[],"meta":{}},{"ancestorTitles":["useMediaQuery"],"fullName":"useMediaQuery should add event listener on mount","status":"passed","title":"should add event listener on mount","duration":11.712299999999232,"failureMessages":[],"meta":{}},{"ancestorTitles":["useMediaQuery"],"fullName":"useMediaQuery should remove event listener on unmount","status":"passed","title":"should remove event listener on unmount","duration":7.677899999998772,"failureMessages":[],"meta":{}},{"ancestorTitles":["useMediaQuery"],"fullName":"useMediaQuery should update when media query result changes","status":"passed","title":"should update when media query result changes","duration":5.805099999997765,"failureMessages":[],"meta":{}},{"ancestorTitles":["useMediaQuery"],"fullName":"useMediaQuery should handle different queries","status":"passed","title":"should handle different queries","duration":21.035899999998946,"failureMessages":[],"meta":{}},{"ancestorTitles":["useMediaQuery"],"fullName":"useMediaQuery should handle query changes","status":"passed","title":"should handle query changes","duration":7.135099999999511,"failureMessages":[],"meta":{}},{"ancestorTitles":["useMediaQuery"],"fullName":"useMediaQuery should work with common breakpoints","status":"passed","title":"should work with common breakpoints","duration":28.92779999999766,"failureMessages":[],"meta":{}}],"startTime":1776473924766,"endTime":1776473924905.9277,"status":"passed","message":"","name":"C:/Users/pc/Desktop/khedma-tn/src/hooks/__tests__/useMediaQuery.test.ts"},{"assertionResults":[{"ancestorTitles":["useRealtimeChat"],"fullName":"useRealtimeChat fetches messages, tracks presence, handles realtime inserts, and cleans up","status":"passed","title":"fetches messages, tracks presence, handles realtime inserts, and cleans up","duration":119.16110000000026,"failureMessages":[],"meta":{}},{"ancestorTitles":["useRealtimeChat"],"fullName":"useRealtimeChat sends trimmed messages, toggles typing state, and auto-resets typing","status":"passed","title":"sends trimmed messages, toggles typing state, and auto-resets t
[...]
0646,"failureMessages":[],"meta":{}},{"ancestorTitles":["messages service coverage"],"fullName":"messages service coverage sends messages successfully and supports read updates and subscriptions","status":"passed","title":"sends messages successfully and supports read updates and subscriptions","duration":5.148800000002666,"failureMessages":[],"meta":{}},{"ancestorTitles":["messages service coverage"],"fullName":"messages service coverage normalizes rate-limit and generic send failures","status":"passed","title":"normalizes rate-limit and generic send failures","duration":2.475800000000163,"failureMessages":[],"meta":{}},{"ancestorTitles":["messages service coverage"],"fullName":"messages service coverage uploads message attachments inside the conversation-scoped prefix","status":"passed","title":"uploads message attachments inside the conversation-scoped prefix","duration":5.396899999999732,"failureMessages":[],"meta":{}}],"startTime":1776473927871,"endTime":1776473927896.397,"status":"passed","message":"","name":"C:/Users/pc/Desktop/khedma-tn/src/services/__tests__/messages.test.ts"},{"assertionResults":[{"ancestorTitles":["notifications service"],"fullName":"notifications service gets notifications","status":"passed","title":"gets notifications","duration":8.124500000001717,"failureMessages":[],"meta":{}},{"ancestorTitles":["notifications service"],"fullName":"notifications service gets unread count","status":"passed","title":"gets unread count","duration":12.198300000000017,"failureMessages":[],"meta":{}},{"ancestorTitles":["notifications service"],"fullName":"notifications service inserts notification","status":"passed","title":"inserts notification","duration":2.177800000001298,"failureMessages":[],"meta":{}},{"ancestorTitles":["notifications service"],"fullName":"notifications service creates notification","status":"passed","title":"creates notification","duration":1.1499000000003434,"failureMessages":[],"meta":{}},{"ancestorTitles":["notifications service"],"fullName":"notifications service marks notification read","status":"passed","title":"marks notification read","duration":2.5023000000001048,"failureMessages":[],"meta":{}},{"ancestorTitles":["notifications service"],"fullName":"notifications service marks all read","status":"passed","title":"marks all read","duration":1.9839999999967404,"failureMessages":[],"meta":{}}],"startTime":1776473930193,"endTime":1776473930221.984,"status":"passed","message":"","name":"C:/Users/pc/Desktop/khedma-tn/src/services/__tests__/notifications.test.ts"},{"assertionResults":[{"ancestorTitles":["reports service"],"fullName":"reports service submits a report","status":"passed","title":"submits a report","duration":7.091300000000047,"failureMessages":[],"meta":{}}],"startTime":1776473934318,"endTime":1776473934325.0913,"status":"passed","message":"","name":"C:/Users/pc/Desktop/khedma-tn/src/services/__tests__/reports.test.ts"},{"assertionResults":[{"ancestorTitles":["LoginForm","Rendering"],"fullName":"LoginForm Rendering should render the login form correctly","status":"passed","title":"should render the login form correctly","duration":438.97009999999864,"failureMessages":[],"meta":{}},{"ancestorTitles":["LoginForm","Rendering"],"fullName":"LoginForm Rendering should render switch to signup link when callback provided","status":"passed","title":"should render switch to signup link when callback provided","duration":154.77089999999953,"failureMessages":[],"meta":{}},{"ancestorTitles":["LoginForm","Validation"],"fullName":"LoginForm Validation should have password field with password type","status":"passed","title":"should have password field with password type","duration":141.73559999999998,"failureMessages":[],"meta":{}},{"ancestorTitles":["LoginForm","Validation"],"fullName":"LoginForm Validation should have email field with email type","status":"passed","title":"should have email field with email type","duration":51.088300000001254,"failureMessages":[],"meta":{}},{"ancestorTitles":["LoginForm","Form Submission"],"fullName":"LoginForm Form Submission should call signInWithEmail on valid form submission","status":"passed","title":"should call signInWithEmail on valid form submission","duration":963.6936999999998,"failureMessages":[],"meta":{}},{"ancestorTitles":["LoginForm","Switch to Signup"],"fullName":"LoginForm Switch to Signup should call onSwitchToSignup when link clicked","status":"passed","title":"should call onSwitchToSignup when link clicked","duration":350.33469999999943,"failureMessages":[],"meta":{}}],"startTime":1776473911210,"endTime":1776473913311.3347,"status":"passed","message":"","name":"C:/Users/pc/Desktop/khedma-tn/src/components/auth/__tests__/LoginForm.test.tsx"},{"assertionResults":[{"ancestorTitles":["SignupForm","Rendering"],"fullName":"SignupForm Rendering should render email step initially","status":"passed","title":"should render email step initially","duration":215.34090000000106,"failureMessages":[],"meta":{}},{"ancestorTitles":["SignupForm","Rendering"],"fullName":"SignupForm Rendering should render all required input fields","status":"passed","title":"should render all required input fields","duration":92.56940000000031,"failureMessages":[],"meta":{}},{"ancestorTitles":["SignupForm","Rendering"],"fullName":"SignupForm Rendering should render Google OAuth button","status":"passed","title":"should render Google OAuth button","duration":78.375,"failureMessages":[],"meta":{}},{"ancestorTitles":["SignupForm","Form Fields"],"fullName":"SignupForm Form Fields should have password field with password type","status":"passed","title":"should have password field with password type","duration":48.390800000001036,"failureMessages":[],"meta":{}},{"ancestorTitles":["SignupForm","Form Fields"],"fullName":"SignupForm Form Fields should have email field with email type","status":"passed","title":"should have email field with email type","duration":82.01189999999951,"failureMessages":[],"meta":{}},{"ancestorTitles":["SignupForm","Form Fields"],"fullName":"SignupForm Form Fields should have confirm password field","status":"passed","title":"should have confirm password field","duration":46.65350000000035,"failureMessages":[],"meta":{}},{"ancestorTitles":["SignupForm","Successful Submission"],"fullName":"SignupForm Successful Submission should call signUp on valid form submission","status":"passed","title":"should call signUp on valid form submission","duration":1622.999600000001,"failureMessages":[],"meta":{}}],"startTime":1776473911213,"endTime":1776473913400.9995,"status":"passed","message":"","name":"C:/Users/pc/Desktop/khedma-tn/src/components/auth/__tests__/SignupForm.test.tsx"},{"assertionResults":[{"ancestorTitles":["AccountStatusGate support form"],"fullName":"AccountStatusGate support form submits a real support ticket for blocked accounts","status":"passed","title":"submits a real support ticket for blocked accounts","duration":573.0240000000013,"failureMessages":[],"meta":{}},{"ancestorTitles":["AccountStatusGate support form"],"fullName":"AccountStatusGate support form blocks submit when required fields are missing","status":"passed","title":"blocks submit when required fields are missing","duration":113.88100000000122,"failureMessages":[],"meta":{}}],"startTime":1776473917806,"endTime":1776473918492.881,"status":"passed","message":"","name":"C:/Users/pc/Desktop/khedma-tn/src/components/routing/__tests__/AccountStatusGate.test.tsx"},{"assertionResults":[{"ancestorTitles":["workspace routing guards"],"fullName":"workspace routing guards ProtectedRoute derives a valid workspace when the store is invalid for the user","status":"passed","title":"ProtectedRoute derives a valid workspace when the store is invalid for the user","duration":151.66170000000056,"failureMessages":[],"meta":{}},{"ancestorTitles":["workspace routing guards"],"fullName":"workspace routing guards WorkspaceRoute redirects to the resolved workspace dashboard instead of a stale store value","status":"passed","title":"WorkspaceRoute redirects to the resolved workspace dashboard instead of a stale store value","duration":21.16649999999936,"failureMessages":[],"meta":{}},{"ancestorTitles":["workspace routing guards"],"fullName":"workspace routing guards WorkspaceRoute sends client-mode access on freelancer jobs route to /jobs/new","status":"passed","title":"WorkspaceRoute sends client-mode access on freelancer jobs route to /jobs/new","duration":21.218799999998737,"failureMessages":[],"meta":{}},{"ancestorTitles":["workspace routing guards"],"fullName":"workspace routing guards ProtectedRoute does not treat freelancer completion as client completion","status":"passed","title":"ProtectedRoute does not treat freelancer completion as client completion","duration":15.208300000002055,"failureMessages":[],"meta":{}},{"ancestorTitles":["workspace routing guards"],"fullName":"workspace routing guards ProtectedRoute does not treat client completion as freelancer completion","status":"passed","title":"ProtectedRoute does not treat client completion as freelancer completion","duration":13.368600000001607,"failureMessages":[],"meta":{}},{"ancestorTitles":["workspace routing guards"],"fullName":"workspace routing guards OnboardingRoute keeps client onboarding open when only freelancer onboarding is complete","status":"passed","title":"OnboardingRoute keeps client onboarding open when only freelancer onboarding is complete","duration":9.418900000000576,"failureMessages":[],"meta":{}},{"ancestorTitles":["workspace routing guards"],"fullName":"workspace routing guards OnboardingRoute redirects to client dashboard only when client onboarding is complete","status":"passed","title":"OnboardingRoute redirects to client dashboard only when client onboarding is complete","duration":10.797099999999773,"failureMessages":[],"meta":{}}],"startTime":1776473921562,"endTime":1776473921804.797,"status":"passed","message":"","name":"C:/Users/pc/Desktop/khedma-tn/src/components/routing/__tests__/workspace-routing.test.tsx"},{"assertionResults":[{"ancestorTitles":["SecuritySettings account deletion requests"],"fullName":"SecuritySettings account deletion requests creates a deletion request when no active one exists","status":"passed","title":"creates a deletion request when no active one exists","duration":692.6692999999996,"failureMessages":[],"meta":{}},{"ancestorTitles":["SecuritySettings account deletion requests"],"fullName":"SecuritySettings account deletion requests does not create duplicate requests when one is already open","status":"passed","title":"does not create duplicate requests when one is already open","duration":268.00640000000203,"failureMessages":[],"meta":{}}],"startTime":1776473916265,"endTime":1776473917225.0063,"status":"passed","message":"","name":"C:/Users/pc/Desktop/khedma-tn/src/components/settings/__tests__/SecuritySettings.test.tsx"},{"assertionResults":[{"ancestorTitles":["EmptyState"],"fullName":"EmptyState renders with basic props","status":"passed","title":"renders with basic props","duration":160.4552999999978,"failureMessages":[],"meta":{}},{"ancestorTitles":["EmptyState"],"fullName":"EmptyState renders with default variant","status":"passed","title":"renders with default variant","duration":14.904200000000856,"failureMessages":[],"meta":{}},{"ancestorTitles":["EmptyState"],"fullName":"EmptyState renders with error variant","status":"passed","title":"renders with error variant","duration":29.828699999998207,"failureMessages":[],"meta":{}},{"ancestorTitles":["EmptyState"],"fullName":"EmptyState renders with primary action","status":"passed","title":"renders with primary action","duration":24.88509999999951,"failureMessages":[],"meta":{}},{"ancestorTitles":["EmptyState"],"fullName":"EmptyState renders with secondary action","status":"passed","title":"renders with secondary action","duration":17.518400000000838,"failureMessages":[],"meta":{}},{"ancestorTitles":["EmptyState"],"fullName":"EmptyState renders with custom illustration","status":"passed","title":"renders with custom illustration","duration":30.769499999998516,"failureMessages":[],"meta":{}},{"ancestorTitles":["EmptyState"],"fullName":"EmptyState applies custom className","status":"passed","title":"applies custom className","duration":10.768700000000536,"failureMessages":[],"meta":{}},{"ancestorTitles":["EmptyState"],"fullName":"EmptyState uses danger variant for error state action button","status":"passed","title":"uses danger variant for error state action button","duration":17.767699999996694,"failureMessages":[],"meta":{}}],"startTime":1776473921422,"endTime":1776473921729.7676,"status":"passed","message":"","name":"C:/Users/pc/Desktop/khedma-tn/src/components/ui/__tests__/EmptyState.test.tsx"},{"assertionResults":[{"ancestorTitles":["Loading Components","Spinner"],"fullName":"Loading Components Spinner renders with default size","status":"failed","title":"renders with default size","duration":46.335000000000036,"failureMessages":["Error: useTranslation must be used within an I18nProvider\n    at useTranslation (C:/Users/pc/Desktop/khedma-tn/src/i18n/index.tsx:171:15)\n    at Spinner (C:/Users/pc/Desktop/khedma-tn/src/components/ui/Spinner.tsx:18:20)\n    at Object.react_stack_bottom_frame (C:\\Users\\pc\\Desktop\\khedma-tn\\node_modules\\react-dom\\cjs\\react-dom-client.development.js:25904:20)\n    at renderWithHooks (C:\\Users\\pc\\Desktop\\khedma-tn\\node_modules\\react-dom\\cjs\\react-dom-client.development.js:7662:22)\n    at updateFunctionComponent (C:\\Users\\pc\\Desktop\\khedma-tn\\node_modules\\react-dom\\cjs\\react-dom-client.development.js:10166:19)\n    at beginWork (C:\\Users\\pc\\Desktop\\khedma-tn\\node_modules\\react-dom\\cjs\\react-dom-client.development.js:11778:18)\n    at runWithFiberInDEV (C:\\Users\\pc\\Desktop\\khedma-tn\\node_modules\\react-dom\\cjs\\react-dom-client.development.js:874:13)\n    at performUnitOfWork (C:\\Users\\pc\\Desktop\\khedma-tn\\node_modules\\react-dom\\cjs\\react-dom-client.development.js:17641:22)\n    at workLoopSync (C:\\Users\\pc\\Desktop\\khedma-tn\\node_modules\\react-dom\\cjs\\react-dom-client.development.js:17469:41)\n    at renderRootSync (C:\\Users\\pc\\Desktop\\khedma-tn\\node_modules\\react-dom\\cjs\\react-dom-client.development.js:17450:11)"],"meta":{}},{"ancestorTitles":["Loading Components","Spinner"],"fullName":"Loading Components Spinner renders with different sizes","status":"failed","title":"renders with different sizes","duration":4.100200000000314,"failureMessages":["Error: useTranslation must be used within an I18nProvider\n    at useTranslation (C:/Users/pc/Desktop/khedma-tn/src/i18n/index.tsx:171:15)\n    at Spinner (C:/Users/pc/Desktop/khedma-tn/src/components/ui/Spinner.tsx:18:20)\n    at Object.react_stack_bottom_frame (C:\\Users\\pc\\Desktop\\khedma-tn\\node_modules\\react-dom\\cjs\\react-dom-client.development.js:25904:20)\n    at renderWithHooks (C:\\Users\\pc\\Desktop\\khedma-tn\\node_modules\\react-dom\\cjs\\react-dom-client.development.js:7662:22)\n    at updateFunctionComponent (C:\\Users\\pc\\Desktop\\khedma-tn\\node_modules\\react-dom\\cjs\\react-dom-client.development.js:10166:19)\n    at beginWork (C:\\Users\\pc\\Desktop\\khedma-tn\\node_modules\\react-dom\\cjs\\react-dom-client.development.js:11778:18)\n    at runWithFiberInDEV (C:\\Users\\pc\\Desktop\\khedma-tn\\node_modules\\react-dom\\cjs\\react-dom-client.development.js:874:13)\n    at performUnitOfWork (C:\\Users\\pc\\Desktop\\khedma-tn\\node_modules\\react-dom\\cjs\\react-dom-client.development.js:17641:22)\n    at workLoopSync (C:\\Users\\pc\\Desktop\\khedma-tn\\node_modules\\react-dom\\cjs\\react-dom-client.development.js:17469:41)\n    at renderRootSync (C:\\Users\\pc\\Desktop\\khedma-tn\\node_modules\\react-dom\\cjs\\react-dom-client.development.js:17450:11)"],"meta":{}},{"ancestorTitles":["Loading Components","Skeleton"],"fullName":"Loading Components Skeleton renders with default variant","status":"passed","title":"renders with default variant","duration":96.97429999999986,"failureMessages":[],"meta":{}},{"ancestorTitles":["Loading Components","Skeleton"],"fullName":"Loading Components Skeleton renders with circular variant","status":"passed","title":"renders with circular variant","duration":12.990900000000238,"failureMessages":[],"meta":{}},{"ancestorTitles":["Loading Components","Skeleton"],"fullName":"Loading Components Skeleton renders with custom dimensions","status":"passed","title":"renders with custom dimensions","duration":13.41820000000007,"failureMessages":[],"meta":{}},{"ancestorTitles":["Loading Components","SkeletonGroup"],"fullName":"Loading Components SkeletonGroup renders multiple skeletons","status":"passed","title":"renders multiple skeletons","duration":22.416600000000017,"failureMessages":[],"meta":{}},{"ancestorTitles":["Loading Components","SkeletonGroup"],"fullName":"Loading Components SkeletonGroup renders children when provided","status":"passed","title":"renders children when provided","duration":11.585299999999734,"failureMessages":[],"meta":{}},{"ancestorTitles":["Loading Components","ProgressBar"],"fullName":"Loading Components ProgressBar renders with correct progress value","status":"passed","title":"renders with correct progress value","duration":10.228200000000015,"failureMessages":[],"meta":{}},{"ancestorTitles":["Loading Components","ProgressBar"],"fullName":"Loading Components ProgressBar renders with label when showLabel is true","status":"passed","title":"renders with label when showLabel is true","duration":10.962399999999889,"failureMessages":[],"meta":{}},{"ancestorTitles":["Loading Components","ProgressBar"],"fullName":"Loading Components ProgressBar renders with custom label","status":"passed","title":"renders with custom label","duration":5.281700000000001,"failureMessages":[],"meta":{}},{"ancestorTitles":["Loading Components","ProgressBar"],"fullName":"Loading Components ProgressBar clamps value between 0 and 100","status":"passed","title":"clamps value between 0 and 100","duration":15.205899999999929,"failureMessages":[],"meta":{}},{"ancestorTitles":["Loading Components","IndeterminateProgress"],"fullName":"Loading Components IndeterminateProgress renders with correct aria attributes","status":"passed","title":"renders with correct aria attributes","duration":9.371899999999641,"failureMessages":[],"meta":{}},{"ancestorTitles":["Loading Components","IndeterminateProgress"],"fullName":"Loading Components IndeterminateProgress renders with different sizes","status":"passed","title":"renders with different sizes","duration":10.241399999999885,"failureMessages":[],"meta":{}}],"startTime":1776473904027,"endTime":1776473904298.2415,"status":"failed","message":"","name":"C:/Users/pc/Desktop/khedma-tn/src/components/ui/__tests__/LoadingComponents.test.tsx"},{"assertionResults":[{"ancestorTitles":["NotificationBell"],"fullName":"NotificationBell loads notifications, marks reads, and reacts to realtime inserts","status":"passed","title":"loads notifications, marks reads, and reacts to realtime inserts","duration":419.79299999999785,"failureMessages":[],"meta":{}},{"ancestorTitles":["NotificationBell"],"fullName":"NotificationBell handles empty and error states cleanly","status":"passed","title":"handles empty and error states cleanly","duration":71.96700000000055,"failureMessages":[],"meta":{}}],"startTime":1776473919238,"endTime":1776473919729.967,"status":"passed","message":"","name":"C:/Users/pc/Desktop/khedma-tn/src/components/ui/__tests__/NotificationBell.test.tsx"},{"assertionResults":[{"ancestorTitles":["PaymentModal accessibility"],"fullName":"PaymentModal accessibility wires payment method tabs to the active tabpanel","status":"passed","title":"wires payment method tabs to the active tabpanel","duration":498.4138000000021,"failureMessages":[],"meta":{}}],"startTime":1776473917696,"endTime":1776473918194.4138,"status":"passed","message":"","name":"C:/Users/pc/Desktop/khedma-tn/src/components/ui/__tests__/PaymentModal.test.tsx"}]}