{"numTotalTestSuites":88,"numPassedTestSuites":60,"numFailedTestSuites":28,"numPendingTestSuites":0,"numTotalTests":164,"numPassedTests":139,"numFailedTests":25,"numPendingTests":0,"numTodoTests":0,"snapshot":{"added":0,"failure":false,"filesAdded":0,"filesRemoved":0,"filesRemovedList":[],"filesUnmatched":0,"filesUpdated":0,"matched":0,"total":0,"unchecked":0,"uncheckedKeysByFile":[],"unmatched":0,"updated":0,"didUpdate":false},"startTime":1774553859624,"success":false,"testResults":[{"assertionResults":[{"ancestorTitles":["Test Infrastructure"],"fullName":"Test Infrastructure should run tests successfully","status":"passed","title":"should run tests successfully","duration":0.9840000000003783,"failureMessages":[],"meta":{}},{"ancestorTitles":["Test Infrastructure"],"fullName":"Test Infrastructure should perform basic arithmetic","status":"passed","title":"should perform basic arithmetic","duration":0.1993000000002212,"failureMessages":[],"meta":{}},{"ancestorTitles":["Test Infrastructure"],"fullName":"Test Infrastructure should handle arrays","status":"passed","title":"should handle arrays","duration":1.248199999999997,"failureMessages":[],"meta":{}},{"ancestorTitles":["Test Infrastructure"],"fullName":"Test Infrastructure should handle objects","status":"passed","title":"should handle objects","duration":0.6539000000011583,"failureMessages":[],"meta":{}},{"ancestorTitles":["Test Infrastructure"],"fullName":"Test Infrastructure should have jest-dom matchers available","status":"passed","title":"should have jest-dom matchers available","duration":0.20540000000073633,"failureMessages":[],"meta":{}}],"startTime":1774553868598,"endTime":1774553868602.2053,"status":"passed","message":"","name":"C:/Users/pc/Desktop/khedma-tn/src/test/infrastructure.test.ts"},{"assertionResults":[{"ancestorTitles":["Jobs Service"],"fullName":"Jobs Service getJobs calls supabase with default filters","status":"failed","title":"getJobs calls supabase with default filters","duration":14.07549999999992,"failureMessages":["AssertionError: expected \"vi.fn()\" to be called with arguments: [ 'jobs' ]\u001b[90m\n\nNumber of calls: \u001b[1m0\u001b[22m\n\u001b[39m\n    at Proxy.<anonymous> (file:///C:/Users/pc/Desktop/khedma-tn/node_modules/@vitest/expect/dist/index.js:1420:10)\n    at Proxy.<anonymous> (file:///C:/Users/pc/Desktop/khedma-tn/node_modules/@vitest/expect/dist/index.js:1090:14)\n    at Proxy.methodWrapper (file:///C:/Users/pc/Desktop/khedma-tn/node_modules/chai/index.js:1700:25)\n    at C:/Users/pc/Desktop/khedma-tn/src/test/services.test.ts:108:26\n    at file:///C:/Users/pc/Desktop/khedma-tn/node_modules/@vitest/runner/dist/index.js:915:20"],"meta":{}},{"ancestorTitles":["Jobs Service"],"fullName":"Jobs Service getJobs applies category filter","status":"failed","title":"getJobs applies category filter","duration":2.5497999999997774,"failureMessages":["AssertionError: expected \"vi.fn()\" to be called with arguments: [ 'jobs' ]\u001b[90m\n\nNumber of calls: \u001b[1m0\u001b[22m\n\u001b[39m\n    at Proxy.<anonymous> (file:///C:/Users/pc/Desktop/khedma-tn/node_modules/@vitest/expect/dist/index.js:1420:10)\n    at Proxy.<anonymous> (file:///C:/Users/pc/Desktop/khedma-tn/node_modules/@vitest/expect/dist/index.js:1090:14)\n    at Proxy.methodWrapper (file:///C:/Users/pc/Desktop/khedma-tn/node_modules/chai/index.js:1700:25)\n    at C:/Users/pc/Desktop/khedma-tn/src/test/services.test.ts:113:26\n    at file:///C:/Users/pc/Desktop/khedma-tn/node_modules/@vitest/runner/dist/index.js:915:20"],"meta":{}},{"ancestorTitles":["Jobs Service"],"fullName":"Jobs Service getJobById fetches single job with client join","status":"failed","title":"getJobById fetches single job with client join","duration":1.16399999999976,"failureMessages":["Error: [vitest] No \"supabaseAnon\" export is defined on the \"@/lib/supabase\" mock. Did you forget to return it from \"vi.mock\"?\nIf you need to partially mock a module, you can use \"importOriginal\" helper inside:\n\n    at VitestMocker.createError (file:///C:/Users/pc/Desktop/khedma-tn/node_modules/vitest/dist/chunks/startModuleRunner.DEj0jb3e.js:311:17)\n    at Object.get (file:///C:/Users/pc/Desktop/khedma-tn/node_modules/vitest/dist/chunks/startModuleRunner.DEj0jb3e.js:384:16)\n    at Module.getJobById (C:/Users/pc/Desktop/khedma-tn/src/services/jobs.ts:131:12)\n    at C:/Users/pc/Desktop/khedma-tn/src/test/services.test.ts:117:27\n    at file:///C:/Users/pc/Desktop/khedma-tn/node_modules/@vitest/runner/dist/index.js:145:11\n    at file:///C:/Users/pc/Desktop/khedma-tn/node_modules/@vitest/runner/dist/index.js:915:26\n    at file:///C:/Users/pc/Desktop/khedma-tn/node_modules/@vitest/runner/dist/index.js:1243:20\n    at new Promise (<anonymous>)\n    at runWithTimeout (file:///C:/Users/pc/Desktop/khedma-tn/node_modules/@vitest/runner/dist/index.js:1209:10)\n    at file:///C:/Users/pc/Desktop/khedma-tn/node_modules/@vitest/runner/dist/index.js:1653:37"],"meta":{}},{"ancestorTitles":["Jobs Service"],"fullName":"Jobs Service createJob inserts with open status","status":"passed","title":"createJob inserts with open status","duration":2.11029999999937,"failureMessages":[],"meta":{}},{"ancestorTitles":["Proposals Service"],"fullName":"Proposals Service getMyProposal queries by job and freelancer","status":"passed","title":"getMyProposal queries by job and freelancer","duration":0.7022999999999229,"failureMessages":[],"meta":{}},{"ancestorTitles":["Proposals Service"],"fullName":"Proposals Service withdrawProposal deletes by id","status":"passed","title":"withdrawProposal deletes by id","duration":0.7397000000000844,"failureMessages":[],"meta":{}},{"ancestorTitles":["Profiles Service"],"fullName":"Profiles Service getProfileById fetches single profile","status":"passed","title":"getProfileById fetches single profile","duration":0.6026000000001659,"failureMessages":[],"meta":{}},{"ancestorTitles":["Profiles Service"],"fullName":"Profiles Service updateProfile includes updated_at","status":"passed","title":"updateProfile includes updated_at","duration":0.7286999999996624,"failureMessages":[],"meta":{}},{"ancestorTitles":["Profiles Service"],"fullName":"Profiles Service toggleFavorite inserts when not saved","status":"passed","title":"toggleFavorite inserts when not saved","duration":0.6628000000000611,"failureMessages":[],"meta":{}},{"ancestorTitles":["Profiles Service"],"fullName":"Profiles Service toggleFavorite deletes when saved","status":"passed","title":"toggleFavorite deletes when saved","duration":0.6858000000001994,"failureMessages":[],"meta":{}},{"ancestorTitles":["Notifications Service"],"fullName":"Notifications Service getNotifications fetches with limit","status":"passed","title":"getNotifications fetches with limit","duration":0.6112000000002809,"failureMessages":[],"meta":{}},{"ancestorTitles":["Notifications Service"],"fullName":"Notifications Service markAllRead updates unread notifications","status":"passed","title":"markAllRead updates unread notifications","duration":0.47589999999945576,"failureMessages":[],"meta":{}}],"startTime":1774553863982,"endTime":1774553864008.4758,"status":"failed","message":"","name":"C:/Users/pc/Desktop/khedma-tn/src/test/services.test.ts"},{"assertionResults":[{"ancestorTitles":["AuthContext","Initial State"],"fullName":"AuthContext Initial State should start with loading state","status":"passed","title":"should start with loading state","duration":33.672199999999975,"failureMessages":[],"meta":{}},{"ancestorTitles":["AuthContext","Initial State"],"fullName":"AuthContext Initial State should have no user when not authenticated","status":"passed","title":"should have no user when not authenticated","duration":18.135400000000118,"failureMessages":[],"meta":{}},{"ancestorTitles":["AuthContext","Initial State"],"fullName":"AuthContext Initial State should provide all auth methods","status":"passed","title":"should provide all auth methods","duration":7.708000000000084,"failureMessages":[],"meta":{}},{"ancestorTitles":["AuthContext","useAuth Hook"],"fullName":"AuthContext useAuth Hook should throw error when used outside AuthProvider","status":"passed","title":"should throw error when used outside AuthProvider","duration":10.177999999999884,"failureMessages":[],"meta":{}},{"ancestorTitles":["AuthContext","Authentication Flow"],"fullName":"AuthContext Authentication Flow should call signInWithPassword on signInWithEmail","status":"passed","title":"should call signInWithPassword on signInWithEmail","duration":12.378600000000006,"failureMessages":[],"meta":{}},{"ancestorTitles":["AuthContext","Authentication Flow"],"fullName":"AuthContext Authentication Flow should call signUp on signUpWithEmail","status":"failed","title":"should call signUp on signUpWithEmail","duration":26.144800000000032,"failureMessages":["AssertionError: expected \"vi.fn()\" to be called with arguments: [ { email: 'new@example.com', …(1) } ]\u001b[90m\n\nReceived: \n\n\u001b[1m  1st vi.fn() call:\n\n\u001b[22m\u001b[2m  [\u001b[22m\n\u001b[2m    {\u001b[22m\n\u001b[2m      \"email\": \"new@example.com\",\u001b[22m\n\u001b[31m+     \"options\": {\u001b[90m\n\u001b[31m+       \"data\": {\u001b[90m\n\u001b[31m+         \"preferred_language\": \"ar\",\u001b[90m\n\u001b[31m+       },\u001b[90m\n\u001b[31m+     },\u001b[90m\n\u001b[2m      \"password\": \"password123\",\u001b[22m\n\u001b[2m    },\u001b[22m\n\u001b[2m  ]\u001b[22m\n\u001b[39m\u001b[90m\n\nNumber of calls: \u001b[1m1\u001b[22m\n\u001b[39m\n    at Proxy.<anonymous> (file:///C:/Users/pc/Desktop/khedma-tn/node_modules/@vitest/expect/dist/index.js:1420:10)\n    at Proxy.<anonymous> (file:///C:/Users/pc/Desktop/khedma-tn/node_modules/@vitest/expect/dist/index.js:1090:14)\n    at Proxy.methodWrapper (file:///C:/Users/pc/Desktop/khedma-tn/node_modules/chai/index.js:1700:25)\n    at C:/Users/pc/Desktop/khedma-tn/src/contexts/__tests__/AuthContext.test.tsx:136:42\n    at file:///C:/Users/pc/Desktop/khedma-tn/node_modules/@vitest/runner/dist/index.js:915:20"],"meta":{}},{"ancestorTitles":["AuthContext","Authentication Flow"],"fullName":"AuthContext Authentication Flow should prepend +216 to phone if not present","status":"passed","title":"should prepend +216 to phone if not present","duration":4.596599999999853,"failureMessages":[],"meta":{}},{"ancestorTitles":["AuthContext","Authentication Flow"],"fullName":"AuthContext Authentication Flow should not add +216 if already present","status":"passed","title":"should not add +216 if already present","duration":13.138899999999921,"failureMessages":[],"meta":{}},{"ancestorTitles":["AuthContext","Sign Out"],"fullName":"AuthContext Sign Out should clear user state on sign out","status":"passed","title":"should clear user state on sign out","duration":26.22510000000011,"failureMessages":[],"meta":{}},{"ancestorTitles":["AuthContext","Profile Operations"],"fullName":"AuthContext Profile Operations should throw error when updating profile without user","status":"passed","title":"should throw error when updating profile without user","duration":10.274499999999989,"failureMessages":[],"meta":{}},{"ancestorTitles":["AuthContext","OTP Verification"],"fullName":"AuthContext OTP Verification should call verifyOtp with correct parameters","status":"passed","title":"should call verifyOtp with correct parameters","duration":5.586399999999685,"failureMessages":[],"meta":{}},{"ancestorTitles":["AuthContext","OTP Verification"],"fullName":"AuthContext OTP Verification should handle full phone number in verifyOtp","status":"passed","title":"should handle full phone number in verifyOtp","duration":24.949699999999666,"failureMessages":[],"meta":{}}],"startTime":1774553861958,"endTime":1774553862154.9497,"status":"failed","message":"","name":"C:/Users/pc/Desktop/khedma-tn/src/contexts/__tests__/AuthContext.test.tsx"},{"assertionResults":[{"ancestorTitles":["currencyUtils"],"fullName":"currencyUtils formats Tunisian dinar values and converts millimes","status":"passed","title":"formats Tunisian dinar values and converts millimes","duration":21.030899999999747,"failureMessages":[],"meta":{}},{"ancestorTitles":["currencyUtils"],"fullName":"currencyUtils calculates fees and totals","status":"passed","title":"calculates fees and totals","duration":1.1262000000006083,"failureMessages":[],"meta":{}},{"ancestorTitles":["currencyUtils"],"fullName":"currencyUtils validates withdrawal rules across failure and success paths","status":"passed","title":"validates withdrawal rules across failure and success paths","duration":0.8904999999995198,"failureMessages":[],"meta":{}},{"ancestorTitles":["currencyUtils"],"fullName":"currencyUtils formats transaction labels, withdrawal labels, and colors with fallbacks","status":"passed","title":"formats transaction labels, withdrawal labels, and colors with fallbacks","duration":1.0113000000001193,"failureMessages":[],"meta":{}},{"ancestorTitles":["authUtils"],"fullName":"authUtils clears auth-related browser storage and auth cookies","status":"passed","title":"clears auth-related browser storage and auth cookies","duration":16.561499999999796,"failureMessages":[],"meta":{}},{"ancestorTitles":["authUtils"],"fullName":"authUtils performs a hard logout and redirects to the requested path","status":"passed","title":"performs a hard logout and redirects to the requested path","duration":3.1504000000004453,"failureMessages":[],"meta":{}}],"startTime":1774553868093,"endTime":1774553868138.1504,"status":"passed","message":"","name":"C:/Users/pc/Desktop/khedma-tn/src/lib/__tests__/currency.authUtils.test.ts"},{"assertionResults":[{"ancestorTitles":["env and integrations"],"fullName":"env and integrations handles Flouci payments in dev mode and prod mode","status":"passed","title":"handles Flouci payments in dev mode and prod mode","duration":56.737199999999575,"failureMessages":[],"meta":{}},{"ancestorTitles":["env and integrations"],"fullName":"env and integrations surfaces Flouci edge-function failures","status":"passed","title":"surfaces Flouci edge-function failures","duration":5.212900000000445,"failureMessages":[],"meta":{}},{"ancestorTitles":["env and integrations"],"fullName":"env and integrations validates env vars and exposes optional env safely","status":"passed","title":"validates env vars and exposes optional env safely","duration":74.16619999999966,"failureMessages":[],"meta":{}},{"ancestorTitles":["env and integrations"],"fullName":"env and integrations initializes and tracks analytics events","status":"passed","title":"initializes and tracks analytics events","duration":18.810600000000704,"failureMessages":[],"meta":{}}],"startTime":1774553867688,"endTime":1774553867842.8105,"status":"passed","message":"","name":"C:/Users/pc/Desktop/khedma-tn/src/lib/__tests__/env.integrations.test.ts"},{"assertionResults":[{"ancestorTitles":["profileCompletion"],"fullName":"profileCompletion calculates weak freelancer completion with missing steps","status":"passed","title":"calculates weak freelancer completion with missing steps","duration":2.7171999999991385,"failureMessages":[],"meta":{}},{"ancestorTitles":["profileCompletion"],"fullName":"profileCompletion calculates excellent freelancer completion when all major steps are filled","status":"passed","title":"calculates excellent freelancer completion when all major steps are filled","duration":0.5200000000004366,"failureMessages":[],"meta":{}},{"ancestorTitles":["profileCompletion"],"fullName":"profileCompletion calculates client completion strength tiers","status":"passed","title":"calculates client completion strength tiers","duration":0.839799999999741,"failureMessages":[],"meta":{}},{"ancestorTitles":["schemaValidation"],"fullName":"schemaValidation sanitizes profile data and warns on blocked or unknown fields","status":"passed","title":"sanitizes profile data and warns on blocked or unknown fields","duration":2.5552000000006956,"failureMessages":[],"meta":{}},{"ancestorTitles":["schemaValidation"],"fullName":"schemaValidation sanitizes freelancer profile data and validates field helpers","status":"passed","title":"sanitizes freelancer profile data and validates field helpers","duration":0.7106000000003405,"failureMessages":[],"meta":{}},{"ancestorTitles":["utils"],"fullName":"utils merges class names predictably","status":"passed","title":"merges class names predictably","duration":5.817800000000716,"failureMessages":[],"meta":{}}],"startTime":1774553868216,"endTime":1774553868229.8179,"status":"passed","message":"","name":"C:/Users/pc/Desktop/khedma-tn/src/lib/__tests__/profile.schema.utils.test.ts"},{"assertionResults":[{"ancestorTitles":["Supabase Client","Query Builder"],"fullName":"Supabase Client Query Builder should create query builder with from()","status":"passed","title":"should create query builder with from()","duration":1.7785000000003492,"failureMessages":[],"meta":{}},{"ancestorTitles":["Supabase Client","Query Builder"],"fullName":"Supabase Client Query Builder should chain query methods","status":"passed","title":"should chain query methods","duration":0.316899999999805,"failureMessages":[],"meta":{}},{"ancestorTitles":["Supabase Client","Query Builder"],"fullName":"Supabase Client Query Builder should return mock data with select","status":"passed","title":"should return mock data with select","duration":1.3202999999994063,"failureMessages":[],"meta":{}},{"ancestorTitles":["Supabase Client","Query Builder"],"fullName":"Supabase Client Query Builder should filter data with eq()","status":"passed","title":"should filter data with eq()","duration":0.3629000000000815,"failureMessages":[],"meta":{}},{"ancestorTitles":["Supabase Client","Query Builder"],"fullName":"Supabase Client Query Builder should return single record","status":"passed","title":"should return single record","duration":0.3389999999999418,"failureMessages":[],"meta":{}},{"ancestorTitles":["Supabase Client","Query Builder"],"fullName":"Supabase Client Query Builder should return error for single when no match","status":"passed","title":"should return error for single when no match","duration":0.2789999999986321,"failureMessages":[],"meta":{}},{"ancestorTitles":["Supabase Client","Query Builder"],"fullName":"Supabase Client Query Builder should handle mock errors","status":"passed","title":"should handle mock errors","duration":0.3703000000004977,"failureMessages":[],"meta":{}},{"ancestorTitles":["Supabase Client","Insert Operations"],"fullName":"Supabase Client Insert Operations should insert new records","status":"passed","title":"should insert new records","duration":0.3932999999997264,"failureMessages":[],"meta":{}},{"ancestorTitles":["Supabase Client","Insert Operations"],"fullName":"Supabase Client Insert Operations should insert multiple records","status":"passed","title":"should insert multiple records","duration":0.3922999999995227,"failureMessages":[],"meta":{}},{"ancestorTitles":["Supabase Client","Update Operations"],"fullName":"Supabase Client Update Operations should update existing records","status":"passed","title":"should update existing records","duration":0.6134000000001834,"failureMessages":[],"meta":{}},{"ancestorTitles":["Supabase Client","Delete Operations"],"fullName":"Supabase Client Delete Operations should delete records","status":"passed","title":"should delete records","duration":0.30979999999908614,"failureMessages":[],"meta":{}},{"ancestorTitles":["Supabase Client","Auth Methods"],"fullName":"Supabase Client Auth Methods should mock getSession","status":"passed","title":"should mock getSession","duration":0.3095000000012078,"failureMessages":[],"meta":{}},{"ancestorTitles":["Supabase Client","Auth Methods"],"fullName":"Supabase Client Auth Methods should mock signInWithPassword","status":"passed","title":"should mock signInWithPassword","duration":0.2265000000006694,"failureMessages":[],"meta":{}},{"ancestorTitles":["Supabase Client","Auth Methods"],"fullName":"Supabase Client Auth Methods should mock signUp","status":"passed","title":"should mock signUp","duration":0.3162000000011176,"failureMessages":[],"meta":{}},{"ancestorTitles":["Supabase Client","Auth Methods"],"fullName":"Supabase Client Auth Methods should mock signOut","status":"passed","title":"should mock signOut","duration":0.17690000000038708,"failureMessages":[],"meta":{}},{"ancestorTitles":["Supabase Client","Auth Methods"],"fullName":"Supabase Client Auth Methods should mock onAuthStateChange","status":"passed","title":"should mock onAuthStateChange","duration":0.2673999999988155,"failureMessages":[],"meta":{}},{"ancestorTitles":["Supabase Client","Storage Methods"],"fullName":"Supabase Client Storage Methods should mock storage upload","status":"passed","title":"should mock storage upload","duration":0.4807999999993626,"failureMessages":[],"meta":{}},{"ancestorTitles":["Supabase Client","Storage Methods"],"fullName":"Supabase Client Storage Methods should mock getPublicUrl","status":"passed","title":"should mock getPublicUrl","duration":0.2070000000003347,"failureMessages":[],"meta":{}},{"ancestorTitles":["Supabase Client","Realtime"],"fullName":"Supabase Client Realtime should mock channel subscription","status":"passed","title":"should mock channel subscription","duration":0.32030000000122527,"failureMessages":[],"meta":{}}],"startTime":1774553868367,"endTime":1774553868376.3203,"status":"passed","message":"","name":"C:/Users/pc/Desktop/khedma-tn/src/lib/__tests__/supabase.test.ts"},{"assertionResults":[{"ancestorTitles":["misc hooks coverage"],"fullName":"misc hooks coverage animates counters toward the target number","status":"passed","title":"animates counters toward the target number","duration":36.35810000000038,"failureMessages":[],"meta":{}},{"ancestorTitles":["misc hooks coverage"],"fullName":"misc hooks coverage autosaves, loads, and clears persisted data","status":"passed","title":"autosaves, loads, and clears persisted data","duration":28.186000000000604,"failureMessages":[],"meta":{}},{"ancestorTitles":["misc hooks coverage"],"fullName":"misc hooks coverage handles autosave storage failures","status":"passed","title":"handles autosave storage failures","duration":9.916700000000674,"failureMessages":[],"meta":{}},{"ancestorTitles":["misc hooks coverage"],"fullName":"misc hooks coverage moves focus to main content and then h1 on route changes","status":"passed","title":"moves focus to main content and then h1 on route changes","duration":38.49110000000019,"failureMessages":[],"meta":{}}],"startTime":1774553865956,"endTime":1774553866068.4912,"status":"passed","message":"","name":"C:/Users/pc/Desktop/khedma-tn/src/hooks/__tests__/miscHooks.test.tsx"},{"assertionResults":[{"ancestorTitles":["useAuth Hook","Authentication State"],"fullName":"useAuth Hook Authentication State should return isAuthenticated as false when no user","status":"passed","title":"should return isAuthenticated as false when no user","duration":38.135299999999916,"failureMessages":[],"meta":{}},{"ancestorTitles":["useAuth Hook","Login Functions"],"fullName":"useAuth Hook Login Functions should provide signInWithEmail function","status":"passed","title":"should provide signInWithEmail function","duration":5.502700000000004,"failureMessages":[],"meta":{}},{"ancestorTitles":["useAuth Hook","Login Functions"],"fullName":"useAuth Hook Login Functions should call supabase signInWithPassword when signInWithEmail is called","status":"passed","title":"should call supabase signInWithPassword when signInWithEmail is called","duration":12.398199999999633,"failureMessages":[],"meta":{}},{"ancestorTitles":["useAuth Hook","Login Functions"],"fullName":"useAuth Hook Login Functions should provide signInWithPhone function","status":"passed","title":"should provide signInWithPhone function","duration":22.997600000000148,"failureMessages":[],"meta":{}},{"ancestorTitles":["useAuth Hook","Login Functions"],"fullName":"useAuth Hook Login Functions should format phone number with +216 prefix","status":"passed","title":"should format phone number with +216 prefix","duration":15.264300000000276,"failureMessages":[],"meta":{}},{"ancestorTitles":["useAuth Hook","Signup Functions"],"fullName":"useAuth Hook Signup Functions should provide signUpWithEmail function","status":"passed","title":"should provide signUpWithEmail function","duration":4.751600000000053,"failureMessages":[],"meta":{}},{"ancestorTitles":["useAuth Hook","Signup Functions"],"fullName":"useAuth Hook Signup Functions should call supabase signUp when signUpWithEmail is called","status":"failed","title":"should call supabase signUp when signUpWithEmail is called","duration":16.184799999999996,"failureMessages":["AssertionError: expected \"vi.fn()\" to be called with arguments: [ { email: 'new@example.com', …(1) } ]\u001b[90m\n\nReceived: \n\n\u001b[1m  1st vi.fn() call:\n\n\u001b[22m\u001b[2m  [\u001b[22m\n\u001b[2m    {\u001b[22m\n\u001b[2m      \"email\": \"new@example.com\",\u001b[22m\n\u001b[31m+     \"options\": {\u001b[90m\n\u001b[31m+       \"data\": {\u001b[90m\n\u001b[31m+         \"preferred_language\": \"ar\",\u001b[90m\n\u001b[31m+       },\u001b[90m\n\u001b[31m+     },\u001b[90m\n\u001b[2m      \"password\": \"password123\",\u001b[22m\n\u001b[2m    },\u001b[22m\n\u001b[2m  ]\u001b[22m\n\u001b[39m\u001b[90m\n\nNumber of calls: \u001b[1m1\u001b[22m\n\u001b[39m\n    at Proxy.<anonymous> (file:///C:/Users/pc/Desktop/khedma-tn/node_modules/@vitest/expect/dist/index.js:1420:10)\n    at Proxy.<anonymous> (file:///C:/Users/pc/Desktop/khedma-tn/node_modules/@vitest/expect/dist/index.js:1090:14)\n    at Proxy.methodWrapper (file:///C:/Users/pc/Desktop/khedma-tn/node_modules/chai/index.js:1700:25)\n    at C:/Users/pc/Desktop/khedma-tn/src/hooks/__tests__/useAuth.test.tsx:141:42\n    at file:///C:/Users/pc/Desktop/khedma-tn/node_modules/@vitest/runner/dist/index.js:915:20"],"meta":{}},{"ancestorTitles":["useAuth Hook","Logout Function"],"fullName":"useAuth Hook Logout Function should provide signOut function","status":"passed","title":"should provide signOut function","duration":10.340200000000095,"failureMessages":[],"meta":{}},{"ancestorTitles":["useAuth Hook","Logout Function"],"fullName":"useAuth Hook Logout Function should call supabase signOut and clear state","status":"passed","title":"should call supabase signOut and clear state","duration":26.657200000000103,"failureMessages":[],"meta":{}},{"ancestorTitles":["useAuth Hook","OTP Verification"],"fullName":"useAuth Hook OTP Verification should provide verifyOtp function","status":"passed","title":"should provide verifyOtp function","duration":4.698800000000119,"failureMessages":[],"meta":{}},{"ancestorTitles":["useAuth Hook","OTP Verification"],"fullName":"useAuth Hook OTP Verification should call supabase verifyOtp with correct params","status":"passed","title":"should call supabase verifyOtp with correct params","duration":19.982500000000073,"failureMessages":[],"meta":{}},{"ancestorTitles":["useAuth Hook","Profile Functions"],"fullName":"useAuth Hook Profile Functions should provide updateProfile function","status":"passed","title":"should provide updateProfile function","duration":3.505300000000261,"failureMessages":[],"meta":{}},{"ancestorTitles":["useAuth Hook","Profile Functions"],"fullName":"useAuth Hook Profile Functions should provide refreshProfile function","status":"passed","title":"should provide refreshProfile function","duration":4.613500000000386,"failureMessages":[],"meta":{}},{"ancestorTitles":["useAuth Hook","Profile Functions"],"fullName":"useAuth Hook Profile Functions should throw error when updating profile without user","status":"passed","title":"should throw error when updating profile without user","duration":10.11929999999984,"failureMessages":[],"meta":{}},{"ancestorTitles":["useAuth Hook","Profile Functions"],"fullName":"useAuth Hook Profile Functions should provide setUserType function","status":"passed","title":"should provide setUserType function","duration":4.281500000000051,"failureMessages":[],"meta":{}},{"ancestorTitles":["useAuth Hook","Freelancer Profile Functions"],"fullName":"useAuth Hook Freelancer Profile Functions should provide updateFreelancerProfile function","status":"passed","title":"should provide updateFreelancerProfile function","duration":4.1611000000002605,"failureMessages":[],"meta":{}},{"ancestorTitles":["useAuth Hook","Freelancer Profile Functions"],"fullName":"useAuth Hook Freelancer Profile Functions should return freelancerProfile as null initially","status":"passed","title":"should return freelancerProfile as null initially","duration":5.595000000000255,"failureMessages":[],"meta":{}}],"startTime":1774553861960,"endTime":1774553862170.595,"status":"failed","message":"","name":"C:/Users/pc/Desktop/khedma-tn/src/hooks/__tests__/useAuth.test.tsx"},{"assertionResults":[{"ancestorTitles":["useContractState"],"fullName":"useContractState refreshes contract state and allows freelancer delivery actions","status":"failed","title":"refreshes contract state and allows freelancer delivery actions","duration":31.472299999999905,"failureMessages":["Error: [vitest] No \"sendContractMessage\" export is defined on the \"@/services/messages\" mock. Did you forget to return it from \"vi.mock\"?\nIf you need to partially mock a module, you can use \"importOriginal\" helper inside:\n\n    at VitestMocker.createError (file:///C:/Users/pc/Desktop/khedma-tn/node_modules/vitest/dist/chunks/startModuleRunner.DEj0jb3e.js:311:17)\n    at Object.get (file:///C:/Users/pc/Desktop/khedma-tn/node_modules/vitest/dist/chunks/startModuleRunner.DEj0jb3e.js:384:16)\n    at Object.deliverWork (C:/Users/pc/Desktop/khedma-tn/src/hooks/useContractState.ts:138:55)\n    at C:/Users/pc/Desktop/khedma-tn/src/hooks/__tests__/useContractState.test.tsx:87:34\n    at C:\\Users\\pc\\Desktop\\khedma-tn\\node_modules\\@testing-library\\react\\dist\\act-compat.js:47:24\n    at process.env.NODE_ENV.exports.act (C:\\Users\\pc\\Desktop\\khedma-tn\\node_modules\\react\\cjs\\react.development.js:814:22)\n    at Proxy.<anonymous> (C:\\Users\\pc\\Desktop\\khedma-tn\\node_modules\\@testing-library\\react\\dist\\act-compat.js:46:25)\n    at C:/Users/pc/Desktop/khedma-tn/src/hooks/__tests__/useContractState.test.tsx:86:15\n    at file:///C:/Users/pc/Desktop/khedma-tn/node_modules/@vitest/runner/dist/index.js:915:20"],"meta":{}},{"ancestorTitles":["useContractState"],"fullName":"useContractState supports client acceptance, feedback, and disputes","status":"failed","title":"supports client acceptance, feedback, and disputes","duration":7.30179999999973,"failureMessages":["Error: [vitest] No \"sendContractMessage\" export is defined on the \"@/services/messages\" mock. Did you forget to return it from \"vi.mock\"?\nIf you need to partially mock a module, you can use \"importOriginal\" helper inside:\n\n    at VitestMocker.createError (file:///C:/Users/pc/Desktop/khedma-tn/node_modules/vitest/dist/chunks/startModuleRunner.DEj0jb3e.js:311:17)\n    at Object.get (file:///C:/Users/pc/Desktop/khedma-tn/node_modules/vitest/dist/chunks/startModuleRunner.DEj0jb3e.js:384:16)\n    at Object.requestChanges (C:/Users/pc/Desktop/khedma-tn/src/hooks/useContractState.ts:203:51)\n    at C:/Users/pc/Desktop/khedma-tn/src/hooks/__tests__/useContractState.test.tsx:121:34\n    at C:\\Users\\pc\\Desktop\\khedma-tn\\node_modules\\@testing-library\\react\\dist\\act-compat.js:47:24\n    at process.env.NODE_ENV.exports.act (C:\\Users\\pc\\Desktop\\khedma-tn\\node_modules\\react\\cjs\\react.development.js:814:22)\n    at Proxy.<anonymous> (C:\\Users\\pc\\Desktop\\khedma-tn\\node_modules\\@testing-library\\react\\dist\\act-compat.js:46:25)\n    at C:/Users/pc/Desktop/khedma-tn/src/hooks/__tests__/useContractState.test.tsx:120:15\n    at file:///C:/Users/pc/Desktop/khedma-tn/node_modules/@vitest/runner/dist/index.js:915:20"],"meta":{}},{"ancestorTitles":["useContractState"],"fullName":"useContractState surfaces refresh errors and blocks invalid role transitions","status":"passed","title":"surfaces refresh errors and blocks invalid role transitions","duration":20.49669999999969,"failureMessages":[],"meta":{}}],"startTime":1774553861941,"endTime":1774553862000.4966,"status":"failed","message":"","name":"C:/Users/pc/Desktop/khedma-tn/src/hooks/__tests__/useContractState.test.tsx"},{"assertionResults":[{"ancestorTitles":["useDebounce"],"fullName":"useDebounce should return initial value immediately","status":"passed","title":"should return initial value immediately","duration":38.24719999999979,"failureMessages":[],"meta":{}},{"ancestorTitles":["useDebounce"],"fullName":"useDebounce should debounce value updates","status":"passed","title":"should debounce value updates","duration":8.699699999999211,"failureMessages":[],"meta":{}},{"ancestorTitles":["useDebounce"],"fullName":"useDebounce should reset timer on rapid changes","status":"passed","title":"should reset timer on rapid changes","duration":6.494300000000294,"failureMessages":[],"meta":{}},{"ancestorTitles":["useDebounce"],"fullName":"useDebounce should work with different types","status":"passed","title":"should work with different types","duration":12.362900000000081,"failureMessages":[],"meta":{}},{"ancestorTitles":["useDebounce"],"fullName":"useDebounce should cleanup timeout on unmount","status":"passed","title":"should cleanup timeout on unmount","duration":4.218600000000151,"failureMessages":[],"meta":{}},{"ancestorTitles":["useDebounce"],"fullName":"useDebounce should handle delay changes","status":"passed","title":"should handle delay changes","duration":4.866100000000188,"failureMessages":[],"meta":{}}],"startTime":1774553865881,"endTime":1774553865955.8662,"status":"passed","message":"","name":"C:/Users/pc/Desktop/khedma-tn/src/hooks/__tests__/useDebounce.test.ts"},{"assertionResults":[{"ancestorTitles":["useFileUpload"],"fullName":"useFileUpload uploads a valid file and returns uploaded metadata","status":"passed","title":"uploads a valid file and returns uploaded metadata","duration":37.16729999999916,"failureMessages":[],"meta":{}},{"ancestorTitles":["useFileUpload"],"fullName":"useFileUpload rejects oversized or unsupported files and exposes reset helpers","status":"passed","title":"rejects oversized or unsupported files and exposes reset helpers","duration":9.862499999999272,"failureMessages":[],"meta":{}},{"ancestorTitles":["useFileUpload"],"fullName":"useFileUpload uploads multiple files and updates progress","status":"passed","title":"uploads multiple files and updates progress","duration":8.811599999999089,"failureMessages":[],"meta":{}},{"ancestorTitles":["useFileUpload helpers"],"fullName":"useFileUpload helpers maps file types to icons","status":"passed","title":"maps file types to icons","duration":0.6406999999999243,"failureMessages":[],"meta":{}},{"ancestorTitles":["useFileUpload helpers"],"fullName":"useFileUpload helpers formats file sizes","status":"passed","title":"formats file sizes","duration":0.42259999999987485,"failureMessages":[],"meta":{}}],"startTime":1774553867769,"endTime":1774553867827.4226,"status":"passed","message":"","name":"C:/Users/pc/Desktop/khedma-tn/src/hooks/__tests__/useFileUpload.test.tsx"},{"assertionResults":[{"ancestorTitles":["useInfiniteScroll"],"fullName":"useInfiniteScroll should return a ref function","status":"passed","title":"should return a ref function","duration":31.278399999999237,"failureMessages":[],"meta":{}},{"ancestorTitles":["useInfiniteScroll"],"fullName":"useInfiniteScroll should not call callback when not in view","status":"passed","title":"should not call callback when not in view","duration":3.479699999999866,"failureMessages":[],"meta":{}},{"ancestorTitles":["useInfiniteScroll"],"fullName":"useInfiniteScroll should call callback when in view and hasMore is true","status":"passed","title":"should call callback when in view and hasMore is true","duration":6.785799999999654,"failureMessages":[],"meta":{}},{"ancestorTitles":["useInfiniteScroll"],"fullName":"useInfiniteScroll should not call callback when in view but hasMore is false","status":"passed","title":"should not call callback when in view but hasMore is false","duration":3.1906999999991967,"failureMessages":[],"meta":{}},{"ancestorTitles":["useInfiniteScroll"],"fullName":"useInfiniteScroll should use correct threshold and rootMargin","status":"passed","title":"should use correct threshold and rootMargin","duration":5.445499999999811,"failureMessages":[],"meta":{}},{"ancestorTitles":["useInfiniteScroll"],"fullName":"useInfiniteScroll should call callback again when inView changes","status":"passed","title":"should call callback again when inView changes","duration":12.946999999998297,"failureMessages":[],"meta":{}},{"ancestorTitles":["useInfiniteScroll"],"fullName":"useInfiniteScroll should not call callback when hasMore changes to false","status":"passed","title":"should not call callback when hasMore changes to false","duration":3.8584999999984575,"failureMessages":[],"meta":{}}],"startTime":1774553867753,"endTime":1774553867819.8584,"status":"passed","message":"","name":"C:/Users/pc/Desktop/khedma-tn/src/hooks/__tests__/useInfiniteScroll.test.ts"},{"assertionResults":[{"ancestorTitles":["useMediaQuery"],"fullName":"useMediaQuery should return false initially when media query does not match","status":"passed","title":"should return false initially when media query does not match","duration":30.144599999999627,"failureMessages":[],"meta":{}},{"ancestorTitles":["useMediaQuery"],"fullName":"useMediaQuery should return true when media query matches","status":"passed","title":"should return true when media query matches","duration":5.1270999999997,"failureMessages":[],"meta":{}},{"ancestorTitles":["useMediaQuery"],"fullName":"useMediaQuery should add event listener on mount","status":"passed","title":"should add event listener on mount","duration":8.3125,"failureMessages":[],"meta":{}},{"ancestorTitles":["useMediaQuery"],"fullName":"useMediaQuery should remove event listener on unmount","status":"passed","title":"should remove event listener on unmount","duration":3.8530000000000655,"failureMessages":[],"meta":{}},{"ancestorTitles":["useMediaQuery"],"fullName":"useMediaQuery should update when media query result changes","status":"passed","title":"should update when media query result changes","duration":3.7993999999998778,"failureMessages":[],"meta":{}},{"ancestorTitles":["useMediaQuery"],"fullName":"useMediaQuery should handle different queries","status":"passed","title":"should handle different queries","duration":7.600099999999657,"failureMessages":[],"meta":{}},{"ancestorTitles":["useMediaQuery"],"fullName":"useMediaQuery should handle query changes","status":"passed","title":"should handle query changes","duration":4.876200000000608,"failureMessages":[],"meta":{}},{"ancestorTitles":["useMediaQuery"],"fullName":"useMediaQuery should work with common breakpoints","status":"passed","title":"should work with common breakpoints","duration":15.378499999999804,"failureMessages":[],"meta":{}}],"startTime":1774553866798,"endTime":1774553866878.3784,"status":"passed","message":"","name":"C:/Users/pc/Desktop/khedma-tn/src/hooks/__tests__/useMediaQuery.test.ts"},{"assertionResults":[{"ancestorTitles":["useRealtimeChat"],"fullName":"useRealtimeChat fetches messages, tracks presence, handles realtime inserts, and cleans up","status":"passed","title":"fetches messages, tracks presence, handles realtime inserts, and cleans up","duration":114.84799999999996,"failureMessages":[],"meta":{}},{"ancestorTitles":["useRealtimeChat"],"fullName":"useRealtimeChat sends trimmed messages, toggles typing state, and auto-resets typing","status":"failed","title":"sends trimmed messages, toggles typing state, and auto-resets typing","duration":107.00580000000036,"failureMessages":["Error: [vitest] No \"sendContractMessage\" export is defined on the \"@/services/messages\" mock. Did you forget to return it from \"vi.mock\"?\nIf you need to partially mock a module, you can use \"importOriginal\" helper inside:\n\n    at VitestMocker.createError (file:///C:/Users/pc/Desktop/khedma-tn/node_modules/vitest/dist/chunks/startModuleRunner.DEj0jb3e.js:311:17)\n    at Object.get (file:///C:/Users/pc/Desktop/khedma-tn/node_modules/vitest/dist/chunks/startModuleRunner.DEj0jb3e.js:384:16)\n    at Object.sendMessage (C:/Users/pc/Desktop/khedma-tn/src/hooks/useRealtimeChat.ts:160:54)\n    at C:/Users/pc/Desktop/khedma-tn/src/hooks/__tests__/useRealtimeChat.test.tsx:217:34"],"meta":{}},{"ancestorTitles":["useRealtimeChat"],"fullName":"useRealtimeChat surfaces fetch and send errors and skips disabled chat setup","status":"failed","title":"surfaces fetch and send errors and skips disabled chat setup","duration":93.4648000000002,"failureMessages":["AssertionError: expected [Function] to throw error including 'send failed' but got '[vitest] No \"sendContractMessage\" exp…'\n    at _Assertion.<anonymous> (file:///C:/Users/pc/Desktop/khedma-tn/node_modules/@vitest/expect/dist/index.js:1485:16)\n    at _Assertion.<anonymous> (file:///C:/Users/pc/Desktop/khedma-tn/node_modules/@vitest/expect/dist/index.js:1090:14)\n    at _Assertion.methodWrapper (file:///C:/Users/pc/Desktop/khedma-tn/node_modules/chai/index.js:1700:25)\n    at file:///C:/Users/pc/Desktop/khedma-tn/node_modules/@vitest/expect/dist/index.js:1704:20"],"meta":{}}],"startTime":1774553861940,"endTime":1774553862255.4648,"status":"failed","message":"","name":"C:/Users/pc/Desktop/khedma-tn/src/hooks/__tests__/useRealtimeChat.test.tsx"},{"assertionResults":[{"ancestorTitles":["useVoiceRecording"],"fullName":"useVoiceRecording records, pauses, resumes, auto-builds audio, uploads, and clears recording","status":"passed","title":"records, pauses, resumes, auto-builds audio, uploads, and clears recording","duration":45.354200000000674,"failureMessages":[],"meta":{}},{"ancestorTitles":["useVoiceRecording"],"fullName":"useVoiceRecording auto-stops at the configured max duration","status":"passed","title":"auto-stops at the configured max duration","duration":8.481900000000678,"failureMessages":[],"meta":{}},{"ancestorTitles":["useVoiceRecording"],"fullName":"useVoiceRecording reports upload failures and missing audio cleanly","status":"passed","title":"reports upload failures and missing audio cleanly","duration":7.314300000000003,"failureMessages":[],"meta":{}},{"ancestorTitles":["useVoiceRecording"],"fullName":"useVoiceRecording surfaces media permission and recorder errors","status":"passed","title":"surfaces media permission and recorder errors","duration":9.217499999999745,"failureMessages":[],"meta":{}}],"startTime":1774553865961,"endTime":1774553866032.2175,"status":"passed","message":"","name":"C:/Users/pc/Desktop/khedma-tn/src/hooks/__tests__/useVoiceRecording.test.tsx"},{"assertionResults":[{"ancestorTitles":["ContractWorkspace"],"fullName":"ContractWorkspace renders loading and empty states from the initial contract query","status":"passed","title":"renders loading and empty states from the initial contract query","duration":76.86869999999999,"failureMessages":[],"meta":{}},{"ancestorTitles":["ContractWorkspace"],"fullName":"ContractWorkspace renders the workspace and wires the major contract actions","status":"failed","title":"renders the workspace and wires the major contract actions","duration":50.078899999999976,"failureMessages":["TypeError: Cannot read properties of undefined (reading 'add')\n    at HelmetDispatcher.init (C:\\Users\\pc\\Desktop\\khedma-tn\\node_modules\\react-helmet-async\\lib\\index.js:676:21)\n    at HelmetDispatcher.render (C:\\Users\\pc\\Desktop\\khedma-tn\\node_modules\\react-helmet-async\\lib\\index.js:680:10)\n    at Object.react_stack_bottom_frame (C:\\Users\\pc\\Desktop\\khedma-tn\\node_modules\\react-dom\\cjs\\react-dom-client.development.js:25917:29)\n    at updateClassComponent (C:\\Users\\pc\\Desktop\\khedma-tn\\node_modules\\react-dom\\cjs\\react-dom-client.development.js:10719:25)\n    at beginWork (C:\\Users\\pc\\Desktop\\khedma-tn\\node_modules\\react-dom\\cjs\\react-dom-client.development.js:11792:13)\n    at runWithFiberInDEV (C:\\Users\\pc\\Desktop\\khedma-tn\\node_modules\\react-dom\\cjs\\react-dom-client.development.js:874:13)\n    at performUnitOfWork (C:\\Users\\pc\\Desktop\\khedma-tn\\node_modules\\react-dom\\cjs\\react-dom-client.development.js:17641:22)\n    at workLoopSync (C:\\Users\\pc\\Desktop\\khedma-tn\\node_modules\\react-dom\\cjs\\react-dom-client.development.js:17469:41)\n    at renderRootSync (C:\\Users\\pc\\Desktop\\khedma-tn\\node_modules\\react-dom\\cjs\\react-dom-client.development.js:17450:11)\n    at performWorkOnRoot (C:\\Users\\pc\\Desktop\\khedma-tn\\node_modules\\react-dom\\cjs\\react-dom-client.development.js:16583:35)"],"meta":{}},{"ancestorTitles":["ContractWorkspace"],"fullName":"ContractWorkspace shows toast errors when contract actions fail","status":"failed","title":"shows toast errors when contract actions fail","duration":20.05179999999973,"failureMessages":["TypeError: Cannot read properties of undefined (reading 'add')\n    at HelmetDispatcher.init (C:\\Users\\pc\\Desktop\\khedma-tn\\node_modules\\react-helmet-async\\lib\\index.js:676:21)\n    at HelmetDispatcher.render (C:\\Users\\pc\\Desktop\\khedma-tn\\node_modules\\react-helmet-async\\lib\\index.js:680:10)\n    at Object.react_stack_bottom_frame (C:\\Users\\pc\\Desktop\\khedma-tn\\node_modules\\react-dom\\cjs\\react-dom-client.development.js:25917:29)\n    at updateClassComponent (C:\\Users\\pc\\Desktop\\khedma-tn\\node_modules\\react-dom\\cjs\\react-dom-client.development.js:10719:25)\n    at beginWork (C:\\Users\\pc\\Desktop\\khedma-tn\\node_modules\\react-dom\\cjs\\react-dom-client.development.js:11792:13)\n    at runWithFiberInDEV (C:\\Users\\pc\\Desktop\\khedma-tn\\node_modules\\react-dom\\cjs\\react-dom-client.development.js:874:13)\n    at performUnitOfWork (C:\\Users\\pc\\Desktop\\khedma-tn\\node_modules\\react-dom\\cjs\\react-dom-client.development.js:17641:22)\n    at workLoopSync (C:\\Users\\pc\\Desktop\\khedma-tn\\node_modules\\react-dom\\cjs\\react-dom-client.development.js:17469:41)\n    at renderRootSync (C:\\Users\\pc\\Desktop\\khedma-tn\\node_modules\\react-dom\\cjs\\react-dom-client.development.js:17450:11)\n    at performWorkOnRoot (C:\\Users\\pc\\Desktop\\khedma-tn\\node_modules\\react-dom\\cjs\\react-dom-client.development.js:16583:35)"],"meta":{}},{"ancestorTitles":["ContractWorkspace"],"fullName":"ContractWorkspace handles typing and review cancellation paths","status":"failed","title":"handles typing and review cancellation paths","duration":12.302100000000337,"failureMessages":["TypeError: Cannot read properties of undefined (reading 'add')\n    at HelmetDispatcher.init (C:\\Users\\pc\\Desktop\\khedma-tn\\node_modules\\react-helmet-async\\lib\\index.js:676:21)\n    at HelmetDispatcher.render (C:\\Users\\pc\\Desktop\\khedma-tn\\node_modules\\react-helmet-async\\lib\\index.js:680:10)\n    at Object.react_stack_bottom_frame (C:\\Users\\pc\\Desktop\\khedma-tn\\node_modules\\react-dom\\cjs\\react-dom-client.development.js:25917:29)\n    at updateClassComponent (C:\\Users\\pc\\Desktop\\khedma-tn\\node_modules\\react-dom\\cjs\\react-dom-client.development.js:10719:25)\n    at beginWork (C:\\Users\\pc\\Desktop\\khedma-tn\\node_modules\\react-dom\\cjs\\react-dom-client.development.js:11792:13)\n    at runWithFiberInDEV (C:\\Users\\pc\\Desktop\\khedma-tn\\node_modules\\react-dom\\cjs\\react-dom-client.development.js:874:13)\n    at performUnitOfWork (C:\\Users\\pc\\Desktop\\khedma-tn\\node_modules\\react-dom\\cjs\\react-dom-client.development.js:17641:22)\n    at workLoopSync (C:\\Users\\pc\\Desktop\\khedma-tn\\node_modules\\react-dom\\cjs\\react-dom-client.development.js:17469:41)\n    at renderRootSync (C:\\Users\\pc\\Desktop\\khedma-tn\\node_modules\\react-dom\\cjs\\react-dom-client.development.js:17450:11)\n    at performWorkOnRoot (C:\\Users\\pc\\Desktop\\khedma-tn\\node_modules\\react-dom\\cjs\\react-dom-client.development.js:16583:35)"],"meta":{}}],"startTime":1774553862545,"endTime":1774553862704.302,"status":"failed","message":"","name":"C:/Users/pc/Desktop/khedma-tn/src/pages/__tests__/ContractWorkspace.test.tsx"},{"assertionResults":[{"ancestorTitles":["JobBoard"],"fullName":"JobBoard renders fetched jobs and requests the next page from Load more","status":"passed","title":"renders fetched jobs and requests the next page from Load more","duration":225.6835000000001,"failureMessages":[],"meta":{}}],"startTime":1774553866267,"endTime":1774553866492.6836,"status":"passed","message":"","name":"C:/Users/pc/Desktop/khedma-tn/src/pages/__tests__/JobBoard.test.tsx"},{"assertionResults":[{"ancestorTitles":["JobDetail"],"fullName":"JobDetail renders the job detail page with job content and similar jobs","status":"failed","title":"renders the job detail page with job content and similar jobs","duration":80.37450000000035,"failureMessages":["TypeError: Cannot read properties of null (reading 'balance')\n    at JobDetail (C:/Users/pc/Desktop/khedma-tn/src/pages/JobDetail.tsx:557:90)\n    at Object.react_stack_bottom_frame (C:\\Users\\pc\\Desktop\\khedma-tn\\node_modules\\react-dom\\cjs\\react-dom-client.development.js:25904:20)\n    at renderWithHooks (C:\\Users\\pc\\Desktop\\khedma-tn\\node_modules\\react-dom\\cjs\\react-dom-client.development.js:7662:22)\n    at updateFunctionComponent (C:\\Users\\pc\\Desktop\\khedma-tn\\node_modules\\react-dom\\cjs\\react-dom-client.development.js:10166:19)\n    at beginWork (C:\\Users\\pc\\Desktop\\khedma-tn\\node_modules\\react-dom\\cjs\\react-dom-client.development.js:11778:18)\n    at runWithFiberInDEV (C:\\Users\\pc\\Desktop\\khedma-tn\\node_modules\\react-dom\\cjs\\react-dom-client.development.js:874:13)\n    at performUnitOfWork (C:\\Users\\pc\\Desktop\\khedma-tn\\node_modules\\react-dom\\cjs\\react-dom-client.development.js:17641:22)\n    at workLoopSync (C:\\Users\\pc\\Desktop\\khedma-tn\\node_modules\\react-dom\\cjs\\react-dom-client.development.js:17469:41)\n    at renderRootSync (C:\\Users\\pc\\Desktop\\khedma-tn\\node_modules\\react-dom\\cjs\\react-dom-client.development.js:17450:11)\n    at performWorkOnRoot (C:\\Users\\pc\\Desktop\\khedma-tn\\node_modules\\react-dom\\cjs\\react-dom-client.development.js:16583:35)"],"meta":{}}],"startTime":1774553862650,"endTime":1774553862730.3745,"status":"failed","message":"","name":"C:/Users/pc/Desktop/khedma-tn/src/pages/__tests__/JobDetail.test.tsx"},{"assertionResults":[{"ancestorTitles":["contracts service coverage"],"fullName":"contracts service coverage fetches a contract with related entities","status":"passed","title":"fetches a contract with related entities","duration":12.587000000000444,"failureMessages":[],"meta":{}},{"ancestorTitles":["contracts service coverage"],"fullName":"contracts service coverage lists contracts for a user ordered by creation date","status":"passed","title":"lists contracts for a user ordered by creation date","duration":2.02350000000024,"failureMessages":[],"meta":{}},{"ancestorTitles":["contracts service coverage"],"fullName":"contracts service coverage creates contracts and milestones and updates milestone status","status":"passed","title":"creates contracts and milestones and updates milestone status","duration":2.823699999999917,"failureMessages":[],"meta":{}},{"ancestorTitles":["profiles service coverage"],"fullName":"profiles service coverage gets and updates a profile record","status":"passed","title":"gets and updates a profile record","duration":3.1637999999993554,"failureMessages":[],"meta":{}},{"ancestorTitles":["profiles service coverage"],"fullName":"profiles service coverage upserts freelancer profiles and toggles favorites","status":"passed","title":"upserts freelancer profiles and toggles favorites","duration":2.7974999999996726,"failureMessages":[],"meta":{}},{"ancestorTitles":["profiles service coverage"],"fullName":"profiles service coverage fetches freelancer-specific profile data and upload helpers","status":"failed","title":"fetches freelancer-specific profile data and upload helpers","duration":12.310199999999895,"failureMessages":["Error: [vitest] No \"supabaseAnon\" export is defined on the \"@/lib/supabase\" mock. Did you forget to return it from \"vi.mock\"?\nIf you need to partially mock a module, you can use \"importOriginal\" helper inside:\n\n    at VitestMocker.createError (file:///C:/Users/pc/Desktop/khedma-tn/node_modules/vitest/dist/chunks/startModuleRunner.DEj0jb3e.js:311:17)\n    at Object.get (file:///C:/Users/pc/Desktop/khedma-tn/node_modules/vitest/dist/chunks/startModuleRunner.DEj0jb3e.js:384:16)\n    at Module.getFreelancers (C:/Users/pc/Desktop/khedma-tn/src/services/profiles.ts:32:17)\n    at C:/Users/pc/Desktop/khedma-tn/src/services/__tests__/contracts.profiles.payments.test.ts:339:15\n    at file:///C:/Users/pc/Desktop/khedma-tn/node_modules/@vitest/runner/dist/index.js:915:20"],"meta":{}},{"ancestorTitles":["profiles service coverage"],"fullName":"profiles service coverage aggregates client stats from jobs, contracts, and reviews","status":"passed","title":"aggregates client stats from jobs, contracts, and reviews","duration":1.7341999999998734,"failureMessages":[],"meta":{}},{"ancestorTitles":["notifications service coverage"],"fullName":"notifications service coverage lists notifications and unread counts","status":"passed","title":"lists notifications and unread counts","duration":1.3670000000001892,"failureMessages":[],"meta":{}},{"ancestorTitles":["notifications service coverage"],"fullName":"notifications service coverage creates notifications, marks reads, and subscribes to realtime inserts","status":"passed","title":"creates notifications, marks reads, and subscribes to realtime inserts","duration":1.5048999999999069,"failureMessages":[],"meta":{}},{"ancestorTitles":["payments service coverage"],"fullName":"payments service coverage queries wallet, transactions, withdrawals, and payment methods","status":"passed","title":"queries wallet, transactions, withdrawals, and payment methods","duration":2.5295999999998457,"failureMessages":[],"meta":{}},{"ancestorTitles":["payments service coverage"],"fullName":"payments service coverage creates withdrawals, completes escrow rpc calls, and calculates earnings","status":"passed","title":"creates withdrawals, completes escrow rpc calls, and calculates earnings","duration":1.293399999999565,"failureMessages":[],"meta":{}},{"ancestorTitles":["payments service coverage"],"fullName":"payments service coverage returns stuck transactions and reconciles payments when authenticated","status":"passed","title":"returns stuck transactions and reconciles payments when authenticated","duration":5.493500000000495,"failureMessages":[],"meta":{}},{"ancestorTitles":["payments service coverage"],"fullName":"payments service coverage returns an auth error when reconciling without a session","status":"passed","title":"returns an auth error when reconciling without a session","duration":0.4220000000004802,"failureMessages":[],"meta":{}},{"ancestorTitles":["payments service coverage"],"fullName":"payments service coverage handles stuck-transaction failures and reconcile API errors","status":"passed","title":"handles stuck-transaction failures and reconcile API errors","duration":1.5986999999995533,"failureMessages":[],"meta":{}}],"startTime":1774553863906,"endTime":1774553863958.5986,"status":"failed","message":"","name":"C:/Users/pc/Desktop/khedma-tn/src/services/__tests__/contracts.profiles.payments.test.ts"},{"assertionResults":[{"ancestorTitles":["jobs service targeted coverage"],"fullName":"jobs service targeted coverage applies filters, ordering, and pagination in getJobs","status":"failed","title":"applies filters, ordering, and pagination in getJobs","duration":26.641099999999824,"failureMessages":["AssertionError: expected { data: [], count: +0 } to deeply equal { …(2) }\n    at C:/Users/pc/Desktop/khedma-tn/src/services/__tests__/jobs.proposals.test.ts:128:24\n    at file:///C:/Users/pc/Desktop/khedma-tn/node_modules/@vitest/runner/dist/index.js:915:20"],"meta":{}},{"ancestorTitles":["jobs service targeted coverage"],"fullName":"jobs service targeted coverage returns the joined single-job query in getJobById","status":"failed","title":"returns the joined single-job query in getJobById","duration":1.3855000000003201,"failureMessages":["Error: [vitest] No \"supabaseAnon\" export is defined on the \"@/lib/supabase\" mock. Did you forget to return it from \"vi.mock\"?\nIf you need to partially mock a module, you can use \"importOriginal\" helper inside:\n\n    at VitestMocker.createError (file:///C:/Users/pc/Desktop/khedma-tn/node_modules/vitest/dist/chunks/startModuleRunner.DEj0jb3e.js:311:17)\n    at Object.get (file:///C:/Users/pc/Desktop/khedma-tn/node_modules/vitest/dist/chunks/startModuleRunner.DEj0jb3e.js:384:16)\n    at Module.getJobById (C:/Users/pc/Desktop/khedma-tn/src/services/jobs.ts:131:12)\n    at C:/Users/pc/Desktop/khedma-tn/src/services/__tests__/jobs.proposals.test.ts:157:30\n    at file:///C:/Users/pc/Desktop/khedma-tn/node_modules/@vitest/runner/dist/index.js:145:11\n    at file:///C:/Users/pc/Desktop/khedma-tn/node_modules/@vitest/runner/dist/index.js:915:26\n    at file:///C:/Users/pc/Desktop/khedma-tn/node_modules/@vitest/runner/dist/index.js:1243:20\n    at new Promise (<anonymous>)\n    at runWithTimeout (file:///C:/Users/pc/Desktop/khedma-tn/node_modules/@vitest/runner/dist/index.js:1209:10)\n    at file:///C:/Users/pc/Desktop/khedma-tn/node_modules/@vitest/runner/dist/index.js:1653:37"],"meta":{}},{"ancestorTitles":["jobs service targeted coverage"],"fullName":"jobs service targeted coverage creates an open job and selects the inserted id","status":"passed","title":"creates an open job and selects the inserted id","duration":2.4952000000002954,"failureMessages":[],"meta":{}},{"ancestorTitles":["proposals service targeted coverage"],"fullName":"proposals service targeted coverage creates a proposal and uploads attachments before calling the rpc","status":"failed","title":"creates a proposal and uploads attachments before calling the rpc","duration":4.302900000000591,"failureMessages":["AssertionError: expected { data: null, …(1) } to deeply equal { data: 'proposal-1', error: null }\n    at C:/Users/pc/Desktop/khedma-tn/src/services/__tests__/jobs.proposals.test.ts:208:24\n    at file:///C:/Users/pc/Desktop/khedma-tn/node_modules/@vitest/runner/dist/index.js:915:20"],"meta":{}},{"ancestorTitles":["proposals service targeted coverage"],"fullName":"proposals service targeted coverage normalizes rate limit rpc failures into a user-facing error","status":"failed","title":"normalizes rate limit rpc failures into a user-facing error","duration":5.294200000000274,"failureMessages":["AssertionError: expected '__vite_ssr_import_0__.supabase.from(.…' to be 'You\\'ve reached the proposal limit. T…' // Object.is equality\n    at C:/Users/pc/Desktop/khedma-tn/src/services/__tests__/jobs.proposals.test.ts:238:49\n    at file:///C:/Users/pc/Desktop/khedma-tn/node_modules/@vitest/runner/dist/index.js:915:20"],"meta":{}}],"startTime":1774553863962,"endTime":1774553864003.2942,"status":"failed","message":"","name":"C:/Users/pc/Desktop/khedma-tn/src/services/__tests__/jobs.proposals.test.ts"},{"assertionResults":[{"ancestorTitles":["messages service coverage"],"fullName":"messages service coverage loads conversations and contract messages","status":"failed","title":"loads conversations and contract messages","duration":18.981399999999667,"failureMessages":["AssertionError: expected [ { table: 'messages', …(1) } ] to deep equally contain { table: 'messages', …(1) }\n    at C:/Users/pc/Desktop/khedma-tn/src/services/__tests__/messages.test.ts:93:31\n    at file:///C:/Users/pc/Desktop/khedma-tn/node_modules/@vitest/runner/dist/index.js:915:20"],"meta":{}},{"ancestorTitles":["messages service coverage"],"fullName":"messages service coverage sends messages successfully and supports read updates and subscriptions","status":"failed","title":"sends messages successfully and supports read updates and subscriptions","duration":10.05369999999948,"failureMessages":["AssertionError: expected { data: null, …(1) } to deeply equal { data: 'message-1', error: null }\n    at C:/Users/pc/Desktop/khedma-tn/src/services/__tests__/messages.test.ts:120:24\n    at file:///C:/Users/pc/Desktop/khedma-tn/node_modules/@vitest/runner/dist/index.js:915:20"],"meta":{}},{"ancestorTitles":["messages service coverage"],"fullName":"messages service coverage normalizes rate-limit and generic send_message failures","status":"failed","title":"normalizes rate-limit and generic send_message failures","duration":6.244099999999889,"failureMessages":["AssertionError: expected '__vite_ssr_import_0__.supabase.from(.…' to be 'Slow down - max 30 messages per minut…' // Object.is equality\n    at C:/Users/pc/Desktop/khedma-tn/src/services/__tests__/messages.test.ts:169:54\n    at file:///C:/Users/pc/Desktop/khedma-tn/node_modules/@vitest/runner/dist/index.js:915:20"],"meta":{}}],"startTime":1774553864083,"endTime":1774553864118.2441,"status":"failed","message":"","name":"C:/Users/pc/Desktop/khedma-tn/src/services/__tests__/messages.test.ts"},{"assertionResults":[{"ancestorTitles":["LoginForm","Rendering"],"fullName":"LoginForm Rendering should render the login form correctly","status":"failed","title":"should render the login form correctly","duration":486.3407000000002,"failureMessages":["TestingLibraryElementError: Unable to find an accessible element with the role \"button\" and name `/login|تسجيل الدخول/i`\n\nHere are the accessible roles:\n\n  heading:\n\n  Name \"Sign in to Khedma\":\n  \u001b[36m<h2\u001b[39m\n    \u001b[33mclass\u001b[39m=\u001b[32m\"text-center text-2xl font-bold text-[#171420] dark:text-white mb-2\"\u001b[39m\n  \u001b[36m/>\u001b[39m\n\n  --------------------------------------------------\n  paragraph:\n\n  Name \"\":\n  \u001b[36m<p\u001b[39m\n    \u001b[33mclass\u001b[39m=\u001b[32m\"mt-1 text-center text-sm text-gray-500 dark:text-gray-400\"\u001b[39m\n  \u001b[36m/>\u001b[39m\n\n  --------------------------------------------------\n  button:\n\n  Name \"Continue with Google\":\n  \u001b[36m<button\u001b[39m\n    \u001b[33mclass\u001b[39m=\u001b[32m\"w-full flex items-center justify-center gap-3 rounded-xl border border-gray-200 bg-white px-4 py-3 font-medium text-gray-700 transition-colors hover:bg-gray-50 dark:border-white/10 dark:bg-[#221d30] dark:text-gray-200 dark:hover:bg-[#2a2338]\"\u001b[39m\n    \u001b[33mtype\u001b[39m=\u001b[32m\"button\"\u001b[39m\n  \u001b[36m/>\u001b[39m\n\n  Name \"\":\n  \u001b[36m<button\u001b[39m\n    \u001b[33mclass\u001b[39m=\u001b[32m\"absolute end-3 top-1/2 -translate-y-1/2 w-8 h-8 rounded-lg flex items-center justify-center text-dark-400 hover:text-dark-600 dark:hover:text-dark-300 hover:bg-dark-100 dark:hover:bg-dark-700 transition-colors\"\u001b[39m\n    \u001b[33mtype\u001b[39m=\u001b[32m\"button\"\u001b[39m\n  \u001b[36m/>\u001b[39m\n\n  Name \"Sign in\":\n  \u001b[36m<button\u001b[39m\n    \u001b[33mclass\u001b[39m=\u001b[32m\"group inline-flex w-full items-center justify-center gap-2 rounded-xl bg-purple-600 px-6 py-3 font-semibold text-white shadow-lg shadow-purple-500/20 transition-all duration-200 hover:bg-purple-500 hover:shadow-xl hover:shadow-purple-500/30\"\u001b[39m\n    \u001b[33mtype\u001b[39m=\u001b[32m\"submit\"\u001b[39m\n  \u001b[36m/>\u001b[39m\n\n  --------------------------------------------------\n  textbox:\n\n  Name \"\":\n  \u001b[36m<input\u001b[39m\n    \u001b[33mclass\u001b[39m=\u001b[32m\"input\"\u001b[39m\n    \u001b[33mdir\u001b[39m=\u001b[32m\"ltr\"\u001b[39m\n    \u001b[33mname\u001b[39m=\u001b[32m\"email\"\u001b[39m\n    \u001b[33mplaceholder\u001b[39m=\u001b[32m\"Enter your email\"\u001b[39m\n    \u001b[33mtype\u001b[39m=\u001b[32m\"email\"\u001b[39m\n  \u001b[36m/>\u001b[39m\n\n  --------------------------------------------------\n  link:\n\n  Name \"Forgot password?\":\n  \u001b[36m<a\u001b[39m\n    \u001b[33mclass\u001b[39m=\u001b[32m\"text-sm text-primary-600 dark:text-primary-400 hover:underline font-medium\"\u001b[39m\n    \u001b[33mdata-discover\u001b[39m=\u001b[32m\"true\"\u001b[39m\n    \u001b[33mhref\u001b[39m=\u001b[32m\"/forgot-password\"\u001b[39m\n  \u001b[36m/>\u001b[39m\n\n  --------------------------------------------------\n\nIgnored nodes: comments, script, style\n\u001b[36m<body\u001b[39m\n  \u001b[33mdir\u001b[39m=\u001b[32m\"ltr\"\u001b[39m\n\u001b[36m>\u001b[39m\n  \u001b[36m<div>\u001b[39m\n    \u001b[36m<div\u001b[39m\n      \u001b[33mclass\u001b[39m=\u001b[32m\"w-full max-w-md mx-auto\"\u001b[39m\n    \u001b[36m>\u001b[39m\n      \u001b[36m<form\u001b[39m\n        \u001b[33mclass\u001b[39m=\u001b[32m\"space-y-6\"\u001b[39m\n      \u001b[36m>\u001b[39m\n        \u001b[36m<div\u001b[39m\n          \u001b[33mclass\u001b[39m=\u001b[32m\"text-center mb-8\"\u001b[39m\n        \u001b[36m>\u001b[39m\n          \u001b[36m<div\u001b[39m\n            \u001b[33mclass\u001b[39m=\u001b[32m\"relative inline-block\"\u001b[39m\n          \u001b[36m>\u001b[39m\n            \u001b[36m<div\u001b[39m\n              \u001b[33mclass\u001b[39m=\u001b[32m\"w-20 h-20 rounded-2xl gradient-primary flex items-center justify-center mx-auto mb-5 shadow-lg shadow-primary-600/30\"\u001b[39m\n            \u001b[36m>\u001b[39m\n              \u001b[36m<svg\u001b[39m\n                \u001b[33maria-hidden\u001b[39m=\u001b[32m\"true\"\u001b[39m\n                \u001b[33mclass\u001b[39m=\u001b[32m\"lucide lucide-mail w-10 h-10 text-white\"\u001b[39m\n                \u001b[33mfill\u001b[39m=\u001b[32m\"none\"\u001b[39m\n                \u001b[33mheight\u001b[39m=\u001b[32m\"24\"\u001b[39m\n                \u001b[33mstroke\u001b[39m=\u001b[32m\"currentColor\"\u001b[39m\n                \u001b[33mstroke-linecap\u001b[39m=\u001b[32m\"round\"\u001b[39m\n                \u001b[33mstroke-linejoin\u001b[39m=\u001b[32m\"round\"\u001b[39m\n                \u001b[33mstroke-width\u001b[39m=\u001b[32m\"2\"\u001b[39m\n                \u001b[33mviewBox\u001b[39m=\u001b[32m\"0 0 24 24\"\u001b[39m\n                \u001b[33mwidth\u001b[39m=\u001b[32m\"24\"\u001b[39m\n                \u001b[33mxmlns\u001b[39m=\u001b[32m\"http://www.w3.org/2000/svg\"\u001b[39m\n              \u001b[36m>\u001b[39m\n                \u001b[36m<path\u001b[39m\n                  \u001b[33md\u001b[39m=\u001b[32m\"m22 7-8.991 5.727a2 2 0 0 1-2.009 0L2 7\"\u001b[39m\n                \u001b[36m/>\u001b[39m\n                \u001b[36m<rect\u001b[39m\n                  \u001b[33mheight\u001b[39m=\u001b[32m\"16\"\u001b[39m\n                  \u001b[33mrx\u001b[39m=\u001b[32m\"2\"\u001b[39m\n                  \u001b[33mwidth\u001b[39m=\u001b[32m\"20\"\u001b[39m\n                  \u001b[33mx\u001b[39m=\u001b[32m\"2\"\u001b[39m\n                  \u001b[33my\u001b[39m=\u001b[32m\"4\"\u001b[39m\n                \u001b[36m/>\u001b[39m\n              \u001b[36m</svg>\u001b[39m\n            \u001b[36m</div>\u001b[39m\n            \u001b[36m<div\u001b[39m\n              \u001b[33mclass\u001b[39m=\u001b[32m\"absolute -top-1 -end-1 w-8 h-8 rounded-xl bg-gradient-to-r from-accent-400 to-accent-600 flex items-center justify-center shadow-lg\"\u001b[39m\n            \u001b[36m>\u001b[39m\n              \u001b[36m<svg\u001b[39m\n                \u001b[33maria-hidden\u001b[39m=\u001b[32m\"true\"\u001b[39m\n                \u001b[33mclass\u001b[39m=\u001b[32m\"lucide lucide-sparkles w-4 h-4 text-white\"\u001b[39m\n                \u001b[33mfill\u001b[39m=\u001b[32m\"none\"\u001b[39m\n                \u001b[33mheight\u001b[39m=\u001b[32m\"24\"\u001b[39m\n                \u001b[33mstroke\u001b[39m=\u001b[32m\"currentColor\"\u001b[39m\n                \u001b[33mstroke-linecap\u001b[39m=\u001b[32m\"round\"\u001b[39m\n                \u001b[33mstroke-linejoin\u001b[39m=\u001b[32m\"round\"\u001b[39m\n                \u001b[33mstroke-width\u001b[39m=\u001b[32m\"2\"\u001b[39m\n                \u001b[33mviewBox\u001b[39m=\u001b[32m\"0 0 24 24\"\u001b[39m\n                \u001b[33mwidth\u001b[39m=\u001b[32m\"24\"\u001b[39m\n                \u001b[33mxmlns\u001b[39m=\u001b[32m\"http://www.w3.org/2000/svg\"\u001b[39m\n              \u001b[36m>\u001b[39m\n                \u001b[36m<path\u001b[39m\n                  \u001b[33md\u001b[39m=\u001b[32m\"M11.017 2.814a1 1 0 0 1 1.966 0l1.051 5.558a2 2 0 0 0 1.594 1.594l5.558 1.051a1 1 0 0 1 0 1.966l-5.558 1.051a2 2 0 0 0-1.594 1.594l-1.051 5.558a1 1 0 0 1-1.966 0l-1.051-5.558a2 2 0 0 0-1.594-1.594l-5.558-1.051a1 1 0 0 1 0-1.966l5.558-1.051a2 2 0 0 0 1.594-1.594z\"\u001b[39m\n                \u001b[36m/>\u001b[39m\n                \u001b[36m<path\u001b[39m\n                  \u001b[33md\u001b[39m=\u001b[32m\"M20 2v4\"\u001b[39m\n                \u001b[36m/>\u001b[39m\n                \u001b[36m<path\u001b[39m\n                  \u001b[33md\u001b[39m=\u001b[32m\"M22 4h-4\"\u001b[39m\n                \u001b[36m/>\u001b[39m\n                \u001b[36m<circle\u001b[39m\n                  \u001b[33mcx\u001b[39m=\u001b[32m\"4\"\u001b[39m\n                  \u001b[33mcy\u001b[39m=\u001b[32m\"20\"\u001b[39m\n                  \u001b[33mr\u001b[39m=\u001b[32m\"2\"\u001b[39m\n                \u001b[36m/>\u001b[39m\n              \u001b[36m</svg>\u001b[39m\n            \u001b[36m</div>\u001b[39m\n          \u001b[36m</div>\u001b[39m\n          \u001b[36m<h2\u001b[39m\n            \u001b[33mclass\u001b[39m=\u001b[32m\"text-center text-2xl font-bold text-[#171420] dark:text-white mb-2\"\u001b[39m\n          \u001b[36m>\u001b[39m\n            \u001b[0mSign in to Khedma\u001b[0m\n          \u001b[36m</h2>\u001b[39m\n          \u001b[36m<p\u001b[39m\n            \u001b[33mclass\u001b[39m=\u001b[32m\"mt-1 text-center text-sm text-gray-500 dark:text-gray-400\"\u001b[39m\n          \u001b[36m>\u001b[39m\n            \u001b[0mWelcome back. Your work is waiting.\u001b[0m\n          \u001b[36m</p>\u001b[39m\n        \u001b[36m</div>\u001b[39m\n        \u001b[36m<button\u001b[39m\n          \u001b[33mclass\u001b[39m=\u001b[32m\"w-full flex items-center justify-center gap-3 rounded-xl border border-gray-200 bg-white px-4 py-3 font-medium text-gray-700 transition-colors hover:bg-gray-50 dark:border-white/10 dark:bg-[#221d30] dark:text-gray-200 dark:hover:bg-[#2a2338]\"\u001b[39m\n          \u001b[33mtype\u001b[39m=\u001b[32m\"button\"\u001b[39m\n        \u001b[36m>\u001b[39m\n          \u001b[36m<svg\u001b[39m\n            \u001b[33mclass\u001b[39m=\u001b[32m\"w-5 h-5\"\u001b[39m\n            \u001b[33mviewBox\u001b[39m=\u001b[32m\"0 0 24 24\"\u001b[39m\n          \u001b[36m>\u001b[39m\n            \u001b[36m<path\u001b[39m\n              \u001b[33md\u001b[39m=\u001b[32m\"M22.56 12.25c0-.78-.07-1.53-.2-2.25H12v4.26h5.92c-.26 1.37-1.04 2.53-2.21 3.31v2.77h3.57c2.08-1.92 3.28-4.74 3.28-8.09z\"\u001b[39m\n              \u001b[33mfill\u001b[39m=\u001b[32m\"#4285F4\"\u001b[39m\n            \u001b[36m/>\u001b[39m\n            \u001b[36m<path\u001b[39m\n              \u001b[33md\u001b[39m=\u001b[32m\"M12 23c2.97 0 5.46-.98 7.28-2.66l-3.57-2.77c-.98.66-2.23 1.06-3.71 1.06-2.86 0-5.29-1.93-6.16-4.53H2.18v2.84C3.99 20.53 7.7 23 12 23z\"\u001b[39m\n              \u001b[33mfill\u001b[39m=\u001b[32m\"#34A853\"\u001b[39m\n            \u001b[36m/>\u001b[39m\n            \u001b[36m<path\u001b[39m\n              \u001b[33md\u001b[39m=\u001b[32m\"M5.84 14.09c-.22-.66-.35-1.36-.35-2.09s.13-1.43.35-2.09V7.07H2.18C1.43 8.55 1 10.22 1 12s.43 3.45 1.18 4.93l2.85-2.22.81-.62z\"\u001b[39m\n              \u001b[33mfill\u001b[39m=\u001b[32m\"#FBBC05\"\u001b[39m\n            \u001b[36m/>\u001b[39m\n            \u001b[36m<path\u001b[39m\n              \u001b[33md\u001b[39m=\u001b[32m\"M12 5.38c1.62 0 3.06.56 4.21 1.64l3.15-3.15C17.45 2.09 14.97 1 12 1 7.7 1 3.99 3.47 2.18 7.07l3.66 2.84c.87-2.6 3.3-4.53 6.16-4.53z\"\u001b[39m\n              \u001b[33mfill\u001b[39m=\u001b[32m\"#EA4335\"\u001b[39m\n            \u001b[36m/>\u001b[39m\n          \u001b[36m</svg>\u001b[39m\n          \u001b[36m<span>\u001b[39m\n            \u001b[0mContinue with Google\u001b[0m\n          \u001b[36m</span>\u001b[39m\n        \u001b[36m</button>\u001b[39m\n        \u001b[36m<div\u001b[39m\n          \u001b[33mclass\u001b[39m=\u001b[32m\"relative my-6\"\u001b[39m\n        \u001b[36m>\u001b[39m\n          \u001b[36m<div\u001b[39m\n            \u001b[33mclass\u001b[39m=\u001b[32m\"absolute inset-0 flex items-center\"\u001b[39m\n          \u001b[36m>\u001b[39m\n            \u001b[36m<div\u001b[39m\n              \u001b[33mclass\u001b[39m=\u001b[32m\"w-full border-t border-gray-200 dark:border-gray-600\"\u001b[39m\n            \u001b[36m/>\u001b[39m\n          \u001b[36m</div>\u001b[39m\n          \u001b[36m<div\u001b[39m\n            \u001b[33mclass\u001b[39m=\u001b[32m\"relative flex justify-center text-sm\"\u001b[39m\n          \u001b[36m>\u001b[39m\n            \u001b[36m<span\u001b[39m\n              \u001b[33mclass\u001b[39m=\u001b[32m\"px-3 bg-white text-gray-500 dark:bg-[#1a1825]\"\u001b[39m\n            \u001b[36m>\u001b[39m\n              \u001b[0mor\u001b[0m\n            \u001b[36m</span>\u001b[39m\n          \u001b[36m</div>\u001b[39m\n        \u001b[36m</div>\u001b[39m\n        \u001b[36m<div\u001b[39m\n          \u001b[33mclass\u001b[39m=\u001b[32m\"form-stack\"\u001b[39m\n        \u001b[36m>\u001b[39m\n          \u001b[36m<div\u001b[39m\n            \u001b[33mclass\u001b[39m=\u001b[32m\"relative\"\u001b[39m\n          \u001b[36m>\u001b[39m\n            \u001b[36m<label\u001b[39m\n              \u001b[33mclass\u001b[39m=\u001b[32m\"label flex items-center gap-2\"\u001b[39m\n            \u001b[36m>\u001b[39m\n              \u001b[36m<svg\u001b[39m\n                \u001b[33maria-hidden\u001b[39m=\u001b[32m\"true\"\u001b[39m\n                \u001b[33mclass\u001b[39m=\u001b[32m\"lucide lucide-mail w-4 h-4 text-primary-500\"\u001b[39m\n                \u001b[33mfill\u001b[39m=\u001b[32m\"none\"\u001b[39m\n                \u001b[33mheight\u001b[39m=\u001b[32m\"24\"\u001b[39m\n                \u001b[33mstroke\u001b[39m=\u001b[32m\"currentColor\"\u001b[39m\n                \u001b[33mstroke-linecap\u001b[39m=\u001b[32m\"round\"\u001b[39m\n                \u001b[33mstroke-linejoin\u001b[39m=\u001b[32m\"round\"\u001b[39m\n                \u001b[33mstroke-width\u001b[39m=\u001b[32m\"2\"\u001b[39m\n                \u001b[33mviewBox\u001b[39m=\u001b[32m\"0 0 24 24\"\u001b[39m\n                \u001b[33mwidth\u001b[39m=\u001b[32m\"24\"\u001b[39m\n                \u001b[33mxmlns\u001b[39m=\u001b[32m\"http://www.w3.org/2000/svg\"\u001b[39m\n              \u001b[36m>\u001b[39m\n                \u001b[36m<path\u001b[39m\n                  \u001b[33md\u001b[39m=\u001b[32m\"m22 7-8.991 5.727a2 2 0 0 1-2.009 0L2 7\"\u001b[39m\n                \u001b[36m/>\u001b[39m\n                \u001b[36m<rect\u001b[39m\n                  \u001b[33mheight\u001b[39m=\u001b[32m\"16\"\u001b[39m\n                  \u001b[33mrx\u001b[39m=\u001b[32m\"2\"\u001b[39m\n                  \u001b[33mwidth\u001b[39m=\u001b[32m\"20\"\u001b[39m\n                  \u001b[33mx\u001b[39m=\u001b[32m\"2\"\u001b[39m\n                  \u001b[33my\u001b[39m=\u001b[32m\"4\"\u001b[39m\n                \u001b[36m/>\u001b[39m\n              \u001b[36m</svg>\u001b[39m\n              \u001b[0mEmail\u001b[0m\n            \u001b[36m</label>\u001b[39m\n            \u001b[36m<input\u001b[39m\n              \u001b[33mclass\u001b[39m=\u001b[32m\"input\"\u001b[39m\n              \u001b[33mdir\u001b[39m=\u001b[32m\"ltr\"\u001b[39m\n              \u001b[33mname\u001b[39m=\u001b[32m\"email\"\u001b[39m\n              \u001b[33mplaceholder\u001b[39m=\u001b[32m\"Enter your email\"\u001b[39m\n              \u001b[33mtype\u001b[39m=\u001b[32m\"email\"\u001b[39m\n            \u001b[36m/>\u001b[39m\n          \u001b[36m</div>\u001b[39m\n          \u001b[36m<div\u001b[39m\n            \u001b[33mclass\u001b[39m=\u001b[32m\"relative\"\u001b[39m\n          \u001b[36m>\u001b[39m\n            \u001b[36m<label\u001b[39m\n              \u001b[33mclass\u001b[39m=\u001b[32m\"label flex items-center gap-2\"\u001b[39m\n            \u001b[36m>\u001b[39m\n              \u001b[36m<svg\u001b[39m\n                \u001b[33maria-hidden\u001b[39m=\u001b[32m\"true\"\u001b[39m\n                \u001b[33mclass\u001b[39m=\u001b[32m\"lucide lucide-lock w-4 h-4 text-primary-500\"\u001b[39m\n                \u001b[33mfill\u001b[39m=\u001b[32m\"none\"\u001b[39m\n                \u001b[33mheight\u001b[39m=\u001b[32m\"24\"\u001b[39m\n                \u001b[33mstroke\u001b[39m=\u001b[32m\"currentColor\"\u001b[39m\n                \u001b[33mstroke-linecap\u001b[39m=\u001b[32m\"round\"\u001b[39m\n                \u001b[33mstroke-linejoin\u001b[39m=\u001b[32m\"round\"\u001b[39m\n                \u001b[33mstroke-width\u001b[39m=\u001b[32m\"2\"\u001b[39m\n                \u001b[33mviewBox\u001b[39m=\u001b[32m\"0 0 24 24\"\u001b[39m\n                \u001b[33mwidth\u001b[39m=\u001b[32m\"24\"\u001b[39m\n                \u001b[33mxmlns\u001b[39m=\u001b[32m\"http://www.w3.org/2000/svg\"\u001b[39m\n              \u001b[36m>\u001b[39m\n                \u001b[36m<rect\u001b[39m\n                  \u001b[33mheight\u001b[39m=\u001b[32m\"11\"\u001b[39m\n                  \u001b[33mrx\u001b[39m=\u001b[32m\"2\"\u001b[39m\n                  \u001b[33mry\u001b[39m=\u001b[32m\"2\"\u001b[39m\n                  \u001b[33mwidth\u001b[39m=\u001b[32m\"18\"\u001b[39m\n                  \u001b[33mx\u001b[39m=\u001b[32m\"3\"\u001b[39m\n                  \u001b[33my\u001b[39m=\u001b[32m\"11\"\u001b[39m\n                \u001b[36m/>\u001b[39m\n                \u001b[36m<path\u001b[39m\n                  \u001b[33md\u001b[39m=\u001b[32m\"M7 11V7a5 5 0 0 1 10 0v4\"\u001b[39m\n                \u001b[36m/>\u001b[39m\n              \u001b[36m</svg>\u001b[39m\n              \u001b[0mPassword\u001b[0m\n            \u001b[36m</label>\u001b[39m\n            \u001b[36m<div\u001b[39m\n              \u001b[33mclass\u001b[39m=\u001b[32m\"relative\"\u001b[39m\n            \u001b[36m>\u001b[39m\n              \u001b[36m<input\u001b[39m\n                \u001b[33mclass\u001b[39m=\u001b[32m\"input pe-12\"\u001b[39m\n                \u001b[33mdir\u001b[39m=\u001b[32m\"ltr\"\u001b[39m\n                \u001b[33mname\u001b[39m=\u001b[32m\"password\"\u001b[39m\n                \u001b[33mplaceholder\u001b[39m=\u001b[32m\"Enter your password\"\u001b[39m\n                \u001b[33mtype\u001b[39m=\u001b[32m\"password\"\u001b[39m\n              \u001b[36m/>\u001b[39m\n              \u001b[36m<button\u001b[39m\n                \u001b[33mclass\u001b[39m=\u001b[32m\"absolute end-3 top-1/2 -translate-y-1/2 w-8 h-8 rounded-lg flex items-center justify-center text-dark-400 hover:text-dark-600 dark:hover:text-dark-300 hover:bg-dark-100 dark:hover:bg-dark-700 transition-colors\"\u001b[39m\n                \u001b[33mtype\u001b[39m=\u001b[32m\"button\"\u001b[39m\n              \u001b[36m>\u001b[39m\n                \u001b[36m<svg\u001b[39m\n                  \u001b[33maria-hidden\u001b[39m=\u001b[32m\"true\"\u001b[39m\n                  \u001b[33mclass\u001b[39m=\u001b[32m\"lucide lucide-eye w-5 h-5\"\u001b[39m\n                  \u001b[33mfill\u001b[39m=\u001b[32m\"none\"\u001b[39m\n                  \u001b[33mheight\u001b[39m=\u001b[32m\"24\"\u001b[39m\n                  \u001b[33mstroke\u001b[39m=\u001b[32m\"currentColor\"\u001b[39m\n                  \u001b[33mstroke-linecap\u001b[39m=\u001b[32m\"round\"\u001b[39m\n                  \u001b[33mstroke-linejoin\u001b[39m=\u001b[32m\"round\"\u001b[39m\n                  \u001b[33mstroke-width\u001b[39m=\u001b[32m\"2\"\u001b[39m\n                  \u001b[33mviewBox\u001b[39m=\u001b[32m\"0 0 24 24\"\u001b[39m\n                  \u001b[33mwidth\u001b[39m=\u001b[32m\"24\"\u001b[39m\n                  \u001b[33mxmlns\u001b[39m=\u001b[32m\"http://www.w3.org/2000/svg\"\u001b[39m\n     
[...]
          \u001b[33mstroke-width\u001b[39m=\u001b[32m\"2\"\u001b[39m\n                \u001b[33mviewBox\u001b[39m=\u001b[32m\"0 0 24 24\"\u001b[39m\n                \u001b[33mwidth\u001b[39m=\u001b[32m\"24\"\u001b[39m\n                \u001b[33mxmlns\u001b[39m=\u001b[32m\"http://www.w3.org/2000/svg\"\u001b[39m\n              \u001b[36m>\u001b[39m\n                \u001b[36m<path\u001b[39m\n                  \u001b[33md\u001b[39m=\u001b[32m\"M11.017 2.814a1 1 0 0 1 1.966 0l1.051 5.558a2 2 0 0 0 1.594 1.594l5.558 1.051a1 1 0 0 1 0 1.966l-5.558 1.051a2 2 0 0 0-1.594 1.594l-1.051 5.558a1 1 0 0 1-1.966 0l-1.051-5.558a2 2 0 0 0-1.594-1.594l-5.558-1.051a1 1 0 0 1 0-1.966l5.558-1.051a2 2 0 0 0 1.594-1.594z\"\u001b[39m\n                \u001b[36m/>\u001b[39m\n                \u001b[36m<path\u001b[39m\n                  \u001b[33md\u001b[39m=\u001b[32m\"M20 2v4\"\u001b[39m\n                \u001b[36m/>\u001b[39m\n                \u001b[36m<path\u001b[39m\n                  \u001b[33md\u001b[39m=\u001b[32m\"M22 4h-4\"\u001b[39m\n                \u001b[36m/>\u001b[39m\n                \u001b[36m<circle\u001b[39m\n                  \u001b[33mcx\u001b[39m=\u001b[32m\"4\"\u001b[39m\n                  \u001b[33mcy\u001b[39m=\u001b[32m\"20\"\u001b[39m\n                  \u001b[33mr\u001b[39m=\u001b[32m\"2\"\u001b[39m\n                \u001b[36m/>\u001b[39m\n              \u001b[36m</svg>\u001b[39m\n            \u001b[36m</div>\u001b[39m\n          \u001b[36m</div>\u001b[39m\n          \u001b[36m<h2\u001b[39m\n            \u001b[33mclass\u001b[39m=\u001b[32m\"text-center text-2xl font-bold text-[#171420] dark:text-white mb-2\"\u001b[39m\n          \u001b[36m>\u001b[39m\n            \u001b[0mSign in to Khedma\u001b[0m\n          \u001b[36m</h2>\u001b[39m\n          \u001b[36m<p\u001b[39m\n            \u001b[33mclass\u001b[39m=\u001b[32m\"mt-1 text-center text-sm text-gray-500 dark:text-gray-400\"\u001b[39m\n          \u001b[36m>\u001b[39m\n            \u001b[0mWelcome back. Your work is waiting.\u001b[0m\n          \u001b[36m</p>\u001b[39m\n        \u001b[36m</div>\u001b[39m\n        \u001b[36m<button\u001b[39m\n          \u001b[33mclass\u001b[39m=\u001b[32m\"w-full flex items-center justify-center gap-3 rounded-xl border border-gray-200 bg-white px-4 py-3 font-medium text-gray-700 transition-colors hover:bg-gray-50 dark:border-white/10 dark:bg-[#221d30] dark:text-gray-200 dark:hover:bg-[#2a2338]\"\u001b[39m\n          \u001b[33mtype\u001b[39m=\u001b[32m\"button\"\u001b[39m\n        \u001b[36m>\u001b[39m\n          \u001b[36m<svg\u001b[39m\n            \u001b[33mclass\u001b[39m=\u001b[32m\"w-5 h-5\"\u001b[39m\n            \u001b[33mviewBox\u001b[39m=\u001b[32m\"0 0 24 24\"\u001b[39m\n          \u001b[36m>\u001b[39m\n            \u001b[36m<path\u001b[39m\n              \u001b[33md\u001b[39m=\u001b[32m\"M22.56 12.25c0-.78-.07-1.53-.2-2.25H12v4.26h5.92c-.26 1.37-1.04 2.53-2.21 3.31v2.77h3.57c2.08-1.92 3.28-4.74 3.28-8.09z\"\u001b[39m\n              \u001b[33mfill\u001b[39m=\u001b[32m\"#4285F4\"\u001b[39m\n            \u001b[36m/>\u001b[39m\n            \u001b[36m<path\u001b[39m\n              \u001b[33md\u001b[39m=\u001b[32m\"M12 23c2.97 0 5.46-.98 7.28-2.66l-3.57-2.77c-.98.66-2.23 1.06-3.71 1.06-2.86 0-5.29-1.93-6.16-4.53H2.18v2.84C3.99 20.53 7.7 23 12 23z\"\u001b[39m\n              \u001b[33mfill\u001b[39m=\u001b[32m\"#34A853\"\u001b[39m\n            \u001b[36m/>\u001b[39m\n            \u001b[36m<path\u001b[39m\n              \u001b[33md\u001b[39m=\u001b[32m\"M5.84 14.09c-.22-.66-.35-1.36-.35-2.09s.13-1.43.35-2.09V7.07H2.18C1.43 8.55 1 10.22 1 12s.43 3.45 1.18 4.93l2.85-2.22.81-.62z\"\u001b[39m\n              \u001b[33mfill\u001b[39m=\u001b[32m\"#FBBC05\"\u001b[39m\n            \u001b[36m/>\u001b[39m\n            \u001b[36m<path\u001b[39m\n              \u001b[33md\u001b[39m=\u001b[32m\"M12 5.38c1.62 0 3.06.56 4.21 1.64l3.15-3.15C17.45 2.09 14.97 1 12 1 7.7 1 3.99 3.47 2.18 7.07l3.66 2.84c.87-2.6 3.3-4.53 6.16-4.53z\"\u001b[39m\n              \u001b[33mfill\u001b[39m=\u001b[32m\"#EA4335\"\u001b[39m\n            \u001b[36m/>\u001b[39m\n          \u001b[36m</svg>\u001b[39m\n          \u001b[36m<span>\u001b[39m\n            \u001b[0mContinue with Google\u001b[0m\n          \u001b[36m</span>\u001b[39m\n        \u001b[36m</button>\u001b[39m\n        \u001b[36m<div\u001b[39m\n          \u001b[33mclass\u001b[39m=\u001b[32m\"relative my-6\"\u001b[39m\n        \u001b[36m>\u001b[39m\n          \u001b[36m<div\u001b[39m\n            \u001b[33mclass\u001b[39m=\u001b[32m\"absolute inset-0 flex items-center\"\u001b[39m\n          \u001b[36m>\u001b[39m\n            \u001b[36m<div\u001b[39m\n              \u001b[33mclass\u001b[39m=\u001b[32m\"w-full border-t border-gray-200 dark:border-gray-600\"\u001b[39m\n            \u001b[36m/>\u001b[39m\n          \u001b[36m</div>\u001b[39m\n          \u001b[36m<div\u001b[39m\n            \u001b[33mclass\u001b[39m=\u001b[32m\"relative flex justify-center text-sm\"\u001b[39m\n          \u001b[36m>\u001b[39m\n            \u001b[36m<span\u001b[39m\n              \u001b[33mclass\u001b[39m=\u001b[32m\"px-3 bg-white text-gray-500 dark:bg-[#1a1825]\"\u001b[39m\n            \u001b[36m>\u001b[39m\n              \u001b[0mor\u001b[0m\n            \u001b[36m</span>\u001b[39m\n          \u001b[36m</div>\u001b[39m\n        \u001b[36m</div>\u001b[39m\n        \u001b[36m<div\u001b[39m\n          \u001b[33mclass\u001b[39m=\u001b[32m\"form-stack\"\u001b[39m\n        \u001b[36m>\u001b[39m\n          \u001b[36m<div\u001b[39m\n            \u001b[33mclass\u001b[39m=\u001b[32m\"relative\"\u001b[39m\n          \u001b[36m>\u001b[39m\n            \u001b[36m<label\u001b[39m\n              \u001b[33mclass\u001b[39m=\u001b[32m\"label flex items-center gap-2\"\u001b[39m\n            \u001b[36m>\u001b[39m\n              \u001b[36m<svg\u001b[39m\n                \u001b[33maria-hidden\u001b[39m=\u001b[32m\"true\"\u001b[39m\n                \u001b[33mclass\u001b[39m=\u001b[32m\"lucide lucide-mail w-4 h-4 text-primary-500\"\u001b[39m\n                \u001b[33mfill\u001b[39m=\u001b[32m\"none\"\u001b[39m\n                \u001b[33mheight\u001b[39m=\u001b[32m\"24\"\u001b[39m\n                \u001b[33mstroke\u001b[39m=\u001b[32m\"currentColor\"\u001b[39m\n                \u001b[33mstroke-linecap\u001b[39m=\u001b[32m\"round\"\u001b[39m\n                \u001b[33mstroke-linejoin\u001b[39m=\u001b[32m\"round\"\u001b[39m\n                \u001b[33mstroke-width\u001b[39m=\u001b[32m\"2\"\u001b[39m\n                \u001b[33mviewBox\u001b[39m=\u001b[32m\"0 0 24 24\"\u001b[39m\n                \u001b[33mwidth\u001b[39m=\u001b[32m\"24\"\u001b[39m\n                \u001b[33mxmlns\u001b[39m=\u001b[32m\"http://www.w3.org/2000/svg\"\u001b[39m\n              \u001b[36m>\u001b[39m\n                \u001b[36m<path\u001b[39m\n                  \u001b[33md\u001b[39m=\u001b[32m\"m22 7-8.991 5.727a2 2 0 0 1-2.009 0L2 7\"\u001b[39m\n                \u001b[36m/>\u001b[39m\n                \u001b[36m<rect\u001b[39m\n                  \u001b[33mheight\u001b[39m=\u001b[32m\"16\"\u001b[39m\n                  \u001b[33mrx\u001b[39m=\u001b[32m\"2\"\u001b[39m\n                  \u001b[33mwidth\u001b[39m=\u001b[32m\"20\"\u001b[39m\n                  \u001b[33mx\u001b[39m=\u001b[32m\"2\"\u001b[39m\n                  \u001b[33my\u001b[39m=\u001b[32m\"4\"\u001b[39m\n                \u001b[36m/>\u001b[39m\n              \u001b[36m</svg>\u001b[39m\n              \u001b[0mEmail\u001b[0m\n            \u001b[36m</label>\u001b[39m\n            \u001b[36m<input\u001b[39m\n              \u001b[33mclass\u001b[39m=\u001b[32m\"input\"\u001b[39m\n              \u001b[33mdir\u001b[39m=\u001b[32m\"ltr\"\u001b[39m\n              \u001b[33mname\u001b[39m=\u001b[32m\"email\"\u001b[39m\n              \u001b[33mplaceholder\u001b[39m=\u001b[32m\"Enter your email\"\u001b[39m\n              \u001b[33mtype\u001b[39m=\u001b[32m\"email\"\u001b[39m\n            \u001b[36m/>\u001b[39m\n          \u001b[36m</div>\u001b[39m\n          \u001b[36m<div\u001b[39m\n            \u001b[33mclass\u001b[39m=\u001b[32m\"relative\"\u001b[39m\n          \u001b[36m>\u001b[39m\n            \u001b[36m<label\u001b[39m\n              \u001b[33mclass\u001b[39m=\u001b[32m\"label flex items-center gap-2\"\u001b[39m\n            \u001b[36m>\u001b[39m\n              \u001b[36m<svg\u001b[39m\n                \u001b[33maria-hidden\u001b[39m=\u001b[32m\"true\"\u001b[39m\n                \u001b[33mclass\u001b[39m=\u001b[32m\"lucide lucide-lock w-4 h-4 text-primary-500\"\u001b[39m\n                \u001b[33mfill\u001b[39m=\u001b[32m\"none\"\u001b[39m\n                \u001b[33mheight\u001b[39m=\u001b[32m\"24\"\u001b[39m\n                \u001b[33mstroke\u001b[39m=\u001b[32m\"currentColor\"\u001b[39m\n                \u001b[33mstroke-linecap\u001b[39m=\u001b[32m\"round\"\u001b[39m\n                \u001b[33mstroke-linejoin\u001b[39m=\u001b[32m\"round\"\u001b[39m\n                \u001b[33mstroke-width\u001b[39m=\u001b[32m\"2\"\u001b[39m\n                \u001b[33mviewBox\u001b[39m=\u001b[32m\"0 0 24 24\"\u001b[39m\n                \u001b[33mwidth\u001b[39m=\u001b[32m\"24\"\u001b[39m\n                \u001b[33mxmlns\u001b[39m=\u001b[32m\"http://www.w3.org/2000/svg\"\u001b[39m\n              \u001b[36m>\u001b[39m\n                \u001b[36m<rect\u001b[39m\n                  \u001b[33mheight\u001b[39m=\u001b[32m\"11\"\u001b[39m\n                  \u001b[33mrx\u001b[39m=\u001b[32m\"2\"\u001b[39m\n                  \u001b[33mry\u001b[39m=\u001b[32m\"2\"\u001b[39m\n                  \u001b[33mwidth\u001b[39m=\u001b[32m\"18\"\u001b[39m\n                  \u001b[33mx\u001b[39m=\u001b[32m\"3\"\u001b[39m\n                  \u001b[33my\u001b[39m=\u001b[32m\"11\"\u001b[39m\n                \u001b[36m/>\u001b[39m\n                \u001b[36m<path\u001b[39m\n                  \u001b[33md\u001b[39m=\u001b[32m\"M7 11V7a5 5 0 0 1 10 0v4\"\u001b[39m\n                \u001b[36m/>\u001b[39m\n              \u001b[36m</svg>\u001b[39m\n              \u001b[0mPassword\u001b[0m\n            \u001b[36m</label>\u001b[39m\n            \u001b[36m<div\u001b[39m\n              \u001b[33mclass\u001b[39m=\u001b[32m\"relative\"\u001b[39m\n            \u001b[36m>\u001b[39m\n              \u001b[36m<input\u001b[39m\n                \u001b[33mclass\u001b[39m=\u001b[32m\"input pe-12\"\u001b[39m\n                \u001b[33mdir\u001b[39m=\u001b[32m\"ltr\"\u001b[39m\n                \u001b[33mname\u001b[39m=\u001b[32m\"password\"\u001b[39m\n                \u001b[33mplaceholder\u001b[39m=\u001b[32m\"Enter your password\"\u001b[39m\n                \u001b[33mtype\u001b[39m=\u001b[32m\"password\"\u001b[39m\n              \u001b[36m/>\u001b[39m\n              \u001b[36m<button\u001b[39m\n                \u001b[33mclass\u001b[39m=\u001b[32m\"absolute end-3 top-1/2 -translate-y-1/2 w-8 h-8 rounded-lg flex items-center justify-center text-dark-400 hover:text-dark-600 dark:hover:text-dark-300 hover:bg-dark-100 dark:hover:bg-dark-700 transition-colors\"\u001b[39m\n                \u001b[33mtype\u001b[39m=\u001b[32m\"button\"\u001b[39m\n              \u001b[36m>\u001b[39m\n                \u001b[36m<svg\u001b[39m\n                  \u001b[33maria-hidden\u001b[39m=\u001b[32m\"true\"\u001b[39m\n                  \u001b[33mclass\u001b[39m=\u001b[32m\"lucide lucide-eye w-5 h-5\"\u001b[39m\n                  \u001b[33mfill\u001b[39m=\u001b[32m\"none\"\u001b[39m\n                  \u001b[33mheight\u001b[39m=\u001b[32m\"24\"\u001b[39m\n                  \u001b[33mstroke\u001b[39m=\u001b[32m\"currentColor\"\u001b[39m\n                  \u001b[33mstroke-linecap\u001b[39m=\u001b[32m\"round\"\u001b[39m\n                  \u001b[33mstroke-linejoin\u001b[39m=\u001b[32m\"round\"\u001b[39m\n                  \u001b[33mstroke-width\u001b[39m=\u001b[32m\"2\"\u001b[39m\n                  \u001b[33mviewBox\u001b[39m=\u001b[32m\"0 0 24 24\"\u001b[39m\n                  \u001b[33mwidth\u001b[39m=\u001b[32m\"24\"\u001b[39m\n                  \u001b[33mxmlns\u001b[39m=\u001b[32m\"http://www.w3.org/2000/svg\"\u001b[39m\n                \u001b[36m>\u001b[39m\n                  \u001b[36m<path\u001b[39m\n                    \u001b[33md\u001b[39m=\u001b[32m\"M2.062 12.348a1 1 0 0 1 0-.696 10.75 10.75 0 0 1 19.876 0 1 1 0 0 1 0 .696 10.75 10.75 0 0 1-19.876 0\"\u001b[39m\n                  \u001b[36m/>\u001b[39m\n                  \u001b[36m<circle\u001b[39m\n                    \u001b[33mcx\u001b[39m=\u001b[32m\"12\"\u001b[39m\n                    \u001b[33mcy\u001b[39m=\u001b[32m\"12\"\u001b[39m\n                    \u001b[33mr\u001b[39m=\u001b[32m\"3\"\u001b[39m\n                  \u001b[36m/>\u001b[39m\n                \u001b[36m</svg>\u001b[39m\n              \u001b[36m</button>\u001b[39m\n            \u001b[36m</div>\u001b[39m\n            \u001b[36m<div\u001b[39m\n              \u001b[33mclass\u001b[39m=\u001b[32m\"mt-2 text-end\"\u001b[39m\n            \u001b[36m>\u001b[39m\n              \u001b[36m<a\u001b[39m\n                \u001b[33mclass\u001b[39m=\u001b[32m\"text-sm text-primary-600 dark:text-primary-400 hover:underline font-medium\"\u001b[39m\n                \u001b[33mdata-discover\u001b[39m=\u001b[32m\"true\"\u001b[39m\n                \u001b[33mhref\u001b[39m=\u001b[32m\"/forgot-password\"\u001b[39m\n              \u001b[36m>\u001b[39m\n                \u001b[0mForgot password?\u001b[0m\n              \u001b[36m</a>\u001b[39m\n            \u001b[36m</div>\u001b[39m\n          \u001b[36m</div>\u001b[39m\n        \u001b[36m</div>\u001b[39m\n        \u001b[36m<button\u001b[39m\n          \u001b[33mclass\u001b[39m=\u001b[32m\"group inline-flex w-full items-center justify-center gap-2 rounded-xl bg-purple-600 px-6 py-3 font-semibold text-white shadow-lg shadow-purple-500/20 transition-all duration-200 hover:bg-purple-500 hover:shadow-xl hover:shadow-purple-500/30\"\u001b[39m\n          \u001b[33mtype\u001b[39m=\u001b[32m\"submit\"\u001b[39m\n        \u001b[36m>\u001b[39m\n          \u001b[36m<span>\u001b[39m\n            \u001b[0mSign in\u001b[0m\n          \u001b[36m</span>\u001b[39m\n          \u001b[36m<svg\u001b[39m\n            \u001b[33maria-hidden\u001b[39m=\u001b[32m\"true\"\u001b[39m\n            \u001b[33mclass\u001b[39m=\u001b[32m\"lucide lucide-arrow-right w-5 h-5 group-hover:translate-x-1 transition-transform\"\u001b[39m\n            \u001b[33mfill\u001b[39m=\u001b[32m\"none\"\u001b[39m\n            \u001b[33mheight\u001b[39m=\u001b[32m\"24\"\u001b[39m\n            \u001b[33mstroke\u001b[39m=\u001b[32m\"currentColor\"\u001b[39m\n            \u001b[33mstroke-linecap\u001b[39m=\u001b[32m\"round\"\u001b[39m\n            \u001b[33mstroke-linejoin\u001b[39m=\u001b[32m\"round\"\u001b[39m\n            \u001b[33mstroke-width\u001b[39m=\u001b[32m\"2\"\u001b[39m\n            \u001b[33mviewBox\u001b[39m=\u001b[32m\"0 0 24 24\"\u001b[39m\n            \u001b[33mwidth\u001b[39m=\u001b[32m\"24\"\u001b[39m\n            \u001b[33mxmlns\u001b[39m=\u001b[32m\"http://www.w3.org/2000/svg\"\u001b[39m\n          \u001b[36m>\u001b[39m\n            \u001b[36m<path\u001b[39m\n              \u001b[33md\u001b[39m=\u001b[32m\"M5 12h14\"\u001b[39m\n            \u001b[36m/>\u001b[39m\n            \u001b[36m<path\u001b[39m\n              \u001b[33md\u001b[39m=\u001b[32m\"m12 5 7 7-7 7\"\u001b[39m\n            \u001b[36m/>\u001b[39m\n          \u001b[36m</svg>\u001b[39m\n        \u001b[36m</button>\u001b[39m\n        \u001b[36m<p\u001b[39m\n          \u001b[33mclass\u001b[39m=\u001b[32m\"text-center text-muted\"\u001b[39m\n        \u001b[36m>\u001b[39m\n          \u001b[0mDon't have an account?\u001b[0m\n          \u001b[0m \u001b[0m\n          \u001b[36m<button\u001b[39m\n            \u001b[33mclass\u001b[39m=\u001b[32m\"text-primary-600 dark:text-primary-400 font-semibold hover:underline\"\u001b[39m\n            \u001b[33mtype\u001b[39m=\u001b[32m\"button\"\u001b[39m\n          \u001b[36m>\u001b[39m\n            \u001b[0mCreate account\u001b[0m\n          \u001b[36m</button>\u001b[39m\n        \u001b[36m</p>\u001b[39m\n      \u001b[36m</form>\u001b[39m\n    \u001b[36m</div>\u001b[39m\n  \u001b[36m</div>\u001b[39m\n\u001b[36m</body>\u001b[39m\n    at Proxy.waitForWrapper (C:\\Users\\pc\\Desktop\\khedma-tn\\node_modules\\@testing-library\\dom\\dist\\wait-for.js:163:27)\n    at C:/Users/pc/Desktop/khedma-tn/src/components/auth/__tests__/LoginForm.test.tsx:161:19\n    at file:///C:/Users/pc/Desktop/khedma-tn/node_modules/@vitest/runner/dist/index.js:145:11\n    at file:///C:/Users/pc/Desktop/khedma-tn/node_modules/@vitest/runner/dist/index.js:915:26\n    at file:///C:/Users/pc/Desktop/khedma-tn/node_modules/@vitest/runner/dist/index.js:1243:20\n    at new Promise (<anonymous>)\n    at runWithTimeout (file:///C:/Users/pc/Desktop/khedma-tn/node_modules/@vitest/runner/dist/index.js:1209:10)\n    at file:///C:/Users/pc/Desktop/khedma-tn/node_modules/@vitest/runner/dist/index.js:1653:37\n    at Traces.$ (file:///C:/Users/pc/Desktop/khedma-tn/node_modules/vitest/dist/chunks/traces.CCmnQaNT.js:142:27)\n    at trace (file:///C:/Users/pc/Desktop/khedma-tn/node_modules/vitest/dist/chunks/test.B8ej_ZHS.js:239:21)"],"meta":{}}],"startTime":1774553863107,"endTime":1774553866547.7827,"status":"failed","message":"","name":"C:/Users/pc/Desktop/khedma-tn/src/components/auth/__tests__/LoginForm.test.tsx"},{"assertionResults":[{"ancestorTitles":["SignupForm","Rendering"],"fullName":"SignupForm Rendering should render email step initially","status":"passed","title":"should render email step initially","duration":150.00780000000032,"failureMessages":[],"meta":{}},{"ancestorTitles":["SignupForm","Rendering"],"fullName":"SignupForm Rendering should render all required input fields","status":"passed","title":"should render all required input fields","duration":52.57690000000002,"failureMessages":[],"meta":{}},{"ancestorTitles":["SignupForm","Rendering"],"fullName":"SignupForm Rendering should render Google OAuth button","status":"passed","title":"should render Google OAuth button","duration":44.770300000000134,"failureMessages":[],"meta":{}},{"ancestorTitles":["SignupForm","Form Fields"],"fullName":"SignupForm Form Fields should have password field with password type","status":"passed","title":"should have password field with password type","duration":41.90470000000005,"failureMessages":[],"meta":{}},{"ancestorTitles":["SignupForm","Form Fields"],"fullName":"SignupForm Form Fields should have email field with email type","status":"passed","title":"should have email field with email type","duration":29.56880000000001,"failureMessages":[],"meta":{}},{"ancestorTitles":["SignupForm","Form Fields"],"fullName":"SignupForm Form Fields should have confirm password field","status":"passed","title":"should have confirm password field","duration":47.41749999999956,"failureMessages":[],"meta":{}},{"ancestorTitles":["SignupForm","Successful Submission"],"fullName":"SignupForm Successful Submission should call signUp on valid form submission","status":"passed","title":"should call signUp on valid form submission","duration":1148.3914000000004,"failureMessages":[],"meta":{}}],"startTime":1774553865788,"endTime":1774553867303.3914,"status":"passed","message":"","name":"C:/Users/pc/Desktop/khedma-tn/src/components/auth/__tests__/SignupForm.test.tsx"},{"assertionResults":[{"ancestorTitles":["NotificationBell"],"fullName":"NotificationBell loads notifications, marks reads, and reacts to realtime inserts","status":"passed","title":"loads notifications, marks reads, and reacts to realtime inserts","duration":268.3166000000001,"failureMessages":[],"meta":{}},{"ancestorTitles":["NotificationBell"],"fullName":"NotificationBell handles empty and error states cleanly","status":"passed","title":"handles empty and error states cleanly","duration":40.78070000000025,"failureMessages":[],"meta":{}}],"startTime":1774553864826,"endTime":1774553865135.7808,"status":"passed","message":"","name":"C:/Users/pc/Desktop/khedma-tn/src/components/ui/__tests__/NotificationBell.test.tsx"}]}